  [Restored contents truncated]

56
29/03/2016
5/04/2016

57
14/03/2016
29/03/2016

58
9/03/2016
14/03/2016

59
6/03/2016
9/03/2016

60
5/03/2016
6/03/2016

61
3/03/2016
5/03/2016

62
1/03/2016
3/03/2016

63
20/02/2016
1/03/2016

64
9/02/2016
20/02/2016

65
29/01/2016
9/02/2016

66
10/01/2016
29/01/2016

67
25/01/2016
28/01/2016

68
23/01/2016
25/01/2016

69
16/01/2016
23/01/2016

70
13/01/2016
16/01/2016

71
5/01/2016
13/01/2016

72
2/01/2016
5/01/2016

73
1/01/2016
2/01/2016

74
29/12/2015
1/01/2016

75
23/12/2015
29/12/2015

76
22/12/2015
23/12/2015

77
21/12/2015
22/12/2015

78
7/12/2015
21/12/2015

79
4/12/2015
7/12/2015

80
25/11/2015
4/12/2015

81
24/11/2015
25/11/2015

82
23/11/2015
24/11/2015

83
19/11/2015
23/11/2015

84
17/11/2015
19/11/2015

85
20/09/2015
17/11/2015

86
11/11/2015
15/11/2015

87
28/10/2015
11/11/2015

88
26/09/2015
28/10/2015

89
25/09/2015
26/09/2015

90
24/09/2015
25/09/2015

91
23/09/2015
24/09/2015

92
19/09/2015
23/09/2015

93
11/09/2015
19/09/2015

94
2/09/2015
11/09/2015

95
30/08/2015
2/09/2015

96
29/08/2015
30/08/2015

97
22/08/2015
29/08/2015

98
16/08/2015
22/08/2015

99
23/07/2015
16/08/2015

100
15/07/2015
24/07/2015

101
8/07/2015
15/07/2015

102
5/07/2015
8/07/2015

103
29/06/2015
5/07/2015

104
28/06/2015
29/06/2015

105
26/06/2015
28/06/2015

106
21/06/2015
26/06/2015

107
20/06/2015
21/06/2015

108
19/06/2015
20/06/2015

109
18/06/2015
19/06/2015

110
16/06/2015
18/06/2015

111
11/06/2015
16/06/2015

112
10/06/2015
11/06/2015

113
9/06/2015
10/06/2015

114
8/06/2015
9/06/2015

115
6/06/2015
8/06/2015

116
5/06/2015
6/06/2015

117
3/06/2015
5/06/2015

118
2/06/2015
3/06/2015

119
1/06/2015
2/06/2015

120
11/05/2015
1/06/2015

121
17/05/2015
18/05/2015

122
16/04/2015
17/05/2015

123
15/04/2015
19/04/2015

124
31/01/2015
15/04/2015

125
30/01/2015
1/02/2015

126
29/01/2015
30/01/2015

127
7/01/2015
29/01/2015

128
30/12/2014
7/01/2015

129
29/12/2014
30/12/2014

130
24/11/2014
29/12/2014

131
22/11/2014
24/11/2014

132
11/11/2014
23/11/2014

133
14/10/2014
11/11/2014

134
9/10/2014
14/10/2014

135
8/10/2014
10/10/2014

136
4/10/2014
8/10/2014

137
3/10/2014
4/10/2014

138
29/09/2014
3/10/2014

139
27/09/2014
29/09/2014

140
8/09/2014
27/09/2014

141
29/07/2014
8/09/2014

142
24/07/2014
29/07/2014

143
8/07/2014
24/07/2014

144
2/07/2014
8/07/2014

145
5/06/2014
2/07/2014

146
3/06/2014
5/06/2014

147
2/06/2014
3/06/2014

148
30/05/2014
2/06/2014

149
29/05/2014
30/05/2014

150
22/05/2014
29/05/2014

151
28/04/2014
22/05/2014

152
19/03/2014
2/05/2014

153
14/03/2014
19/03/2014

154
13/03/2014
14/03/2014

155
5/03/2014
13/03/2014

156
3/03/2014
5/03/2014

157
21/02/2014
3/03/2014

158
2/02/2014
21/02/2014

159
10/02/2014
20/02/2014

160
1/02/2014
10/02/2014

161
31/01/2014
1/02/2014

162
30/01/2014
31/01/2014

163
23/01/2014
30/01/2014

164
19/01/2014
23/01/2014

165
14/01/2014
19/01/2014

166
8/12/2013
14/01/2014

167
10/11/2013
8/12/2013

168
7/11/2013
10/11/2013

169
4/11/2013
7/11/2013

170
31/10/2013
4/11/2013

171
10/09/2013
31/10/2013

172
9/09/2013
10/09/2013

173
17/08/2013
9/09/2013

174
8/08/2013
17/08/2013

175
7/08/2013
8/08/2013

176
5/08/2013
7/08/2013

177
12/07/2013
5/08/2013

178
8/07/2013
12/07/2013

179
25/06/2013
8/07/2013

180
24/05/2013
25/06/2013

181
26/05/2013
27/05/2013

182
20/05/2013
26/05/2013

183
18/05/2013
20/05/2013

184
13/05/2013
18/05/2013

185
12/05/2013
13/05/2013

186
11/05/2013
12/05/2013

187
10/05/2013
11/05/2013

188
9/05/2013
10/05/2013

189
8/05/2013
9/05/2013

190
3/05/2013
8/05/2013

191
1/05/2013
3/05/2013

192
11/04/2013
1/05/2013

193
27/03/2013
11/04/2013

194
19/03/2013
27/03/2013

195
14/03/2013
19/03/2013

196
12/03/2013
14/03/2013

197
10/03/2013
12/03/2013

198
7/03/2013
10/03/2013

199
27/02/2013
7/03/2013

200
24/02/2013
27/02/2013

201
22/02/2013
24/02/2013

202
19/02/2013
22/02/2013

203
18/02/2013
19/02/2013

204
14/02/2013
18/02/2013

205
13/02/2013
14/02/2013

206
30/11/2012
13/02/2013

207
19/12/2012
20/12/2012

208
18/12/2012
19/12/2012

209
17/12/2012
18/12/2012

210
10/12/2012
17/12/2012

211
29/10/2012
10/12/2012


Number of file in interval 1: 474
build project
running GRADLE
build project
running GRADLE
completed: 791 skipped: 8 failures: 0 errors: 0
completed: 791 skipped: 8 failures: 0 errors: 0
2583d360fa39792f87faf7f69afefaadf3944536
MATCHED
0
1
build project
running GRADLE
completed: 791 skipped: 8 failures: 0 errors: 0
completed: 791 skipped: 8 failures: 0 errors: 0
9562b46c222aeac64daa9539b2fcbcb3fb1d9184
MATCHED
1
2
build project
running GRADLE
completed: 791 skipped: 8 failures: 0 errors: 0
completed: 791 skipped: 8 failures: 1 errors: 0
3
build project
running GRADLE
completed: 791 skipped: 8 failures: 1 errors: 0
completed: 791 skipped: 8 failures: 0 errors: 0
4
build project
running GRADLE
completed: 791 skipped: 8 failures: 0 errors: 0
completed: 791 skipped: 8 failures: 0 errors: 0
68126409cf93d58f65fc960f72817343053759ba
MATCHED
4
5
build project
running GRADLE
completed: 791 skipped: 8 failures: 0 errors: 0
completed: 791 skipped: 8 failures: 0 errors: 0
d74cc59baba3733cea5f7063f659ec167056a72a
MATCHED
5
6
build project
running GRADLE
completed: 791 skipped: 8 failures: 0 errors: 0
completed: 791 skipped: 8 failures: 0 errors: 0
576f23dae73814b23787322d8f663c4421af8939
MATCHED
6
7
build project
running GRADLE
completed: 791 skipped: 8 failures: 0 errors: 0
completed: 791 skipped: 8 failures: 0 errors: 0
b377663c2863410a752300cc1ce039ddf5322c04
MATCHED
7
8
build project
running GRADLE
completed: 791 skipped: 8 failures: 0 errors: 0
completed: 791 skipped: 8 failures: 0 errors: 0
65de04d1da61f9e8124956f6fff8902fc81d05e2
MATCHED
8
9
build project
running GRADLE
completed: 791 skipped: 8 failures: 0 errors: 0
completed: 791 skipped: 8 failures: 0 errors: 0
56e15f806198c18a17dc3407a013fcc1652f1b01
MATCHED
9
10
build project
running GRADLE
completed: 791 skipped: 8 failures: 0 errors: 0
completed: 791 skipped: 8 failures: 1 errors: 0
11
build project
running GRADLE
completed: 791 skipped: 8 failures: 1 errors: 0
completed: 791 skipped: 8 failures: 0 errors: 0
12
build project
running GRADLE
completed: 791 skipped: 8 failures: 0 errors: 0
completed: 791 skipped: 8 failures: 0 errors: 0
bc119896a328cb314df279b26cc68eebd19c4b31
MATCHED
12
13
build project
running GRADLE
completed: 791 skipped: 8 failures: 0 errors: 0
completed: 791 skipped: 8 failures: 0 errors: 0
dd6d7abc7eb41435ef291243e12fce19f8d4471c
MATCHED
13
14
build project
running GRADLE
completed: 791 skipped: 8 failures: 0 errors: 0
completed: 791 skipped: 8 failures: 0 errors: 0
c6f21c3c3cd0b101e924bd2ba11a4774a3d96695
MATCHED
14
15
build project
running GRADLE
completed: 791 skipped: 8 failures: 0 errors: 0
completed: 791 skipped: 8 failures: 0 errors: 0
6116b581e50b80b7f60dd74b9ebc7ac1a3c9288a
MATCHED
15
16
build project
running GRADLE
completed: 791 skipped: 8 failures: 0 errors: 0
completed: 791 skipped: 8 failures: 1 errors: 0
17
build project
running GRADLE
completed: 791 skipped: 8 failures: 1 errors: 0
completed: 791 skipped: 8 failures: 0 errors: 0
18
build project
running GRADLE
completed: 791 skipped: 8 failures: 0 errors: 0
completed: 791 skipped: 8 failures: 0 errors: 0
f62316b74b862900abcd1ed1d5a12d01b01d3a3b
MATCHED
18
19
build project
running GRADLE
completed: 791 skipped: 8 failures: 0 errors: 0
completed: 791 skipped: 8 failures: 0 errors: 0
abbc36f5bdd593b7ca5c14d1b633d851b2174f94
MATCHED
19
20
build project
running GRADLE
completed: 791 skipped: 8 failures: 0 errors: 0
completed: 791 skipped: 8 failures: 0 errors: 0
b1a903eb74691c86ff837c4bc88d0bc30f146b87
MATCHED
20
21
build project
running GRADLE
completed: 791 skipped: 8 failures: 0 errors: 0
completed: 791 skipped: 8 failures: 0 errors: 0
bd33a5da186aa6f5365e78e27eb0292b1b8b1bff
MATCHED
21
22
build project
running GRADLE
completed: 791 skipped: 8 failures: 0 errors: 0
completed: 791 skipped: 8 failures: 1 errors: 0
23
build project
running GRADLE
completed: 791 skipped: 8 failures: 1 errors: 0
completed: 791 skipped: 8 failures: 0 errors: 0
24
build project
running GRADLE
completed: 791 skipped: 8 failures: 0 errors: 0
completed: 791 skipped: 8 failures: 0 errors: 0
467764b9761f800ce6e227f6f14b38ec47c09365
MATCHED
24
25
build project
running GRADLE
completed: 791 skipped: 8 failures: 0 errors: 0
completed: 791 skipped: 8 failures: 0 errors: 0
ab1d46dd871decf8432b49c238806785cbfcc845
MATCHED
25
26
build project
running GRADLE
completed: 791 skipped: 8 failures: 0 errors: 0
completed: 791 skipped: 8 failures: 0 errors: 0
f68ceb45ac44878dfac7dc4d5f61b6de86b83659
MATCHED
26
27
build project
running GRADLE
completed: 791 skipped: 8 failures: 0 errors: 0
completed: 791 skipped: 8 failures: 0 errors: 0
1078fd1baf9061d30e519c8a3944349132070db0
MATCHED
27
28
build project
running GRADLE
completed: 791 skipped: 8 failures: 0 errors: 0
completed: 791 skipped: 8 failures: 0 errors: 0
16205e9c60708183a5bdca923f2bd723636d57a9
MATCHED
28
29
build project
running GRADLE
completed: 791 skipped: 8 failures: 0 errors: 0
completed: 791 skipped: 8 failures: 0 errors: 0
9710e643f020c8b78ef3061992ffc04aafc087a3
MATCHED
29
30
build project
running GRADLE
completed: 791 skipped: 8 failures: 0 errors: 0
completed: 791 skipped: 8 failures: 0 errors: 0
8e3843137902997c087bb62683a39e3bd21b1a58
MATCHED
30
31
build project
running GRADLE
completed: 791 skipped: 8 failures: 0 errors: 0
completed: 791 skipped: 8 failures: 0 errors: 0
b570461655d0926705fdd6a6135cad951746458d
MATCHED
31
32
build project
running GRADLE
completed: 791 skipped: 8 failures: 0 errors: 0
completed: 791 skipped: 8 failures: 0 errors: 0
2fe519b45d0906b1d34e991ea11d655e463044a6
MATCHED
32
33
build project
running GRADLE
completed: 791 skipped: 8 failures: 0 errors: 0
completed: 791 skipped: 8 failures: 0 errors: 0
d80636923c595ed665adc6066f1377a6a1304f6a
MATCHED
33
34
build project
running GRADLE
completed: 791 skipped: 8 failures: 0 errors: 0
completed: 791 skipped: 8 failures: 0 errors: 0
c301cc8b42a7bd12c17572a716e3fc6394b95f66
MATCHED
34
35
build project
running GRADLE
completed: 791 skipped: 8 failures: 0 errors: 0
completed: 790 skipped: 8 failures: 0 errors: 0
36
build project
running GRADLE
completed: 790 skipped: 8 failures: 0 errors: 0
completed: 790 skipped: 8 failures: 0 errors: 0
bcf07d0dffefb4ca1a33d431f5d38cab888b7d11
MATCHED
36
37
build project
running GRADLE
completed: 790 skipped: 8 failures: 0 errors: 0
completed: 790 skipped: 8 failures: 0 errors: 0
88dff564e4e764a56730f1224c3d685e520e2aee
MATCHED
37
38
build project
running GRADLE
completed: 790 skipped: 8 failures: 0 errors: 0
completed: 790 skipped: 8 failures: 0 errors: 0
ade4f544b2eced866ec07c0ae995801b709e2d8a
MATCHED
38
39
build project
running GRADLE
completed: 790 skipped: 8 failures: 0 errors: 0
completed: 790 skipped: 8 failures: 0 errors: 0
6ad5751559ff9cbdf8db52c78dff53a4d225c87f
MATCHED
39
40
build project
running GRADLE
completed: 790 skipped: 8 failures: 0 errors: 0
completed: 790 skipped: 8 failures: 0 errors: 0
6db64f2b6120b7ad053face6349ca8f951da3d0f
MATCHED
40
41
build project
running GRADLE
completed: 790 skipped: 8 failures: 0 errors: 0
completed: 790 skipped: 8 failures: 0 errors: 0
3cd5de781d88fca380de149641ae6723bcf937ea
MATCHED
41
42
build project
running GRADLE
completed: 790 skipped: 8 failures: 0 errors: 0
completed: 790 skipped: 8 failures: 0 errors: 0
a3899f234e7b71fa49ff4a016c7826c59b6d6979
MATCHED
42
43
build project
running GRADLE
completed: 790 skipped: 8 failures: 0 errors: 0
completed: 790 skipped: 8 failures: 0 errors: 0
63cf3e66c4b661170a34a396e9be8a2a01c0e57f
MATCHED
43
44
build project
running GRADLE
completed: 790 skipped: 8 failures: 0 errors: 0
completed: 800 skipped: 8 failures: 0 errors: 0
45
build project
running GRADLE
completed: 800 skipped: 8 failures: 0 errors: 0
completed: 800 skipped: 8 failures: 0 errors: 0
084087f2ec8eb411eb25c741c73cb1a7fafa024f
MATCHED
45
46
build project
running GRADLE
completed: 800 skipped: 8 failures: 0 errors: 0
completed: 800 skipped: 8 failures: 0 errors: 0
8160ec251a3b50b7ab6bb6b3ad84885a7bcc8794
MATCHED
46
47
build project
running GRADLE
completed: 800 skipped: 8 failures: 0 errors: 0
completed: 800 skipped: 8 failures: 0 errors: 0
108fe23964b986107aed352ba467cd2007d15208
MATCHED
47
48
build project
running GRADLE
completed: 800 skipped: 8 failures: 0 errors: 0
completed: 800 skipped: 8 failures: 0 errors: 0
ee71a6858dfddcc4650f6ff4d71112911bdf6ca7
MATCHED
48
49
build project
running GRADLE
completed: 800 skipped: 8 failures: 0 errors: 0
completed: 800 skipped: 8 failures: 0 errors: 0
9ebfa3a4b473d7547f8e58cf058f0b9f860e98b4
MATCHED
49
50
build project
running GRADLE

BUILD SUCCESSFUL in 2h 40m 36s
2 actionable tasks: 1 executed, 1 up-to-date
Siwats-Macbook:analyser Siwat$ ls
#History.md#	gitProjects	reports
History.md	gradle		settings.gradle
README.md	gradlew
app		gradlew.bat
Siwats-Macbook:analyser Siwat$ cd ..
Siwats-Macbook:CS Siwat$ ls
analyser
Siwats-Macbook:CS Siwat$ cd analyser/
Siwats-Macbook:analyser Siwat$ cd gitProjects/
Siwats-Macbook:gitProjects Siwat$ ls
AndroidUtilCode	butterknife	guava
EventBus	dubbo		retrofit
RxJava		glide		zxing
Siwats-Macbook:gitProjects Siwat$ rm -rf retrofit/
Siwats-Macbook:gitProjects Siwat$ rm -rf dubbo/
Siwats-Macbook:gitProjects Siwat$ git clone https://github.com/facebook/fresco.git
Cloning into 'fresco'...
remote: Enumerating objects: 65, done.
remote: Counting objects: 100% (65/65), done.
remote: Compressing objects: 100% (41/41), done.
Receiving objects:   1% (706/70585), 124.01 KiB | 239.Receiving objects:   2% (1412/70585), 124.01 KiB | 239Receiving objects:   3% (2118/70585), 124.01 KiB | 239Receiving objects:   3% (2129/70585), 724.01 KiB | 705Receiving objects:   4% (2824/70585), 724.01 KiB | 705Receiving objects:   5% (3530/70585), 724.01 KiB | 705Receiving objects:   6% (4236/70585), 724.01 KiB | 705Receiving objects:   7% (4941/70585), 724.01 KiB | 705Receiving objects:   8% (5647/70585), 724.01 KiB | 705Receiving objects:   8% (6049/70585), 5.68 MiB | 2.80 Receiving objects:   8% (6085/70585), 8.79 MiB | 3.48 Receiving objects:   8% (6105/70585), 17.42 MiB | 4.94Receiving objects:   8% (6132/70585), 29.89 MiB | 6.57Receiving objects:   9% (6353/70585), 29.89 MiB | 6.57Receiving objects:  10% (7059/70585), 29.89 MiB | 6.57Receiving objects:  11% (7765/70585), 29.89 MiB | 6.57Receiving objects:  12% (8471/70585), 34.73 MiB | 7.50Receiving objects:  13% (9177/70585), 34.73 MiB | 7.50Receiving objects:  14% (9882/70585), 34.73 MiB | 7.50Receiving objects:  15% (10588/70585), 34.73 MiB | 7.5Receiving objects:  16% (11294/70585), 34.73 MiB | 7.5Receiving objects:  17% (12000/70585), 34.73 MiB | 7.5Receiving objects:  18% (12706/70585), 34.73 MiB | 7.5Receiving objects:  19% (13412/70585), 34.73 MiB | 7.5Receiving objects:  19% (13832/70585), 34.73 MiB | 7.5Receiving objects:  20% (14117/70585), 34.73 MiB | 7.5Receiving objects:  21% (14823/70585), 34.73 MiB | 7.5Receiving objects:  22% (15529/70585), 38.56 MiB | 7.7Receiving objects:  23% (16235/70585), 38.56 MiB | 7.7Receiving objects:  24% (16941/70585), 38.56 MiB | 7.7Receiving objects:  25% (17647/70585), 38.56 MiB | 7.7Receiving objects:  26% (18353/70585), 38.56 MiB | 7.7Receiving objects:  27% (19058/70585), 38.56 MiB | 7.7Receiving objects:  28% (19764/70585), 38.56 MiB | 7.7Receiving objects:  29% (20470/70585), 38.56 MiB | 7.7Receiving objects:  30% (21176/70585), 38.56 MiB | 7.7Receiving objects:  31% (21882/70585), 38.56 MiB | 7.7Receiving objects:  32% (22588/70585), 38.56 MiB | 7.7Receiving objects:  33% (23294/70585), 38.56 MiB | 7.7Receiving objects:  34% (23999/70585), 38.56 MiB | 7.7Receiving objects:  35% (24705/70585), 41.56 MiB | 7.7Receiving objects:  35% (24824/70585), 41.56 MiB | 7.7Receiving objects:  36% (25411/70585), 41.56 MiB | 7.7Receiving objects:  37% (26117/70585), 41.56 MiB | 7.7Receiving objects:  38% (26823/70585), 41.56 MiB | 7.7Receiving objects:  39% (27529/70585), 46.59 MiB | 8.2Receiving objects:  40% (28234/70585), 46.59 MiB | 8.2Receiving objects:  41% (28940/70585), 46.59 MiB | 8.2Receiving objects:  42% (29646/70585), 46.59 MiB | 8.2Receiving objects:  43% (30352/70585), 46.59 MiB | 8.2Receiving objects:  44% (31058/70585), 46.59 MiB | 8.2Receiving objects:  45% (31764/70585), 46.59 MiB | 8.2Receiving objects:  46% (32470/70585), 46.59 MiB | 8.2Receiving objects:  47% (33175/70585), 46.59 MiB | 8.2Receiving objects:  48% (33881/70585), 46.59 MiB | 8.2Receiving objects:  49% (34587/70585), 46.59 MiB | 8.2Receiving objects:  50% (35293/70585), 46.59 MiB | 8.2Receiving objects:  51% (35999/70585), 50.52 MiB | 8.1Receiving objects:  52% (36705/70585), 50.52 MiB | 8.1Receiving objects:  53% (37411/70585), 50.52 MiB | 8.1Receiving objects:  54% (38116/70585), 50.52 MiB | 8.1Receiving objects:  55% (38822/70585), 50.52 MiB | 8.1Receiving objects:  56% (39528/70585), 50.52 MiB | 8.1Receiving objects:  57% (40234/70585), 50.52 MiB | 8.1Receiving objects:  58% (40940/70585), 50.52 MiB | 8.1Receiving objects:  59% (41646/70585), 50.52 MiB | 8.1Receiving objects:  60% (42351/70585), 50.52 MiB | 8.1Receiving objects:  61% (43057/70585), 50.52 MiB | 8.1Receiving objects:  62% (43763/70585), 50.52 MiB | 8.1Receiving objects:  63% (44469/70585), 50.52 MiB | 8.1Receiving objects:  64% (45175/70585), 50.52 MiB | 8.1Receiving objects:  65% (45881/70585), 50.52 MiB | 8.1Receiving objects:  66% (46587/70585), 50.52 MiB | 8.1Receiving objects:  67% (47292/70585), 50.52 MiB | 8.1Receiving objects:  68% (47998/70585), 50.52 MiB | 8.1Receiving objects:  69% (48704/70585), 50.52 MiB | 8.1Receiving objects:  70% (49410/70585), 50.52 MiB | 8.1Receiving objects:  71% (50116/70585), 50.52 MiB | 8.1Receiving objects:  72% (50822/70585), 50.52 MiB | 8.1Receiving objects:  73% (51528/70585), 50.52 MiB | 8.1Receiving objects:  74% (52233/70585), 50.52 MiB | 8.1Receiving objects:  74% (52458/70585), 50.52 MiB | 8.1Receiving objects:  75% (52939/70585), 56.21 MiB | 8.4Receiving objects:  76% (53645/70585), 56.21 MiB | 8.4Receiving objects:  77% (54351/70585), 62.15 MiB | 8.7Receiving objects:  78% (55057/70585), 62.15 MiB | 8.7Receiving objects:  79% (55763/70585), 62.15 MiB | 8.7Receiving objects:  80% (56468/70585), 62.15 MiB | 8.7Receiving objects:  81% (57174/70585), 62.15 MiB | 8.7Receiving objects:  82% (57880/70585), 62.15 MiB | 8.7Receiving objects:  83% (58586/70585), 62.15 MiB | 8.7Receiving objects:  84% (59292/70585), 62.15 MiB | 8.7Receiving objects:  85% (59998/70585), 62.15 MiB | 8.7Receiving objects:  86% (60704/70585), 62.15 MiB | 8.7Receiving objects:  87% (61409/70585), 62.15 MiB | 8.7Receiving objects:  88% (62115/70585), 62.15 MiB | 8.7Receiving objects:  89% (62821/70585), 62.15 MiB | 8.7Receiving objects:  90% (63527/70585), 62.15 MiB | 8.7Receiving objects:  91% (64233/70585), 62.15 MiB | 8.7Receiving objects:  92% (64939/70585), 62.15 MiB | 8.7Receiving objects:  93% (65645/70585), 62.15 MiB | 8.7Receiving objects:  94% (66350/70585), 62.15 MiB | 8.7Receiving objects:  94% (67037/70585), 62.15 MiB | 8.7Receiving objects:  95% (67056/70585), 62.15 MiB | 8.7Receiving objects:  96% (67762/70585), 67.53 MiB | 9.0Receiving objects:  97% (68468/70585), 67.53 MiB | 9.0Receiving objects:  98% (69174/70585), 67.53 MiB | 9.0Receiving objects:  99% (69880/70585), 67.53 MiB | 9.0remote: Total 70585 (delta 3), reused 42 (delta 2), pack-reused 70520
Receiving objects: 100% (70585/70585), 67.53 MiB | 9.0Receiving objects: 100% (70585/70585), 70.51 MiB | 7.46 MiB/s, done.
Resolving deltas: 100% (37292/37292), done.
Siwats-Macbook:gitProjects Siwat$ ls
AndroidUtilCode	butterknife	guava
EventBus	fresco		zxing
RxJava		glide
Siwats-Macbook:gitProjects Siwat$ cd fresco/
Siwats-Macbook:fresco Siwat$ ./gradlew clean --continue test
Downloading https://services.gradle.org/distributions/gradle-6.7.1-bin.zip
.........10%..........20%..........30%..........40%..........50%.........60%..........70%..........80%..........90%..........100%

Welcome to Gradle 6.7.1!

Here are the highlights of this release:
 - File system watching is ready for production use
 - Declare the version of Java your build requires
 - Java 15 support

For more details see https://docs.gradle.org/6.7.1/release-notes.html

Starting a Gradle Daemon (subsequent builds will be faster)

> Task :buildSrc:compileKotlin
The `kotlin-dsl` plugin applied to project ':buildSrc' enables experimental Kotlin compiler features. For more information see https://docs.gradle.org/6.7.1/userguide/kotlin_dsl.html#sec:kotlin-dsl_plugin

> Task :buildSrc:jar
:jar: No valid plugin descriptors were found in META-INF/gradle-plugins

> Configure project :animated-base
WARNING: API 'variant.getJavaCompile()' is obsolete and has been replaced with 'variant.getJavaCompileProvider()'.
It will be removed in version 5.0 of the Android Gradle plugin.
For more information, see https://d.android.com/r/tools/task-configuration-avoidance.
To determine what is calling variant.getJavaCompile(), use -Pandroid.debug.obsoleteApi=true on the command line to display more information.

FAILURE: Build failed with an exception.

* What went wrong:
A problem occurred configuring project ':animated-base'.
> SDK location not found. Define location with an ANDROID_SDK_ROOT environment variable or by setting the sdk.dir path in your project's local properties file at '/Users/SiwatChairattanamanokorn/Desktop/CS/analyser/gitProjects/fresco/local.properties'.

* Try:
Run with --stacktrace option to get the stack trace. Run with --info or --debug option to get more log output. Run with --scan to get full insights.

* Get more help at https://help.gradle.org

Deprecated Gradle features were used in this build, making it incompatible with Gradle 7.0.
Use '--warning-mode all' to show the individual deprecation warnings.
See https://docs.gradle.org/6.7.1/userguide/command_line_interface.html#sec:command_line_warnings

BUILD FAILED in 2m 43s
Siwats-Macbook:fresco Siwat$ ./gradlew clean --continue test

> Configure project :animated-base
WARNING: API 'variant.getJavaCompile()' is obsolete and has been replaced with 'variant.getJavaCompileProvider()'.
It will be removed in version 5.0 of the Android Gradle plugin.
For more information, see https://d.android.com/r/tools/task-configuration-avoidance.
To determine what is calling variant.getJavaCompile(), use -Pandroid.debug.obsoleteApi=true on the command line to display more information.

> Task :animated-gif:ndk_clean_gifimage FAILED
> Task :imagepipeline-native:ndk_clean_bitmaps FAILED
> Task :imagepipeline-native:ndk_clean_imagepipeline FAILED
> Task :imagepipeline-native:ndk_clean_memchunk FAILED
> Task :native-filters:ndk_clean_filters FAILED
> Task :native-filters:ndk_clean_native-filters FAILE
> Task :native-imagetranscoder:ndk_clean_native-imagetranscoder FAILED
> Task :static-webp:ndk_clean_static-webp FAILED

> Task :fbcore:compileDebugJavaWithJavac
Note: Some input files use or override a deprecated API.
Note: Recompile with -Xlint:deprecation for details.
Note: Some input files use unchecked or unsafe operations.
Note: Recompile with -Xlint:unchecked for details.

> Task :imagepipeline-native:ndk_build_bitmaps FAILED
> Task :imagepipeline-native:ndk_build_imagepipeline FAILED
> Task :imagepipeline-native:ndk_build_memchunk FAILE

> Task :imagepipeline-base:compileDebugJavaWithJavac
Note: /Users/SiwatChairattanamanokorn/Desktop/CS/analyser/gitProjects/fresco/imagepipeline-base/src/main/java/com/facebook/cache/disk/DefaultDiskStorage.java uses or overrides a deprecated API.
Note: Recompile with -Xlint:deprecation for details.
Note: Some input files use unchecked or unsafe operations.
Note: Recompile with -Xlint:unchecked for details.

> Task :ui-common:compileDebugJavaWithJavac
Note: /Users/SiwatChairattanamanokorn/Desktop/CS/analyser/gitProjects/fresco/ui-common/src/main/java/com/facebook/fresco/ui/common/BaseControllerListener2.java uses unchecked or unsafe operations.
Note: Recompile with -Xlint:unchecked for details.

> Task :imagepipeline:compileDebugJavaWithJavac
Note: Some input files use or override a deprecated API.
Note: Recompile with -Xlint:deprecation for details.
Note: Some input files use unchecked or unsafe operations.
Note: Recompile with -Xlint:unchecked for details.

> Task :fbcore:compileReleaseJavaWithJavac
Note: Some input files use or override a deprecated API.
Note: Recompile with -Xlint:deprecation for details.
Note: Some input files use unchecked or unsafe operations.
Note: Recompile with -Xlint:unchecked for details.

> Task :imagepipeline-base:compileReleaseJavaWithJava
Note: /Users/SiwatChairattanamanokorn/Desktop/CS/analyser/gitProjects/fresco/imagepipeline-base/src/main/java/com/facebook/cache/disk/DefaultDiskStorage.java uses or overrides a deprecated API.
Note: Recompile with -Xlint:deprecation for details.
Note: Some input files use unchecked or unsafe operations.
Note: Recompile with -Xlint:unchecked for details.

> Task :imagepipeline:compileReleaseJavaWithJavac
Note: Some input files use or override a deprecated API.
Note: Recompile with -Xlint:deprecation for details.
Note: Some input files use unchecked or unsafe operations.
Note: Recompile with -Xlint:unchecked for details.

> Task :ui-common:compileReleaseJavaWithJavac
Note: /Users/SiwatChairattanamanokorn/Desktop/CS/analyser/gitProjects/fresco/ui-common/src/main/java/com/facebook/fresco/ui/common/BaseControllerListener2.java uses unchecked or unsafe operations.
Note: Recompile with -Xlint:unchecked for details.

> Task :animated-gif:downloadGiflib
Download https://sourceforge.net/projects/giflib/files/giflib-5.2.1.tar.gz/download

> Task :animated-gif:ndk_build_gifimage FAILED

> Task :static-webp:downloadLibjpeg
Download https://github.com/libjpeg-turbo/libjpeg-turbo/archive/1.5.3.tar.gz

> Task :static-webp:downloadLibpng
Download https://github.com/glennrp/libpng/archive/v1.6.37.tar.gz

> Task :static-webp:downloadLibwebp
Download https://github.com/webmproject/libwebp/archive/v1.0.0.tar.gz

> Task :static-webp:ndk_build_static-webp FAILED

> Task :fbcore:compileDebugUnitTestJavaWithJavac
Note: Some input files use or override a deprecated API.
Note: Recompile with -Xlint:deprecation for details.
Note: Some input files use unchecked or unsafe operations.
Note: Recompile with -Xlint:unchecked for details.

> Task :fbcore:compileReleaseUnitTestJavaWithJavac
Note: Some input files use or override a deprecated API.
Note: Recompile with -Xlint:deprecation for details.
Note: Some input files use unchecked or unsafe operations.
Note: Recompile with -Xlint:unchecked for details.

> Task :native-imagetranscoder:downloadLibjpeg
Download https://github.com/libjpeg-turbo/libjpeg-turbo/archive/1.5.3.tar.gz

> Task :native-imagetranscoder:ndk_build_native-imagetranscoder FAILED

> Task :imagepipeline-base:compileDebugUnitTestJavaWithJavac
Note: Some input files use or override a deprecated API.
Note: Recompile with -Xlint:deprecation for details.
Note: Some input files use unchecked or unsafe operations.
Note: Recompile with -Xlint:unchecked for details.

> Task :imagepipeline-base:compileReleaseUnitTestJavaWithJavac
Note: Some input files use or override a deprecated API.
Note: Recompile with -Xlint:deprecation for details.
Note: Some input files use unchecked or unsafe operations.
Note: Recompile with -Xlint:unchecked for details.

> Task :native-filters:ndk_build_filters FAILED
> Task :native-filters:ndk_build_native-filters FAILE
/Users/SiwatChairattanamanokorn/Desktop/CS/analyser/gitProjects/fresco/samples/showcase/build/intermediates/incremental/mergeInstantRunConfigDebugResources/merged.dir/values/values.xml:783: warn: multiple substitutions specified in non-positional format; did you mean to add the formatted="false" attribute?.
/Users/SiwatChairattanamanokorn/Desktop/CS/analyser/gitProjects/fresco/samples/showcase/build/intermediates/incremental/mergeInstantRunConfigDebugResources/merged.dir/values/values.xml:785: warn: multiple substitutions specified in non-positional format; did you mean to add the formatted="false" attribute?.
/Users/SiwatChairattanamanokorn/Desktop/CS/analyser/gitProjects/fresco/samples/showcase/build/intermediates/incremental/mergeInstantRunConfigDebugResources/merged.dir/values/values.xml:786: warn: multiple substitutions specified in non-positional format; did you mean to add the formatted="false" attribute?.
/Users/SiwatChairattanamanokorn/Desktop/CS/analyser/gitProjects/fresco/samples/showcase/build/intermediates/incremental/mergeInstantRunConfigDebugResources/merged.dir/values/values.xml:788: warn: multiple substitutions specified in non-positional format; did you mean to add the formatted="false" attribute?.
/Users/SiwatChairattanamanokorn/Desktop/CS/analyser/gitProjects/fresco/samples/showcase/build/intermediates/incremental/mergeInstantRunConfigDebugResources/merged.dir/values/values.xml:807: warn: multiple substitutions specified in non-positional format; did you mean to add the formatted="false" attribute?.

/Users/SiwatChairattanamanokorn/Desktop/CS/analyser/gitProjects/fresco/samples/showcase/build/intermediates/incremental/mergeInstantRunConfigInstrumentationResources/merged.dir/values/values.xml:783: warn: multiple substitutions specified in non-positional format; did you mean to add the formatted="false" attribute?.
/Users/SiwatChairattanamanokorn/Desktop/CS/analyser/gitProjects/fresco/samples/showcase/build/intermediates/incremental/mergeInstantRunConfigInstrumentationResources/merged.dir/values/values.xml:785: warn: multiple substitutions specified in non-positional format; did you mean to add the formatted="false" attribute?.
/Users/SiwatChairattanamanokorn/Desktop/CS/analyser/gitProjects/fresco/samples/showcase/build/intermediates/incremental/mergeInstantRunConfigInstrumentationResources/merged.dir/values/values.xml:786: warn: multiple substitutions specified in non-positional format; did you mean to add the formatted="false" attribute?.
/Users/SiwatChairattanamanokorn/Desktop/CS/analyser/gitProjects/fresco/samples/showcase/build/intermediates/incremental/mergeInstantRunConfigInstrumentationResources/merged.dir/values/values.xml:788: warn: multiple substitutions specified in non-positional format; did you mean to add the formatted="false" attribute?.
/Users/SiwatChairattanamanokorn/Desktop/CS/analyser/gitProjects/fresco/samples/showcase/build/intermediates/incremental/mergeInstantRunConfigInstrumentationResources/merged.dir/values/values.xml:807: warn: multiple substitutions specified in non-positional format; did you mean to add the formatted="false" attribute?.

/Users/SiwatChairattanamanokorn/Desktop/CS/analyser/gitProjects/fresco/samples/showcase/build/intermediates/incremental/mergeInstantRunConfigReleaseResources/merged.dir/values/values.xml:783: warn: multiple substitutions specified in non-positional format; did you mean to add the formatted="false" attribute?.
/Users/SiwatChairattanamanokorn/Desktop/CS/analyser/gitProjects/fresco/samples/showcase/build/intermediates/incremental/mergeInstantRunConfigReleaseResources/merged.dir/values/values.xml:785: warn: multiple substitutions specified in non-positional format; did you mean to add the formatted="false" attribute?.
/Users/SiwatChairattanamanokorn/Desktop/CS/analyser/gitProjects/fresco/samples/showcase/build/intermediates/incremental/mergeInstantRunConfigReleaseResources/merged.dir/values/values.xml:786: warn: multiple substitutions specified in non-positional format; did you mean to add the formatted="false" attribute?.
/Users/SiwatChairattanamanokorn/Desktop/CS/analyser/gitProjects/fresco/samples/showcase/build/intermediates/incremental/mergeInstantRunConfigReleaseResources/merged.dir/values/values.xml:788: warn: multiple substitutions specified in non-positional format; did you mean to add the formatted="false" attribute?.
/Users/SiwatChairattanamanokorn/Desktop/CS/analyser/gitProjects/fresco/samples/showcase/build/intermediates/incremental/mergeInstantRunConfigReleaseResources/merged.dir/values/values.xml:807: warn: multiple substitutions specified in non-positional format; did you mean to add the formatted="false" attribute?.

/Users/SiwatChairattanamanokorn/Desktop/CS/analyser/gitProjects/fresco/samples/showcase/build/intermediates/incremental/mergeInternalDebugResources/merged.dir/values/values.xml:783: warn: multiple substitutions specified in non-positional format; did you mean to add the formatted="false" attribute?.
/Users/SiwatChairattanamanokorn/Desktop/CS/analyser/gitProjects/fresco/samples/showcase/build/intermediates/incremental/mergeInternalDebugResources/merged.dir/values/values.xml:785: warn: multiple substitutions specified in non-positional format; did you mean to add the formatted="false" attribute?.
/Users/SiwatChairattanamanokorn/Desktop/CS/analyser/gitProjects/fresco/samples/showcase/build/intermediates/incremental/mergeInternalDebugResources/merged.dir/values/values.xml:786: warn: multiple substitutions specified in non-positional format; did you mean to add the formatted="false" attribute?.
/Users/SiwatChairattanamanokorn/Desktop/CS/analyser/gitProjects/fresco/samples/showcase/build/intermediates/incremental/mergeInternalDebugResources/merged.dir/values/values.xml:788: warn: multiple substitutions specified in non-positional format; did you mean to add the formatted="false" attribute?.
/Users/SiwatChairattanamanokorn/Desktop/CS/analyser/gitProjects/fresco/samples/showcase/build/intermediates/incremental/mergeInternalDebugResources/merged.dir/values/values.xml:807: warn: multiple substitutions specified in non-positional format; did you mean to add the formatted="false" attribute?.

/Users/SiwatChairattanamanokorn/Desktop/CS/analyser/gitProjects/fresco/samples/showcase/build/intermediates/incremental/mergeInternalInstrumentationResources/merged.dir/values/values.xml:783: warn: multiple substitutions specified in non-positional format; did you mean to add the formatted="false" attribute?.
/Users/SiwatChairattanamanokorn/Desktop/CS/analyser/gitProjects/fresco/samples/showcase/build/intermediates/incremental/mergeInternalInstrumentationResources/merged.dir/values/values.xml:785: warn: multiple substitutions specified in non-positional format; did you mean to add the formatted="false" attribute?.
/Users/SiwatChairattanamanokorn/Desktop/CS/analyser/gitProjects/fresco/samples/showcase/build/intermediates/incremental/mergeInternalInstrumentationResources/merged.dir/values/values.xml:786: warn: multiple substitutions specified in non-positional format; did you mean to add the formatted="false" attribute?.
/Users/SiwatChairattanamanokorn/Desktop/CS/analyser/gitProjects/fresco/samples/showcase/build/intermediates/incremental/mergeInternalInstrumentationResources/merged.dir/values/values.xml:788: warn: multiple substitutions specified in non-positional format; did you mean to add the formatted="false" attribute?.
/Users/SiwatChairattanamanokorn/Desktop/CS/analyser/gitProjects/fresco/samples/showcase/build/intermediates/incremental/mergeInternalInstrumentationResources/merged.dir/values/values.xml:807: warn: multiple substitutions specified in non-positional format; did you mean to add the formatted="false" attribute?.

/Users/SiwatChairattanamanokorn/Desktop/CS/analyser/gitProjects/fresco/samples/showcase/build/intermediates/incremental/mergeInternalReleaseResources/merged.dir/values/values.xml:783: warn: multiple substitutions specified in non-positional format; did you mean to add the formatted="false" attribute?.
/Users/SiwatChairattanamanokorn/Desktop/CS/analyser/gitProjects/fresco/samples/showcase/build/intermediates/incremental/mergeInternalReleaseResources/merged.dir/values/values.xml:785: warn: multiple substitutions specified in non-positional format; did you mean to add the formatted="false" attribute?.
/Users/SiwatChairattanamanokorn/Desktop/CS/analyser/gitProjects/fresco/samples/showcase/build/intermediates/incremental/mergeInternalReleaseResources/merged.dir/values/values.xml:786: warn: multiple substitutions specified in non-positional format; did you mean to add the formatted="false" attribute?.
/Users/SiwatChairattanamanokorn/Desktop/CS/analyser/gitProjects/fresco/samples/showcase/build/intermediates/incremental/mergeInternalReleaseResources/merged.dir/values/values.xml:788: warn: multiple substitutions specified in non-positional format; did you mean to add the formatted="false" attribute?.
/Users/SiwatChairattanamanokorn/Desktop/CS/analyser/gitProjects/fresco/samples/showcase/build/intermediates/incremental/mergeInternalReleaseResources/merged.dir/values/values.xml:807: warn: multiple substitutions specified in non-positional format; did you mean to add the formatted="false" attribute?.

/Users/SiwatChairattanamanokorn/Desktop/CS/analyser/gitProjects/fresco/samples/showcase/build/intermediates/incremental/mergeNormalDebugResources/merged.dir/values/values.xml:783: warn: multiple substitutions specified in non-positional format; did you mean to add the formatted="false" attribute?.
/Users/SiwatChairattanamanokorn/Desktop/CS/analyser/gitProjects/fresco/samples/showcase/build/intermediates/incremental/mergeNormalDebugResources/merged.dir/values/values.xml:785: warn: multiple substitutions specified in non-positional format; did you mean to add the formatted="false" attribute?.
/Users/SiwatChairattanamanokorn/Desktop/CS/analyser/gitProjects/fresco/samples/showcase/build/intermediates/incremental/mergeNormalDebugResources/merged.dir/values/values.xml:786: warn: multiple substitutions specified in non-positional format; did you mean to add the formatted="false" attribute?.
/Users/SiwatChairattanamanokorn/Desktop/CS/analyser/gitProjects/fresco/samples/showcase/build/intermediates/incremental/mergeNormalDebugResources/merged.dir/values/values.xml:788: warn: multiple substitutions specified in non-positional format; did you mean to add the formatted="false" attribute?.
/Users/SiwatChairattanamanokorn/Desktop/CS/analyser/gitProjects/fresco/samples/showcase/build/intermediates/incremental/mergeNormalDebugResources/merged.dir/values/values.xml:807: warn: multiple substitutions specified in non-positional format; did you mean to add the formatted="false" attribute?.

/Users/SiwatChairattanamanokorn/Desktop/CS/analyser/gitProjects/fresco/samples/showcase/build/intermediates/incremental/mergeNormalInstrumentationResources/merged.dir/values/values.xml:783: warn: multiple substitutions specified in non-positional format; did you mean to add the formatted="false" attribute?.
/Users/SiwatChairattanamanokorn/Desktop/CS/analyser/gitProjects/fresco/samples/showcase/build/intermediates/incremental/mergeNormalInstrumentationResources/merged.dir/values/values.xml:785: warn: multiple substitutions specified in non-positional format; did you mean to add the formatted="false" attribute?.
/Users/SiwatChairattanamanokorn/Desktop/CS/analyser/gitProjects/fresco/samples/showcase/build/intermediates/incremental/mergeNormalInstrumentationResources/merged.dir/values/values.xml:786: warn: multiple substitutions specified in non-positional format; did you mean to add the formatted="false" attribute?.
/Users/SiwatChairattanamanokorn/Desktop/CS/analyser/gitProjects/fresco/samples/showcase/build/intermediates/incremental/mergeNormalInstrumentationResources/merged.dir/values/values.xml:788: warn: multiple substitutions specified in non-positional format; did you mean to add the formatted="false" attribute?.
/Users/SiwatChairattanamanokorn/Desktop/CS/analyser/gitProjects/fresco/samples/showcase/build/intermediates/incremental/mergeNormalInstrumentationResources/merged.dir/values/values.xml:807: warn: multiple substitutions specified in non-positional format; did you mean to add the formatted="false" attribute?.

/Users/SiwatChairattanamanokorn/Desktop/CS/analyser/gitProjects/fresco/samples/showcase/build/intermediates/incremental/mergeNormalReleaseResources/merged.dir/values/values.xml:783: warn: multiple substitutions specified in non-positional format; did you mean to add the formatted="false" attribute?.
/Users/SiwatChairattanamanokorn/Desktop/CS/analyser/gitProjects/fresco/samples/showcase/build/intermediates/incremental/mergeNormalReleaseResources/merged.dir/values/values.xml:785: warn: multiple substitutions specified in non-positional format; did you mean to add the formatted="false" attribute?.
/Users/SiwatChairattanamanokorn/Desktop/CS/analyser/gitProjects/fresco/samples/showcase/build/intermediates/incremental/mergeNormalReleaseResources/merged.dir/values/values.xml:786: warn: multiple substitutions specified in non-positional format; did you mean to add the formatted="false" attribute?.
/Users/SiwatChairattanamanokorn/Desktop/CS/analyser/gitProjects/fresco/samples/showcase/build/intermediates/incremental/mergeNormalReleaseResources/merged.dir/values/values.xml:788: warn: multiple substitutions specified in non-positional format; did you mean to add the formatted="false" attribute?.
/Users/SiwatChairattanamanokorn/Desktop/CS/analyser/gitProjects/fresco/samples/showcase/build/intermediates/incremental/mergeNormalReleaseResources/merged.dir/values/values.xml:807: warn: multiple substitutions specified in non-positional format; did you mean to add the formatted="false" attribute?.


FAILURE: Build completed with 16 failures.

1: Task failed with an exception.
-----------
* What went wrong:
Execution failed for task ':animated-gif:ndk_clean_gifimage'.
> A problem occurred starting process 'command 'ndk-build''

* Try:
Run with --stacktrace option to get the stack trace. Run with --info or --debug option to get more log output. Run with --scan to get full insights.
==============================================================================

2: Task failed with an exception.
-----------
* What went wrong:
Execution failed for task ':imagepipeline-native:ndk_clean_bitmaps'.
> A problem occurred starting process 'command 'ndk-build''

* Try:
Run with --stacktrace option to get the stack trace. Run with --info or --debug option to get more log output. Run with --scan to get full insights.
==============================================================================

3: Task failed with an exception.
-----------
* What went wrong:
Execution failed for task ':imagepipeline-native:ndk_clean_imagepipeline'.
> A problem occurred starting process 'command 'ndk-build''

* Try:
Run with --stacktrace option to get the stack trace. Run with --info or --debug option to get more log output. Run with --scan to get full insights.
==============================================================================

4: Task failed with an exception.
-----------
* What went wrong:
Execution failed for task ':imagepipeline-native:ndk_clean_memchunk'.
> A problem occurred starting process 'command 'ndk-build''

* Try:
Run with --stacktrace option to get the stack trace. Run with --info or --debug option to get more log output. Run with --scan to get full insights.
==============================================================================

5: Task failed with an exception.
-----------
* What went wrong:
Execution failed for task ':native-filters:ndk_clean_filters'.
> A problem occurred starting process 'command 'ndk-build''

* Try:
Run with --stacktrace option to get the stack trace. Run with --info or --debug option to get more log output. Run with --scan to get full insights.
==============================================================================

6: Task failed with an exception.
-----------
* What went wrong:
Execution failed for task ':native-filters:ndk_clean_native-filters'.
> A problem occurred starting process 'command 'ndk-build''

* Try:
Run with --stacktrace option to get the stack trace. Run with --info or --debug option to get more log output. Run with --scan to get full insights.
==============================================================================

7: Task failed with an exception.
-----------
* What went wrong:
Execution failed for task ':native-imagetranscoder:ndk_clean_native-imagetranscoder'.
> A problem occurred starting process 'command 'ndk-build''

* Try:
Run with --stacktrace option to get the stack trace. Run with --info or --debug option to get more log output. Run with --scan to get full insights.
==============================================================================

8: Task failed with an exception.
-----------
* What went wrong:
Execution failed for task ':static-webp:ndk_clean_static-webp'.
> A problem occurred starting process 'command 'ndk-build''

* Try:
Run with --stacktrace option to get the stack trace. Run with --info or --debug option to get more log output. Run with --scan to get full insights.
==============================================================================

9: Task failed with an exception.
-----------
* What went wrong:
Execution failed for task ':imagepipeline-native:ndk_build_bitmaps'.
> A problem occurred starting process 'command 'ndk-build''

* Try:
Run with --stacktrace option to get the stack trace. Run with --info or --debug option to get more log output. Run with --scan to get full insights.
==============================================================================

10: Task failed with an exception.
-----------
* What went wrong:
Execution failed for task ':imagepipeline-native:ndk_build_imagepipeline'.
> A problem occurred starting process 'command 'ndk-build''

* Try:
Run with --stacktrace option to get the stack trace. Run with --info or --debug option to get more log output. Run with --scan to get full insights.
==============================================================================

11: Task failed with an exception.
-----------
* What went wrong:
Execution failed for task ':imagepipeline-native:ndk_build_memchunk'.
> A problem occurred starting process 'command 'ndk-build''

* Try:
Run with --stacktrace option to get the stack trace. Run with --info or --debug option to get more log output. Run with --scan to get full insights.
==============================================================================

12: Task failed with an exception.
-----------
* What went wrong:
Execution failed for task ':animated-gif:ndk_build_gifimage'.
> A problem occurred starting process 'command 'ndk-build''

* Try:
Run with --stacktrace option to get the stack trace. Run with --info or --debug option to get more log output. Run with --scan to get full insights.
==============================================================================

13: Task failed with an exception.
-----------
* What went wrong:
Execution failed for task ':static-webp:ndk_build_static-webp'.
> A problem occurred starting process 'command 'ndk-build''

* Try:
Run with --stacktrace option to get the stack trace. Run with --info or --debug option to get more log output. Run with --scan to get full insights.
==============================================================================

14: Task failed with an exception.
-----------
* What went wrong:
Execution failed for task ':native-imagetranscoder:ndk_build_native-imagetranscoder'.
> A problem occurred starting process 'command 'ndk-build''

* Try:
Run with --stacktrace option to get the stack trace. Run with --info or --debug option to get more log output. Run with --scan to get full insights.
==============================================================================

15: Task failed with an exception.
-----------
* What went wrong:
Execution failed for task ':native-filters:ndk_build_filters'.
> A problem occurred starting process 'command 'ndk-build''

* Try:
Run with --stacktrace option to get the stack trace. Run with --info or --debug option to get more log output. Run with --scan to get full insights.
==============================================================================

16: Task failed with an exception.
-----------
* What went wrong:
Execution failed for task ':native-filters:ndk_build_native-filters'.
> A problem occurred starting process 'command 'ndk-build''

* Try:
Run with --stacktrace option to get the stack trace. Run with --info or --debug option to get more log output. Run with --scan to get full insights.
==============================================================================

* Get more help at https://help.gradle.org

Deprecated Gradle features were used in this build, making it incompatible with Gradle 7.0.
Use '--warning-mode all' to show the individual deprecation warnings.
See https://docs.gradle.org/6.7.1/userguide/command_line_interface.html#sec:command_line_warnings

BUILD FAILED in 4m 26s
1207 actionable tasks: 1166 executed, 41 up-to-date
Siwats-Macbook:fresco Siwat$ ls
CODE_OF_CONDUCT.md	imagepipeline-backends
CONTRIBUTING.md		imagepipeline-base
LICENSE			imagepipeline-base-test
README.md		imagepipeline-native
animated-base		imagepipeline-test
animated-base-test	local.properties
animated-drawable	memory-types
animated-gif		middleware
animated-gif-lite	mockito-config
animated-webp		native-filters
bots			native-imagetranscoder
build.gradle		release-bintray.gradle
buildSrc		release-sonatype.gradle
docs			release.gradle
drawee			run_comparison.py
drawee-backends		samples
drawee-span		settings.gradle
fbcore			soloader
gradle			static-webp
gradle.properties	tools
gradlew			ui-common
gradlew.bat		viewport
imagepipeline		vito
Siwats-Macbook:fresco Siwat$ cd ..
Siwats-Macbook:gitProjects Siwat$ ls
AndroidUtilCode	butterknife	guava
EventBus	fresco		zxing
RxJava		glide
Siwats-Macbook:gitProjects Siwat$ cd ..
Siwats-Macbook:analyser Siwat$ ls
#History.md#	gitProjects	reports
History.md	gradle		settings.gradle
README.md	gradlew
app		gradlew.bat
Siwats-Macbook:analyser Siwat$ ./gradlew run

> Task :app:run
Please enter repo name: 
<<====<=========----> 75% EXECUTING [31s]
Please enter test path from repo root: 
<=========----> 75% EXECUTING [32s]
Please enter number of test interval: 
<<=========----> 75% EXECUTING [34s]
Please enter report name: 
<==<==<=========----> 75% EXECUTING [38s]
1
15/01/2021
11/02/2021

2
26/04/2020
15/01/2021

3
26/03/2020
26/04/2020

4
13/02/2020
26/03/2020

5
30/09/2019
13/02/2020

6
24/08/2019
30/09/2019

7
5/03/2019
24/08/2019

8
18/02/2019
5/03/2019

9
16/02/2018
18/02/2019

10
20/11/2017
16/02/2018

11
10/11/2017
20/11/2017

12
24/10/2017
10/11/2017

13
1/08/2017
24/10/2017

14
12/07/2017
1/08/2017

15
14/06/2017
12/07/2017

16
11/05/2017
14/06/2017

17
28/03/2017
11/05/2017

18
9/02/2017
28/03/2017

19
14/12/2016
9/02/2017

20
27/01/2016
14/12/2016

21
8/12/2015
27/01/2016

22
7/10/2015
8/12/2015

23
16/07/2015
7/10/2015

24
29/06/2015
16/07/2015

25
25/06/2015
29/06/2015

26
11/05/2015
25/06/2015

27
6/05/2015
11/05/2015

28
13/04/2015
6/05/2015

29
7/04/2015
13/04/2015

30
31/03/2015
7/04/2015

31
23/03/2015
31/03/2015


Number of file in interval 1: 27
build project
running GRADLE
build project
running GRADLE
completed: 710 skipped: 14 failures: 0 errors: 0
completed: 710 skipped: 14 failures: 0 errors: 0
1254b486667a058169194f24d6851373029d59cd
MATCHED
0
1
build project
running GRADLE
completed: 710 skipped: 14 failures: 0 errors: 0
completed: 710 skipped: 14 failures: 0 errors: 0
3542a9d0f0c24e540cb26195d387868b9ece7836
MATCHED
1
2
build project
running GRADLE
completed: 710 skipped: 14 failures: 0 errors: 0
completed: 710 skipped: 14 failures: 0 errors: 0
4a821295f14aeceae7f916e438ae4c9d62fdf95c
MATCHED
2
3
build project
running GRADLE
completed: 710 skipped: 14 failures: 0 errors: 0
completed: 710 skipped: 14 failures: 0 errors: 0
cec5cb52c6141e721a8bb8393884af3f26d697c4
MATCHED
3
4
build project
running GRADLE
completed: 710 skipped: 14 failures: 0 errors: 0
completed: 710 skipped: 14 failures: 0 errors: 0
90ca8cdaee0207402becd9c2c68ab97bebae83a9
MATCHED
4
5
build project
running GRADLE
completed: 710 skipped: 14 failures: 0 errors: 0
completed: 710 skipped: 14 failures: 0 errors: 0
edabc70ad8df492f6edfc483260d6610a6b0a217
MATCHED
5
6
build project
running GRADLE
completed: 710 skipped: 14 failures: 0 errors: 0
completed: 710 skipped: 14 failures: 0 errors: 0
b558f9e8f1efb5eea78645e95838696142ddeca0
MATCHED
6
7
build project
running GRADLE
completed: 710 skipped: 14 failures: 0 errors: 0
completed: 710 skipped: 14 failures: 0 errors: 0
c62a93420b03b5d47bf529f775d68d40298f8b97
MATCHED
7
8
build project
running GRADLE
completed: 710 skipped: 14 failures: 0 errors: 0
completed: 710 skipped: 14 failures: 0 errors: 0
528f6919c80a9a4fb03dc584c4aeea8951c008ce
MATCHED
8
9
build project
running GRADLE
completed: 710 skipped: 14 failures: 0 errors: 0
completed: 710 skipped: 14 failures: 0 errors: 0
288bad49151ef306daa7671a451f900b4ad340c0
MATCHED
9
10
build project
running GRADLE
completed: 710 skipped: 14 failures: 0 errors: 0
completed: 710 skipped: 14 failures: 1 errors: 0
11
build project
running GRADLE
completed: 710 skipped: 14 failures: 1 errors: 0
completed: 710 skipped: 14 failures: 0 errors: 0
12
build project
running GRADLE
completed: 710 skipped: 14 failures: 0 errors: 0
completed: 710 skipped: 14 failures: 0 errors: 0
6b16a8390580333948718b33d5b3ff8c2e24e242
MATCHED
12
13
build project
running GRADLE
completed: 710 skipped: 14 failures: 0 errors: 0
completed: 710 skipped: 14 failures: 0 errors: 0
595f6ab26c3d71e56d50b8fb30afe57fb6344127
MATCHED
13
14
build project
running GRADLE
completed: 710 skipped: 14 failures: 0 errors: 0
completed: 710 skipped: 14 failures: 0 errors: 0
775d17cc727540ae5a21cbfae603b41cfabefabd
MATCHED
14
15
build project
running GRADLE
completed: 710 skipped: 14 failures: 0 errors: 0
completed: 710 skipped: 14 failures: 0 errors: 0
2e8bdda83644f3e3ba13d1a69f8fc1d045d73452
MATCHED
15
16
build project
running GRADLE
completed: 710 skipped: 14 failures: 0 errors: 0
completed: 710 skipped: 14 failures: 0 errors: 0
bcc6387bdb7b2fc5f208c03e3316003f647836d4
MATCHED
16
17
build project
running GRADLE
completed: 710 skipped: 14 failures: 0 errors: 0
completed: 710 skipped: 14 failures: 0 errors: 0
00c035e6120feb2855bf9479f546420227341464
MATCHED
17
18
build project
running GRADLE
completed: 710 skipped: 14 failures: 0 errors: 0
completed: 710 skipped: 14 failures: 0 errors: 0
6fb7eb63668360a5f56f8a0c82024dfe4b2da548
MATCHED
18
19
build project
running GRADLE
completed: 710 skipped: 14 failures: 0 errors: 0
completed: 710 skipped: 14 failures: 0 errors: 0
fa9f763f932ecc60c3403f38cf90e7d1efda7b15
MATCHED
19
20
build project
running GRADLE
<=========----> 75% EXECUTING [3h 48m 31s]
> :app:run

  [Restored 11 Feb 2021, 1:20:02 pm]
Last login: Thu Feb 11 13:20:02 on ttys000
Restored session: Thu 11 Feb 2021 10:24:08 +07
Siwats-Macbook:analyser Siwat$ ls
#History.md#	gitProjects	reports
History.md	gradle		settings.gradle
README.md	gradlew
app		gradlew.bat
Siwats-Macbook:analyser Siwat$ cd gitProjects/
Siwats-Macbook:gitProjects Siwat$ ls
AndroidUtilCode	butterknife	guava
EventBus	fresco		zxing
RxJava		glide
Siwats-Macbook:gitProjects Siwat$ cd fresco/
Siwats-Macbook:fresco Siwat$ git branch
* (HEAD detached at 058e48acd)
  master
Siwats-Macbook:fresco Siwat$ git checkout master
Previous HEAD position was 058e48acd... Use buildSrc for Mockito Core
Switched to branch 'master'
Your branch is up-to-date with 'origin/master'.
Siwats-Macbook:fresco Siwat$ ./gradlew clean --continue test
Starting a Gradle Daemon, 1 busy Daemon could not be reused, use --status for details

> Configure project :animated-base
WARNING: API 'variant.getJavaCompile()' is obsolete and has been replaced with 'variant.getJavaCompileProvider()'.
It will be removed in version 5.0 of the Android Gradle plugin.
For more information, see https://d.android.com/r/tools/task-configuration-avoidance.
To determine what is calling variant.getJavaCompile(), use -Pandroid.debug.obsoleteApi=true on the command line to display more information.

> Task :animated-gif:ndk_clean_gifimage FAILED
> Task :imagepipeline-native:ndk_clean_bitmaps FAILED
> Task :imagepipeline-native:ndk_clean_imagepipeline FAILED
> Task :imagepipeline-native:ndk_clean_memchunk FAILED
> Task :native-filters:ndk_clean_filters FAILED
> Task :native-filters:ndk_clean_native-filters FAILE
> Task :native-imagetranscoder:ndk_clean_native-imagetranscoder FAILED
> Task :static-webp:ndk_clean_static-webp FAILED

> Task :fbcore:compileDebugJavaWithJavac
Note: Some input files use or override a deprecated API.
Note: Recompile with -Xlint:deprecation for details.
Note: Some input files use unchecked or unsafe operations.
Note: Recompile with -Xlint:unchecked for details.

> Task :imagepipeline-native:ndk_build_bitmaps FAILED
> Task :imagepipeline-native:ndk_build_imagepipeline FAILED
> Task :imagepipeline-native:ndk_build_memchunk FAILE

> Task :imagepipeline-base:compileDebugJavaWithJavac
Note: /Users/SiwatChairattanamanokorn/Desktop/CS/analyser/gitProjects/fresco/imagepipeline-base/src/main/java/com/facebook/cache/disk/DefaultDiskStorage.java uses or overrides a deprecated API.
Note: Recompile with -Xlint:deprecation for details.
Note: Some input files use unchecked or unsafe operations.
Note: Recompile with -Xlint:unchecked for details.

> Task :ui-common:compileDebugJavaWithJavac
Note: /Users/SiwatChairattanamanokorn/Desktop/CS/analyser/gitProjects/fresco/ui-common/src/main/java/com/facebook/fresco/ui/common/BaseControllerListener2.java uses unchecked or unsafe operations.
Note: Recompile with -Xlint:unchecked for details.

> Task :animated-base:generateDebugRFile FAILED

> Task :imagepipeline:compileDebugJavaWithJavac
Note: Some input files use or override a deprecated API.
Note: Recompile with -Xlint:deprecation for details.
Note: Some input files use unchecked or unsafe operations.
Note: Recompile with -Xlint:unchecked for details.

> Task :animated-gif:ndk_build_gifimage FAILED
> Task :animated-drawable:generateDebugUnitTestStubRFile FAILED
> Task :static-webp:ndk_build_static-webp FAILED

> Task :fbcore:compileDebugUnitTestJavaWithJavac
Note: Some input files use or override a deprecated API.
Note: Recompile with -Xlint:deprecation for details.
Note: Some input files use unchecked or unsafe operations.
Note: Recompile with -Xlint:unchecked for details.

> Task :fbcore:compileReleaseUnitTestJavaWithJavac
Note: Some input files use or override a deprecated API.
Note: Recompile with -Xlint:deprecation for details.
Note: Some input files use unchecked or unsafe operations.
Note: Recompile with -Xlint:unchecked for details.

> Task :native-imagetranscoder:ndk_build_native-imagetranscoder FAILED

> Task :imagepipeline-base:compileReleaseUnitTestJavaWithJavac
Note: Some input files use or override a deprecated API.
Note: Recompile with -Xlint:deprecation for details.
Note: Some input files use unchecked or unsafe operations.
Note: Recompile with -Xlint:unchecked for details.

> Task :imagepipeline-base:compileDebugUnitTestJavaWithJavac
Note: Some input files use or override a deprecated API.
Note: Recompile with -Xlint:deprecation for details.
Note: Some input files use unchecked or unsafe operations.
Note: Recompile with -Xlint:unchecked for details.

> Task :imagepipeline-base:testDebugUnitTest

com.facebook.cache.disk.DefaultDiskStorageTest > initializationError FAILED
    java.lang.ArrayStoreException at AnnotationParser.java:724

com.facebook.cache.disk.DiskStorageCacheTest > initializationError FAILED
    java.lang.ArrayStoreException at AnnotationParser.java:724

com.facebook.cache.disk.DynamicDefaultDiskStorageTest > testCreateStorage FAILED
    java.lang.NoClassDefFoundError at DynamicDefaultDiskStorageTest.java:42
        Caused by: java.lang.ClassNotFoundException at DynamicDefaultDiskStorageTest.java:42

com.facebook.cache.disk.DynamicDefaultDiskStorageTest > testGet_InternalFilesDir FAILED
    java.lang.NoClassDefFoundError at DynamicDefaultDiskStorageTest.java:42
        Caused by: java.lang.ClassNotFoundException at DynamicDefaultDiskStorageTest.java:42

com.facebook.cache.disk.DynamicDefaultDiskStorageTest > testGet_InternalCacheDir FAILED
    java.lang.NoClassDefFoundError at DynamicDefaultDiskStorageTest.java:42
        Caused by: java.lang.ClassNotFoundException at DynamicDefaultDiskStorageTest.java:42

com.facebook.cache.disk.DynamicDefaultDiskStorageTest > testDeleteStorage FAILED
    java.lang.NoClassDefFoundError at DynamicDefaultDiskStorageTest.java:42
        Caused by: java.lang.ClassNotFoundException at DynamicDefaultDiskStorageTest.java:42

com.facebook.cache.disk.DynamicDefaultDiskStorageTest > testCreateRootDirectoryIfNecessary FAILED
    java.lang.NoClassDefFoundError at DynamicDefaultDiskStorageTest.java:42
        Caused by: java.lang.ClassNotFoundException at DynamicDefaultDiskStorageTest.java:42

com.facebook.imageformat.ImageFormatCheckerTest > testExtendedWebpsWithAlpha FAILED
    java.lang.NoClassDefFoundError at ImageFormatCheckerTest.java:85
        Caused by: java.lang.ClassNotFoundException at ImageFormatCheckerTest.java:85

com.facebook.imageformat.ImageFormatCheckerTest > testSimpleWebps FAILED
    java.lang.NoClassDefFoundError at ImageFormatCheckerTest.java:85
        Caused by: java.lang.NoClassDefFoundError at ImageFormatCheckerTest.java:85
            Caused by: java.lang.ClassNotFoundException at ImageFormatCheckerTest.java:85

com.facebook.imageformat.ImageFormatCheckerTest > testHeifs FAILED
    java.lang.NoClassDefFoundError at ImageFormatCheckerTest.java:85
        Caused by: java.lang.NoClassDefFoundError at ImageFormatCheckerTest.java:85
            Caused by: java.lang.ClassNotFoundException at ImageFormatCheckerTest.java:85

com.facebook.imageformat.ImageFormatCheckerTest > testJpegs FAILED
    java.lang.NoClassDefFoundError at ImageFormatCheckerTest.java:85
        Caused by: java.lang.NoClassDefFoundError at ImageFormatCheckerTest.java:85
            Caused by: java.lang.ClassNotFoundException at ImageFormatCheckerTest.java:85

com.facebook.imageformat.ImageFormatCheckerTest > testBmps FAILED
    java.lang.NoClassDefFoundError at ImageFormatCheckerTest.java:85
        Caused by: java.lang.NoClassDefFoundError at ImageFormatCheckerTest.java:85
            Caused by: java.lang.ClassNotFoundException at ImageFormatCheckerTest.java:85

com.facebook.imageformat.ImageFormatCheckerTest > testGifs FAILED
    java.lang.NoClassDefFoundError at ImageFormatCheckerTest.java:85
        Caused by: java.lang.NoClassDefFoundError at ImageFormatCheckerTest.java:85
            Caused by: java.lang.ClassNotFoundException at ImageFormatCheckerTest.java:85

com.facebook.imageformat.ImageFormatCheckerTest > testPngs FAILED
    java.lang.NoClassDefFoundError at ImageFormatCheckerTest.java:85
        Caused by: java.lang.NoClassDefFoundError at ImageFormatCheckerTest.java:85
            Caused by: java.lang.ClassNotFoundException at ImageFormatCheckerTest.java:85

com.facebook.imageformat.ImageFormatCheckerTest > testExtendedWebpsWithoutAlpha FAILED
    java.lang.NoClassDefFoundError at ImageFormatCheckerTest.java:85
        Caused by: java.lang.NoClassDefFoundError at ImageFormatCheckerTest.java:85
            Caused by: java.lang.ClassNotFoundException at ImageFormatCheckerTest.java:85

com.facebook.imageformat.ImageFormatCheckerTest > testAnimatedWebps FAILED
    java.lang.NoClassDefFoundError at ImageFormatCheckerTest.java:85
        Caused by: java.lang.NoClassDefFoundError at ImageFormatCheckerTest.java:85
            Caused by: java.lang.ClassNotFoundException at ImageFormatCheckerTest.java:85

com.facebook.imageformat.ImageFormatCheckerTest > testLosslessWebps FAILED
    java.lang.NoClassDefFoundError at ImageFormatCheckerTest.java:85
        Caused by: java.lang.NoClassDefFoundError at ImageFormatCheckerTest.java:85
            Caused by: java.lang.ClassNotFoundException at ImageFormatCheckerTest.java:85

com.facebook.imagepipeline.cache.AbstractAdaptiveCountingMemoryCacheTest > initializationError FAILED
    java.lang.NoClassDefFoundError at J9VMInternals.java:-2
        Caused by: java.lang.ClassNotFoundException at URLClassLoader.java:591

com.facebook.imagepipeline.cache.CountingLruMapTest > initializationError FAILED
    java.lang.NoClassDefFoundError at J9VMInternals.java:-2
        Caused by: java.lang.ClassNotFoundException at URLClassLoader.java:591

com.facebook.imagepipeline.cache.LruCountingMemoryCacheTest > initializationError FAILED
    java.lang.NoClassDefFoundError at J9VMInternals.java:-2
        Caused by: java.lang.ClassNotFoundException at URLClassLoader.java:591

com.facebook.imagepipeline.common.BytesRangeTest > testFromContentRangeHeaderWithInvalidHeader FAILED
    java.lang.NoClassDefFoundError at BytesRangeTest.java:73
        Caused by: java.lang.ClassNotFoundException at BytesRangeTest.java:73

com.facebook.imagepipeline.common.BytesRangeTest > testHeaderValueForRangeFrom FAILED
    java.lang.NoClassDefFoundError at BytesRangeTest.java:19

com.facebook.imagepipeline.common.BytesRangeTest > testContains FAILED
    java.lang.NoClassDefFoundError at BytesRangeTest.java:29

com.facebook.imagepipeline.common.BytesRangeTest > testHeaderValueForRangeTo FAILED
    java.lang.NoClassDefFoundError at BytesRangeTest.java:24

com.facebook.imagepipeline.common.BytesRangeTest > testFromContentRangeHeaderWithValidHeader FAILED
    java.lang.NoClassDefFoundError at BytesRangeTest.java:66

com.facebook.imagepipeline.common.ResizeOptionsTest > testStaticConstructorWithValidSquareSize FAILED
    java.lang.NoClassDefFoundError at ResizeOptionsTest.java:41
        Caused by: java.lang.ClassNotFoundException at ResizeOptionsTest.java:41

com.facebook.imagepipeline.common.ResizeOptionsTest > testStaticConstructorWithValidWidthAndHeight FAILED
    java.lang.NoClassDefFoundError at ResizeOptionsTest.java:18

com.facebook.imagepipeline.image.CloseableBitmapTest > initializationError FAILED
    java.lang.NoClassDefFoundError at Class.java:-2
        Caused by: java.lang.ClassNotFoundException at URLClassLoader.java:591

com.facebook.imagepipeline.image.CloseableStaticBitmapTest > initializationError FAILED
    java.lang.NoClassDefFoundError at J9VMInternals.java:-2
        Caused by: java.lang.ClassNotFoundException at URLClassLoader.java:591

com.facebook.imagepipeline.image.EncodedImageTest > initializationError FAILED
    java.lang.NoClassDefFoundError at J9VMInternals.java:-2
        Caused by: java.lang.ClassNotFoundException at URLClassLoader.java:591

com.facebook.imageutils.BitmapUtilTest > testDecodeDimensions_testStaticGifs FAILED
    java.lang.NoClassDefFoundError at BitmapUtilTest.java:95
        Caused by: java.lang.ClassNotFoundException at BitmapUtilTest.java:95

com.facebook.imageutils.BitmapUtilTest > testDecodeDimensions_testProgressiveJpegs FAILED
    java.lang.NoClassDefFoundError at BitmapUtilTest.java:85

com.facebook.imageutils.BitmapUtilTest > testDecodeDimensions_testIncompleteJpegs FAILED
    java.lang.NoClassDefFoundError at BitmapUtilTest.java:78

com.facebook.imageutils.BitmapUtilTest > testDecodeDimensionsUri_test FAILED
    java.lang.NoClassDefFoundError at BitmapUtilTest.java:44

com.facebook.imageutils.BitmapUtilTest > testDecodeDimensions_testJpegs FAILED
    java.lang.NoClassDefFoundError at BitmapUtilTest.java:65

com.facebook.imageutils.BitmapUtilTest > testDecodeDimensions_testAnimatedGifs FAILED
    java.lang.NoClassDefFoundError at BitmapUtilTest.java:108

com.facebook.imageutils.BitmapUtilTest > testDecodeDimensions_testBmps FAILED
    java.lang.NoClassDefFoundError at BitmapUtilTest.java:120

com.facebook.imageutils.BitmapUtilTest > testDecodeDimensions_testPngs FAILED
    java.lang.NoClassDefFoundError at BitmapUtilTest.java:52

com.facebook.imageutils.JfifTestUtilsTest > testMakeAPP1_EXIF FAILED
    java.lang.NoClassDefFoundError at JfifTestUtilsTest.java:121
        Caused by: java.lang.ClassNotFoundException at JfifTestUtilsTest.java:121

com.facebook.imageutils.JfifTestUtilsTest > testMakeIfdEntry FAILED
    java.lang.NoClassDefFoundError at JfifTestUtilsTest.java:79

com.facebook.imageutils.JfifTestUtilsTest > testEncodeInt2HexString FAILED
    java.lang.NoClassDefFoundError at JfifTestUtilsTest.java:61

com.facebook.imageutils.JfifTestUtilsTest > testMakeIfd FAILED
    java.lang.NoClassDefFoundError at JfifTestUtilsTest.java:88

com.facebook.imageutils.JfifTestUtilsTest > testMakeOrientationEntry FAILED
    java.lang.NoClassDefFoundError at JfifTestUtilsTest.java:71

com.facebook.imageutils.JfifTestUtilsTest > testHexStringToByteArray FAILED
    java.lang.NoClassDefFoundError at JfifTestUtilsTest.java:51

com.facebook.imageutils.JfifTestUtilsTest > testMakeSOFSection FAILED
    java.lang.NoClassDefFoundError at JfifTestUtilsTest.java:27

com.facebook.imageutils.JfifUtilTest > testGetOrientation_NoAPP1 FAILED
    java.lang.NoClassDefFoundError at JfifUtilTest.java:27

com.facebook.imageutils.JfifUtilTest > testGetOrientation_LittleEndian FAILED
    java.lang.NoClassDefFoundError at JfifUtilTest.java:42

com.facebook.imageutils.JfifUtilTest > testGetOrientation_BigEndian FAILED
    java.lang.NoClassDefFoundError at JfifUtilTest.java:42

74 tests completed, 48 failed

> Task :imagepipeline-base:testDebugUnitTest FAILED
> Task :native-filters:ndk_build_filters FAILED
> Task :native-filters:ndk_build_native-filters FAILE
> Task :samples:scrollperf:mergeSoLoaderReleaseResources FAILED
/Users/SiwatChairattanamanokorn/Desktop/CS/analyser/gitProjects/fresco/samples/showcase/build/intermediates/incremental/mergeInstantRunConfigDebugResources/merged.dir/values/values.xml:783: warn: multiple substitutions specified in non-positional format; did you mean to add the formatted="false" attribute?.
/Users/SiwatChairattanamanokorn/Desktop/CS/analyser/gitProjects/fresco/samples/showcase/build/intermediates/incremental/mergeInstantRunConfigDebugResources/merged.dir/values/values.xml:785: warn: multiple substitutions specified in non-positional format; did you mean to add the formatted="false" attribute?.
/Users/SiwatChairattanamanokorn/Desktop/CS/analyser/gitProjects/fresco/samples/showcase/build/intermediates/incremental/mergeInstantRunConfigDebugResources/merged.dir/values/values.xml:786: warn: multiple substitutions specified in non-positional format; did you mean to add the formatted="false" attribute?.
/Users/SiwatChairattanamanokorn/Desktop/CS/analyser/gitProjects/fresco/samples/showcase/build/intermediates/incremental/mergeInstantRunConfigDebugResources/merged.dir/values/values.xml:788: warn: multiple substitutions specified in non-positional format; did you mean to add the formatted="false" attribute?.
/Users/SiwatChairattanamanokorn/Desktop/CS/analyser/gitProjects/fresco/samples/showcase/build/intermediates/incremental/mergeInstantRunConfigDebugResources/merged.dir/values/values.xml:807: warn: multiple substitutions specified in non-positional format; did you mean to add the formatted="false" attribute?.

> Task :vito:core:generateDebugRFile FAILED
/Users/SiwatChairattanamanokorn/Desktop/CS/analyser/gitProjects/fresco/samples/showcase/build/intermediates/incremental/mergeInstantRunConfigInstrumentationResources/merged.dir/values/values.xml:783: warn: multiple substitutions specified in non-positional format; did you mean to add the formatted="false" attribute?.
/Users/SiwatChairattanamanokorn/Desktop/CS/analyser/gitProjects/fresco/samples/showcase/build/intermediates/incremental/mergeInstantRunConfigInstrumentationResources/merged.dir/values/values.xml:785: warn: multiple substitutions specified in non-positional format; did you mean to add the formatted="false" attribute?.
/Users/SiwatChairattanamanokorn/Desktop/CS/analyser/gitProjects/fresco/samples/showcase/build/intermediates/incremental/mergeInstantRunConfigInstrumentationResources/merged.dir/values/values.xml:786: warn: multiple substitutions specified in non-positional format; did you mean to add the formatted="false" attribute?.
/Users/SiwatChairattanamanokorn/Desktop/CS/analyser/gitProjects/fresco/samples/showcase/build/intermediates/incremental/mergeInstantRunConfigInstrumentationResources/merged.dir/values/values.xml:788: warn: multiple substitutions specified in non-positional format; did you mean to add the formatted="false" attribute?.
/Users/SiwatChairattanamanokorn/Desktop/CS/analyser/gitProjects/fresco/samples/showcase/build/intermediates/incremental/mergeInstantRunConfigInstrumentationResources/merged.dir/values/values.xml:807: warn: multiple substitutions specified in non-positional format; did you mean to add the formatted="false" attribute?.

/Users/SiwatChairattanamanokorn/Desktop/CS/analyser/gitProjects/fresco/samples/showcase/build/intermediates/incremental/mergeInstantRunConfigReleaseResources/merged.dir/values/values.xml:783: warn: multiple substitutions specified in non-positional format; did you mean to add the formatted="false" attribute?.
/Users/SiwatChairattanamanokorn/Desktop/CS/analyser/gitProjects/fresco/samples/showcase/build/intermediates/incremental/mergeInstantRunConfigReleaseResources/merged.dir/values/values.xml:785: warn: multiple substitutions specified in non-positional format; did you mean to add the formatted="false" attribute?.
/Users/SiwatChairattanamanokorn/Desktop/CS/analyser/gitProjects/fresco/samples/showcase/build/intermediates/incremental/mergeInstantRunConfigReleaseResources/merged.dir/values/values.xml:786: warn: multiple substitutions specified in non-positional format; did you mean to add the formatted="false" attribute?.
/Users/SiwatChairattanamanokorn/Desktop/CS/analyser/gitProjects/fresco/samples/showcase/build/intermediates/incremental/mergeInstantRunConfigReleaseResources/merged.dir/values/values.xml:788: warn: multiple substitutions specified in non-positional format; did you mean to add the formatted="false" attribute?.
/Users/SiwatChairattanamanokorn/Desktop/CS/analyser/gitProjects/fresco/samples/showcase/build/intermediates/incremental/mergeInstantRunConfigReleaseResources/merged.dir/values/values.xml:807: warn: multiple substitutions specified in non-positional format; did you mean to add the formatted="false" attribute?.

/Users/SiwatChairattanamanokorn/Desktop/CS/analyser/gitProjects/fresco/samples/showcase/build/intermediates/incremental/mergeInternalInstrumentationResources/merged.dir/values/values.xml:783: warn: multiple substitutions specified in non-positional format; did you mean to add the formatted="false" attribute?.
/Users/SiwatChairattanamanokorn/Desktop/CS/analyser/gitProjects/fresco/samples/showcase/build/intermediates/incremental/mergeInternalInstrumentationResources/merged.dir/values/values.xml:785: warn: multiple substitutions specified in non-positional format; did you mean to add the formatted="false" attribute?.
/Users/SiwatChairattanamanokorn/Desktop/CS/analyser/gitProjects/fresco/samples/showcase/build/intermediates/incremental/mergeInternalInstrumentationResources/merged.dir/values/values.xml:786: warn: multiple substitutions specified in non-positional format; did you mean to add the formatted="false" attribute?.
/Users/SiwatChairattanamanokorn/Desktop/CS/analyser/gitProjects/fresco/samples/showcase/build/intermediates/incremental/mergeInternalInstrumentationResources/merged.dir/values/values.xml:788: warn: multiple substitutions specified in non-positional format; did you mean to add the formatted="false" attribute?.
/Users/SiwatChairattanamanokorn/Desktop/CS/analyser/gitProjects/fresco/samples/showcase/build/intermediates/incremental/mergeInternalInstrumentationResources/merged.dir/values/values.xml:807: warn: multiple substitutions specified in non-positional format; did you mean to add the formatted="false" attribute?.

/Users/SiwatChairattanamanokorn/Desktop/CS/analyser/gitProjects/fresco/samples/showcase/build/intermediates/incremental/mergeInternalReleaseResources/merged.dir/values/values.xml:783: warn: multiple substitutions specified in non-positional format; did you mean to add the formatted="false" attribute?.
/Users/SiwatChairattanamanokorn/Desktop/CS/analyser/gitProjects/fresco/samples/showcase/build/intermediates/incremental/mergeInternalReleaseResources/merged.dir/values/values.xml:785: warn: multiple substitutions specified in non-positional format; did you mean to add the formatted="false" attribute?.
/Users/SiwatChairattanamanokorn/Desktop/CS/analyser/gitProjects/fresco/samples/showcase/build/intermediates/incremental/mergeInternalReleaseResources/merged.dir/values/values.xml:786: warn: multiple substitutions specified in non-positional format; did you mean to add the formatted="false" attribute?.
/Users/SiwatChairattanamanokorn/Desktop/CS/analyser/gitProjects/fresco/samples/showcase/build/intermediates/incremental/mergeInternalReleaseResources/merged.dir/values/values.xml:788: warn: multiple substitutions specified in non-positional format; did you mean to add the formatted="false" attribute?.
/Users/SiwatChairattanamanokorn/Desktop/CS/analyser/gitProjects/fresco/samples/showcase/build/intermediates/incremental/mergeInternalReleaseResources/merged.dir/values/values.xml:807: warn: multiple substitutions specified in non-positional format; did you mean to add the formatted="false" attribute?.

/Users/SiwatChairattanamanokorn/Desktop/CS/analyser/gitProjects/fresco/samples/showcase/build/intermediates/incremental/mergeNormalDebugResources/merged.dir/values/values.xml:783: warn: multiple substitutions specified in non-positional format; did you mean to add the formatted="false" attribute?.
/Users/SiwatChairattanamanokorn/Desktop/CS/analyser/gitProjects/fresco/samples/showcase/build/intermediates/incremental/mergeNormalDebugResources/merged.dir/values/values.xml:785: warn: multiple substitutions specified in non-positional format; did you mean to add the formatted="false" attribute?.
/Users/SiwatChairattanamanokorn/Desktop/CS/analyser/gitProjects/fresco/samples/showcase/build/intermediates/incremental/mergeNormalDebugResources/merged.dir/values/values.xml:786: warn: multiple substitutions specified in non-positional format; did you mean to add the formatted="false" attribute?.
/Users/SiwatChairattanamanokorn/Desktop/CS/analyser/gitProjects/fresco/samples/showcase/build/intermediates/incremental/mergeNormalDebugResources/merged.dir/values/values.xml:788: warn: multiple substitutions specified in non-positional format; did you mean to add the formatted="false" attribute?.
/Users/SiwatChairattanamanokorn/Desktop/CS/analyser/gitProjects/fresco/samples/showcase/build/intermediates/incremental/mergeNormalDebugResources/merged.dir/values/values.xml:807: warn: multiple substitutions specified in non-positional format; did you mean to add the formatted="false" attribute?.

> Task :samples:showcase:mergeNormalInstrumentationResources FAILED
/Users/SiwatChairattanamanokorn/Desktop/CS/analyser/gitProjects/fresco/samples/showcase/build/intermediates/incremental/mergeNormalReleaseResources/merged.dir/values/values.xml:783: warn: multiple substitutions specified in non-positional format; did you mean to add the formatted="false" attribute?.
/Users/SiwatChairattanamanokorn/Desktop/CS/analyser/gitProjects/fresco/samples/showcase/build/intermediates/incremental/mergeNormalReleaseResources/merged.dir/values/values.xml:785: warn: multiple substitutions specified in non-positional format; did you mean to add the formatted="false" attribute?.
/Users/SiwatChairattanamanokorn/Desktop/CS/analyser/gitProjects/fresco/samples/showcase/build/intermediates/incremental/mergeNormalReleaseResources/merged.dir/values/values.xml:786: warn: multiple substitutions specified in non-positional format; did you mean to add the formatted="false" attribute?.
/Users/SiwatChairattanamanokorn/Desktop/CS/analyser/gitProjects/fresco/samples/showcase/build/intermediates/incremental/mergeNormalReleaseResources/merged.dir/values/values.xml:788: warn: multiple substitutions specified in non-positional format; did you mean to add the formatted="false" attribute?.
/Users/SiwatChairattanamanokorn/Desktop/CS/analyser/gitProjects/fresco/samples/showcase/build/intermediates/incremental/mergeNormalReleaseResources/merged.dir/values/values.xml:807: warn: multiple substitutions specified in non-positional format; did you mean to add the formatted="false" attribute?.

> Task :samples:showcase:mergeNormalReleaseResources FAILED

FAILURE: Build completed with 23 failures.

1: Task failed with an exception.
-----------
* What went wrong:
Execution failed for task ':animated-gif:ndk_clean_gifimage'.
> A problem occurred starting process 'command 'ndk-build''

* Try:
Run with --stacktrace option to get the stack trace. Run with --info or --debug option to get more log output. Run with --scan to get full insights.
==============================================================================

2: Task failed with an exception.
-----------
* What went wrong:
Execution failed for task ':imagepipeline-native:ndk_clean_bitmaps'.
> A problem occurred starting process 'command 'ndk-build''

* Try:
Run with --stacktrace option to get the stack trace. Run with --info or --debug option to get more log output. Run with --scan to get full insights.
==============================================================================

3: Task failed with an exception.
-----------
* What went wrong:
Execution failed for task ':imagepipeline-native:ndk_clean_imagepipeline'.
> A problem occurred starting process 'command 'ndk-build''

* Try:
Run with --stacktrace option to get the stack trace. Run with --info or --debug option to get more log output. Run with --scan to get full insights.
==============================================================================

4: Task failed with an exception.
-----------
* What went wrong:
Execution failed for task ':imagepipeline-native:ndk_clean_memchunk'.
> A problem occurred starting process 'command 'ndk-build''

* Try:
Run with --stacktrace option to get the stack trace. Run with --info or --debug option to get more log output. Run with --scan to get full insights.
==============================================================================

5: Task failed with an exception.
-----------
* What went wrong:
Execution failed for task ':native-filters:ndk_clean_filters'.
> A problem occurred starting process 'command 'ndk-build''

* Try:
Run with --stacktrace option to get the stack trace. Run with --info or --debug option to get more log output. Run with --scan to get full insights.
==============================================================================

6: Task failed with an exception.
-----------
* What went wrong:
Execution failed for task ':native-filters:ndk_clean_native-filters'.
> A problem occurred starting process 'command 'ndk-build''

* Try:
Run with --stacktrace option to get the stack trace. Run with --info or --debug option to get more log output. Run with --scan to get full insights.
==============================================================================

7: Task failed with an exception.
-----------
* What went wrong:
Execution failed for task ':native-imagetranscoder:ndk_clean_native-imagetranscoder'.
> A problem occurred starting process 'command 'ndk-build''

* Try:
Run with --stacktrace option to get the stack trace. Run with --info or --debug option to get more log output. Run with --scan to get full insights.
==============================================================================

8: Task failed with an exception.
-----------
* What went wrong:
Execution failed for task ':static-webp:ndk_clean_static-webp'.
> A problem occurred starting process 'command 'ndk-build''

* Try:
Run with --stacktrace option to get the stack trace. Run with --info or --debug option to get more log output. Run with --scan to get full insights.
==============================================================================

9: Task failed with an exception.
-----------
* What went wrong:
Execution failed for task ':imagepipeline-native:ndk_build_bitmaps'.
> A problem occurred starting process 'command 'ndk-build''

* Try:
Run with --stacktrace option to get the stack trace. Run with --info or --debug option to get more log output. Run with --scan to get full insights.
==============================================================================

10: Task failed with an exception.
-----------
* What went wrong:
Execution failed for task ':imagepipeline-native:ndk_build_imagepipeline'.
> A problem occurred starting process 'command 'ndk-build''

* Try:
Run with --stacktrace option to get the stack trace. Run with --info or --debug option to get more log output. Run with --scan to get full insights.
==============================================================================

11: Task failed with an exception.
-----------
* What went wrong:
Execution failed for task ':imagepipeline-native:ndk_build_memchunk'.
> A problem occurred starting process 'command 'ndk-build''

* Try:
Run with --stacktrace option to get the stack trace. Run with --info or --debug option to get more log output. Run with --scan to get full insights.
==============================================================================

12: Task failed with an exception.
-----------
* What went wrong:
Execution failed for task ':animated-base:generateDebugRFile'.
> A failure occurred while executing com.android.build.gradle.internal.tasks.Workers$ActionFacade
   > /Users/SiwatChairattanamanokorn/Desktop/CS/analyser/gitProjects/fresco/animated-drawable/build/intermediates/symbol_list_with_package_name/debug/package-aware-r.txt

* Try:
Run with --stacktrace option to get the stack trace. Run with --info or --debug option to get more log output. Run with --scan to get full insights.
==============================================================================

13: Task failed with an exception.
-----------
* What went wrong:
Execution failed for task ':animated-gif:ndk_build_gifimage'.
> A problem occurred starting process 'command 'ndk-build''

* Try:
Run with --stacktrace option to get the stack trace. Run with --info or --debug option to get more log output. Run with --scan to get full insights.
==============================================================================

14: Task failed with an exception.
-----------
* What went wrong:
Execution failed for task ':animated-drawable:generateDebugUnitTestStubRFile'.
> A failure occurred while executing com.android.build.gradle.internal.tasks.Workers$ActionFacade
   > /Users/SiwatChairattanamanokorn/Desktop/CS/analyser/gitProjects/fresco/animated-drawable/build/intermediates/symbol_list_with_package_name/debug/package-aware-r.txt

* Try:
Run with --stacktrace option to get the stack trace. Run with --info or --debug option to get more log output. Run with --scan to get full insights.
==============================================================================

15: Task failed with an exception.
-----------
* What went wrong:
Execution failed for task ':static-webp:ndk_build_static-webp'.
> A problem occurred starting process 'command 'ndk-build''

* Try:
Run with --stacktrace option to get the stack trace. Run with --info or --debug option to get more log output. Run with --scan to get full insights.
==============================================================================

16: Task failed with an exception.
-----------
* What went wrong:
Execution failed for task ':native-imagetranscoder:ndk_build_native-imagetranscoder'.
> A problem occurred starting process 'command 'ndk-build''

* Try:
Run with --stacktrace option to get the stack trace. Run with --info or --debug option to get more log output. Run with --scan to get full insights.
==============================================================================

17: Task failed with an exception.
-----------
* What went wrong:
Execution failed for task ':imagepipeline-base:testDebugUnitTest'.
> There were failing tests. See the report at: file:///Users/SiwatChairattanamanokorn/Desktop/CS/analyser/gitProjects/fresco/imagepipeline-base/build/reports/tests/testDebugUnitTest/index.html

* Try:
Run with --stacktrace option to get the stack trace. Run with --info or --debug option to get more log output. Run with --scan to get full insights.
==============================================================================

18: Task failed with an exception.
-----------
* What went wrong:
Execution failed for task ':native-filters:ndk_build_filters'.
> A problem occurred starting process 'command 'ndk-build''

* Try:
Run with --stacktrace option to get the stack trace. Run with --info or --debug option to get more log output. Run with --scan to get full insights.
==============================================================================

19: Task failed with an exception.
-----------
* What went wrong:
Execution failed for task ':native-filters:ndk_build_native-filters'.
> A problem occurred starting process 'command 'ndk-build''

* Try:
Run with --stacktrace option to get the stack trace. Run with --info or --debug option to get more log output. Run with --scan to get full insights.
==============================================================================

20: Task failed with an exception.
-----------
* What went wrong:
Execution failed for task ':samples:scrollperf:mergeSoLoaderReleaseResources'.
> Unable to delete directory '/Users/SiwatChairattanamanokorn/Desktop/CS/analyser/gitProjects/fresco/samples/scrollperf/build/intermediates/incremental/mergeSoLoaderReleaseResources/merged.dir' after 10 attempts

* Try:
Run with --stacktrace option to get the stack trace. Run with --info or --debug option to get more log output. Run with --scan to get full insights.
==============================================================================

21: Task failed with an exception.
-----------
* What went wrong:
Execution failed for task ':vito:core:generateDebugRFile'.
> A failure occurred while executing com.android.build.gradle.internal.tasks.Workers$ActionFacade
   > /Users/SiwatChairattanamanokorn/Desktop/CS/analyser/gitProjects/fresco/animated-drawable/build/intermediates/symbol_list_with_package_name/debug/package-aware-r.txt

* Try:
Run with --stacktrace option to get the stack trace. Run with --info or --debug option to get more log output. Run with --scan to get full insights.
==============================================================================

22: Task failed with an exception.
-----------
* What went wrong:
Execution failed for task ':samples:showcase:mergeNormalInstrumentationResources'.
> Unable to delete directory '/Users/SiwatChairattanamanokorn/Desktop/CS/analyser/gitProjects/fresco/samples/showcase/build/intermediates/incremental/mergeNormalInstrumentationResources'
    Failed to delete some children. This might happen because a process has files open or has its working directory set in the target directory.
    - /Users/SiwatChairattanamanokorn/Desktop/CS/analyser/gitProjects/fresco/samples/showcase/build/intermediates/incremental/mergeNormalInstrumentationResources/merged.dir

* Try:
Run with --stacktrace option to get the stack trace. Run with --info or --debug option to get more log output. Run with --scan to get full insights.
==============================================================================

23: Task failed with an exception.
-----------
* What went wrong:
Execution failed for task ':samples:showcase:mergeNormalReleaseResources'.
> Multiple task action failures occurred:
   > A failure occurred while executing com.android.build.gradle.internal.tasks.Workers$ActionFacade
      > Android resource compilation failed
        AAPT: /Users/SiwatChairattanamanokorn/Desktop/CS/analyser/gitProjects/fresco/samples/showcase/build/intermediates/incremental/mergeNormalReleaseResources/merged.dir/values-h720dp-v13/values-h720dp-v13.xml: error: file not found.
        
            
   > A failure occurred while executing com.android.build.gradle.internal.tasks.Workers$ActionFacade
      > Android resource compilation failed
        AAPT: /Users/SiwatChairattanamanokorn/Desktop/CS/analyser/gitProjects/fresco/samples/showcase/build/intermediates/incremental/mergeNormalReleaseResources/merged.dir/values-zh-rCN/values-zh-rCN.xml: error: file not found.
        
            
   > A failure occurred while executing com.android.build.gradle.internal.tasks.Workers$ActionFacade
      > Android resource compilation failed
        AAPT: /Users/SiwatChairattanamanokorn/Desktop/CS/analyser/gitProjects/fresco/samples/showcase/build/intermediates/incremental/mergeNormalReleaseResources/merged.dir/values-sw360dp-v13/values-sw360dp-v13.xml: error: file not found.
        
            
   > A failure occurred while executing com.android.build.gradle.internal.tasks.Workers$ActionFacade
      > Android resource compilation failed
        AAPT: /Users/SiwatChairattanamanokorn/Desktop/CS/analyser/gitProjects/fresco/samples/showcase/build/intermediates/incremental/mergeNormalReleaseResources/merged.dir/values-fi/values-fi.xml: error: file not found.
        
            
   > A failure occurred while executing com.android.build.gradle.internal.tasks.Workers$ActionFacade
      > Android resource compilation failed
        AAPT: /Users/SiwatChairattanamanokorn/Desktop/CS/analyser/gitProjects/fresco/samples/showcase/build/intermediates/incremental/mergeNormalReleaseResources/merged.dir/values-hdpi-v4/values-hdpi-v4.xml: error: file not found.
        
            

* Try:
Run with --stacktrace option to get the stack trace. Run with --info or --debug option to get more log output. Run with --scan to get full insights.
==============================================================================

* Get more help at https://help.gradle.org

Deprecated Gradle features were used in this build, making it incompatible with Gradle 7.0.
Use '--warning-mode all' to show the individual deprecation warnings.
See https://docs.gradle.org/6.7.1/userguide/command_line_interface.html#sec:command_line_warnings

BUILD FAILED in 5m 0s
1177 actionable tasks: 281 executed, 896 up-to-date
Siwats-Macbook:fresco Siwat$ ls
CODE_OF_CONDUCT.md	imagepipeline-backends
CONTRIBUTING.md		imagepipeline-base
LICENSE			imagepipeline-base-test
README.md		imagepipeline-native
animated-base		imagepipeline-test
animated-base-test	local.properties
animated-drawable	memory-types
animated-gif		middleware
animated-gif-lite	mockito-config
animated-webp		native-filters
bots			native-imagetranscoder
build.gradle		release-bintray.gradle
buildSrc		release-sonatype.gradle
docs			release.gradle
drawee			run_comparison.py
drawee-backends		samples
drawee-span		settings.gradle
fbcore			soloader
gradle			static-webp
gradle.properties	tools
gradlew			ui-common
gradlew.bat		viewport
imagepipeline		vito
Siwats-Macbook:fresco Siwat$ cd ..
Siwats-Macbook:gitProjects Siwat$ ls
AndroidUtilCode	butterknife	guava
EventBus	fresco		zxing
RxJava		glide
Siwats-Macbook:gitProjects Siwat$ cd ..
Siwats-Macbook:analyser Siwat$ ls
#History.md#	gitProjects	reports
History.md	gradle		settings.gradle
README.md	gradlew
app		gradlew.bat
Siwats-Macbook:analyser Siwat$ ./gradlew run
Starting a Gradle Daemon, 2 busy Daemons could not be reused, use --status for details

> Task :app:run
Please enter repo name: 
<====<=========----> 75% EXECUTING [9s]
Please enter test path from repo root: 
<=========----> 75% EXECUTING [11s]
Please enter number of test interval: 
<<=========----> 75% EXECUTING [14s]
Please enter report name: 
<===<=====<<======<=========----> 75% EXECUTING [21s]
> :app:run       <=========----> 75% EXECUTING [22s]
1
15/01/2021macbook 1
11/02/2021

2
26/04/2020
15/01/2021

3
26/03/2020
26/04/2020

4
13/02/2020
26/03/2020

5
30/09/2019
13/02/2020

6
24/08/2019
30/09/2019

7
5/03/2019
24/08/2019

8
18/02/2019
5/03/2019

9
16/02/2018
18/02/2019

10
20/11/2017
16/02/2018

11
10/11/2017
20/11/2017

12
24/10/2017
10/11/2017

13
1/08/2017
24/10/2017

14
12/07/2017
1/08/2017

15
14/06/2017
12/07/2017

16
11/05/2017
14/06/2017

17
28/03/2017
11/05/2017

18
9/02/2017
28/03/2017

19
14/12/2016
9/02/2017

20
27/01/2016
14/12/2016

21
8/12/2015
27/01/2016

22
7/10/2015
8/12/2015

23
16/07/2015
7/10/2015

24
29/06/2015
16/07/2015

25
25/06/2015
29/06/2015

26
11/05/2015
25/06/2015

27
6/05/2015
11/05/2015

28
13/04/2015
6/05/2015

29
7/04/2015
13/04/2015

30
31/03/2015
7/04/2015

31
23/03/2015
31/03/2015


Number of file in interval 1: 27
build project
running GRADLE
build project
running GRADLE
completed: 710 skipped: 14 failures: 0 errors: 0
completed: 710 skipped: 14 failures: 0 errors: 0
1254b486667a058169194f24d6851373029d59cd
MATCHED
0
1
build project
running GRADLE
completed: 710 skipped: 14 failures: 0 errors: 0
completed: 710 skipped: 14 failures: 0 errors: 0
3542a9d0f0c24e540cb26195d387868b9ece7836
MATCHED
1
2
build project
running GRADLE
completed: 710 skipped: 14 failures: 0 errors: 0
completed: 710 skipped: 14 failures: 0 errors: 0
4a821295f14aeceae7f916e438ae4c9d62fdf95c
MATCHED
2
3
build project
running GRADLE
completed: 710 skipped: 14 failures: 0 errors: 0
completed: 710 skipped: 14 failures: 0 errors: 0
cec5cb52c6141e721a8bb8393884af3f26d697c4
MATCHED
3
4
build project
running GRADLE
completed: 710 skipped: 14 failures: 0 errors: 0
completed: 710 skipped: 14 failures: 0 errors: 0
90ca8cdaee0207402becd9c2c68ab97bebae83a9
MATCHED
4
5
build project
running GRADLE
completed: 710 skipped: 14 failures: 0 errors: 0
completed: 710 skipped: 14 failures: 1 errors: 0
6
build project
running GRADLE
completed: 710 skipped: 14 failures: 1 errors: 0
completed: 710 skipped: 14 failures: 0 errors: 0
7
build project
running GRADLE
completed: 710 skipped: 14 failures: 0 errors: 0
completed: 710 skipped: 14 failures: 0 errors: 0
c62a93420b03b5d47bf529f775d68d40298f8b97
MATCHED
7
8
build project
running GRADLE
completed: 710 skipped: 14 failures: 0 errors: 0
completed: 710 skipped: 14 failures: 0 errors: 0
528f6919c80a9a4fb03dc584c4aeea8951c008ce
MATCHED
8
9
build project
running GRADLE
completed: 710 skipped: 14 failures: 0 errors: 0
completed: 710 skipped: 14 failures: 0 errors: 0
288bad49151ef306daa7671a451f900b4ad340c0
MATCHED
9
10
build project
running GRADLE
completed: 710 skipped: 14 failures: 0 errors: 0
completed: 710 skipped: 14 failures: 0 errors: 0
e877c9e58d9980b15715ffb4d478068003d4f771
MATCHED
10
11
build project
running GRADLE
completed: 710 skipped: 14 failures: 0 errors: 0
completed: 710 skipped: 14 failures: 0 errors: 0
1c3c939e532e9f24e712d596f15f611a426fa8b4
MATCHED
11
12
build project
running GRADLE
completed: 710 skipped: 14 failures: 0 errors: 0
completed: 710 skipped: 14 failures: 0 errors: 0
6b16a8390580333948718b33d5b3ff8c2e24e242
MATCHED
12
13
build project
running GRADLE
completed: 710 skipped: 14 failures: 0 errors: 0
completed: 710 skipped: 14 failures: 0 errors: 0
595f6ab26c3d71e56d50b8fb30afe57fb6344127
MATCHED
13
14
build project
running GRADLE
completed: 710 skipped: 14 failures: 0 errors: 0
completed: 710 skipped: 14 failures: 0 errors: 0
775d17cc727540ae5a21cbfae603b41cfabefabd
MATCHED
14
15
build project
running GRADLE
completed: 710 skipped: 14 failures: 0 errors: 0
completed: 710 skipped: 14 failures: 0 errors: 0
2e8bdda83644f3e3ba13d1a69f8fc1d045d73452
MATCHED
15
16
build project
running GRADLE
completed: 710 skipped: 14 failures: 0 errors: 0
completed: 710 skipped: 14 failures: 1 errors: 0
17
build project
running GRADLE
completed: 710 skipped: 14 failures: 1 errors: 0
completed: 710 skipped: 14 failures: 0 errors: 0
18
build project
running GRADLE
completed: 710 skipped: 14 failures: 0 errors: 0
completed: 710 skipped: 14 failures: 0 errors: 0
6fb7eb63668360a5f56f8a0c82024dfe4b2da548
MATCHED
18
19
build project
running GRADLE
completed: 710 skipped: 14 failures: 0 errors: 0
completed: 710 skipped: 14 failures: 0 errors: 0
fa9f763f932ecc60c3403f38cf90e7d1efda7b15
MATCHED
19
20
build project
running GRADLE
completed: 710 skipped: 14 failures: 0 errors: 0
completed: 710 skipped: 14 failures: 0 errors: 0
0b050fb03e7df0cddd02c2c596d473cb3d2cd282
MATCHED
20
21
build project
running GRADLE
completed: 710 skipped: 14 failures: 0 errors: 0
completed: 710 skipped: 14 failures: 0 errors: 0
e2c4e8639b1e3da09ea959121b944ac18ccabbbe
MATCHED
21
22
build project
running GRADLE
completed: 710 skipped: 14 failures: 0 errors: 0
completed: 710 skipped: 14 failures: 0 errors: 0
be9cb64a9750af4d81f28917d5a8a985368979eb
MATCHED
22
23
build project
running GRADLE
completed: 710 skipped: 14 failures: 0 errors: 0
completed: 710 skipped: 14 failures: 0 errors: 0
3364e6e8aa51eca3788cb115b18fb46bf82597e5
MATCHED
23
24
build project
running GRADLE
completed: 710 skipped: 14 failures: 0 errors: 0
completed: 710 skipped: 14 failures: 0 errors: 0
21e43cfc22cb7c0bf386807b3f801b5430ffb334
MATCHED
24
25
build project
running GRADLE
completed: 710 skipped: 14 failures: 0 errors: 0
completed: 398 skipped: 0 failures: 0 errors: 0
26
Number of file in interval 2: 345
build project
running GRADLE
build project
running GRADLE
completed: 710 skipped: 14 failures: 0 errors: 0
completed: 398 skipped: 0 failures: 0 errors: 0
27
build project
running GRADLE
completed: 398 skipped: 0 failures: 0 errors: 0
completed: 398 skipped: 0 failures: 0 errors: 0
0dcdfc564217abc062be689a5a40bb0781e1c0f2
MATCHED
1
28
build project
running GRADLE
completed: 398 skipped: 0 failures: 0 errors: 0
completed: 398 skipped: 0 failures: 0 errors: 0
41789298731c013f0e5b1c0ee38dc120ac87e2b2
MATCHED
2
29
build project
running GRADLE
completed: 398 skipped: 0 failures: 0 errors: 0
completed: 398 skipped: 0 failures: 0 errors: 0
b49891bdb48dc71299454c983b06e51f005212ee
MATCHED
3
30
build project
running GRADLE
completed: 398 skipped: 0 failures: 0 errors: 0
completed: 398 skipped: 0 failures: 0 errors: 0
0ec9738d8d8d4a595eab93fe98cc1cd0239db09f
MATCHED
4
31
build project
running GRADLE
completed: 398 skipped: 0 failures: 0 errors: 0
completed: 398 skipped: 0 failures: 0 errors: 0
1c1feaa181e980bb7af409b9ab2dd53c3a618489
MATCHED
5
32
build project
running GRADLE
completed: 398 skipped: 0 failures: 0 errors: 0
completed: 398 skipped: 0 failures: 0 errors: 0
d7ef94ad977c9be5ce632cad90378df5031262f8
MATCHED
6
33
build project
running GRADLE
completed: 398 skipped: 0 failures: 0 errors: 0
completed: 398 skipped: 0 failures: 0 errors: 0
67c6a32f0cc67734d400b2162d383cf6c34d1ecc
MATCHED
7
34
build project
running GRADLE
completed: 398 skipped: 0 failures: 0 errors: 0
completed: 398 skipped: 0 failures: 0 errors: 0
5cb2edb4ac941193965e52e10fa5772ae4b6dafe
MATCHED
8
35
build project
running GRADLE
completed: 398 skipped: 0 failures: 0 errors: 0
completed: 398 skipped: 0 failures: 0 errors: 0
4c364a0db0d8daba5e244614f8ecd49704a2429e
MATCHED
9
36
build project
running GRADLE
completed: 398 skipped: 0 failures: 0 errors: 0
completed: 398 skipped: 0 failures: 0 errors: 0
126c5e63c09f95c785339561d1b9d18d8cb34dfa
MATCHED
10
37
build project
running GRADLE
completed: 398 skipped: 0 failures: 0 errors: 0
completed: 398 skipped: 0 failures: 0 errors: 0
ea1ba7b0ad86ad6cd31117cd13437b5607832047
MATCHED
11
38
build project
running GRADLE
completed: 398 skipped: 0 failures: 0 errors: 0
completed: 398 skipped: 0 failures: 0 errors: 0
8596aa0392fb7ab216f35aeb2be80c6dae1b1fc8
MATCHED
12
39
build project
running GRADLE
completed: 398 skipped: 0 failures: 0 errors: 0
completed: 398 skipped: 0 failures: 0 errors: 0
81e5fafabbe3a7d914a1596d9a2d3f718cb27804
MATCHED
13
40
build project
running GRADLE
completed: 398 skipped: 0 failures: 0 errors: 0
completed: 398 skipped: 0 failures: 0 errors: 0
40343e8d7e5fd21e864ecaeb5b375edac3657f1e
MATCHED
14
41
build project
running GRADLE
completed: 398 skipped: 0 failures: 0 errors: 0
completed: 398 skipped: 0 failures: 0 errors: 0
08fd2302848900c0e4e008bbbdcf761f4fd6cfb0
MATCHED
15
42
build project
running GRADLE
completed: 398 skipped: 0 failures: 0 errors: 0
completed: 398 skipped: 0 failures: 0 errors: 0
a70703d7e5d758139c053570c5d3fa54cc6e8b9e
MATCHED
16
43
build project
running GRADLE
completed: 398 skipped: 0 failures: 0 errors: 0
completed: 398 skipped: 0 failures: 0 errors: 0
07f807b856f53a3fab169ccd660748d0c43985e9
MATCHED
17
44
build project
running GRADLE
completed: 398 skipped: 0 failures: 0 errors: 0
completed: 398 skipped: 0 failures: 0 errors: 0
56bbe00da9429986d118378fd1395834fff26ed8
MATCHED
18
45
build project
running GRADLE
completed: 398 skipped: 0 failures: 0 errors: 0
completed: 398 skipped: 0 failures: 0 errors: 0
944746bb25e8936ce5abbbf228bb1b5f65bfb417
MATCHED
19
46
build project
running GRADLE
completed: 398 skipped: 0 failures: 0 errors: 0
completed: 398 skipped: 0 failures: 0 errors: 0
1131c4ef8429cc4408a0551f732fce5875e6a33f
MATCHED
20
47
build project
running GRADLE
completed: 398 skipped: 0 failures: 0 errors: 0
completed: 398 skipped: 0 failures: 0 errors: 0
893be2d706ae6e93b6d5d9a78f0efa627bb7fb43
MATCHED
21
48
build project
running GRADLE
completed: 398 skipped: 0 failures: 0 errors: 0
completed: 398 skipped: 0 failures: 0 errors: 0
7551e60363aa45de8288096d718e4fed7a3a4e25
MATCHED
22
49
build project
running GRADLE
completed: 398 skipped: 0 failures: 0 errors: 0
completed: 398 skipped: 0 failures: 0 errors: 0
4bda6ff2c7650a0576957f57b9333cb85bc9a245
MATCHED
23
50
build project
running GRADLE
completed: 398 skipped: 0 failures: 0 errors: 0
completed: 398 skipped: 0 failures: 0 errors: 0
eed1582293d037d7f65f417d863ca9cee0ae6a35
MATCHED
24
51
build project
running GRADLE
completed: 398 skipped: 0 failures: 0 errors: 0
completed: 398 skipped: 0 failures: 0 errors: 0
ef36d3746212d18873beff19c87471afc2f5948f
MATCHED
25
52
build project
running GRADLE
completed: 398 skipped: 0 failures: 0 errors: 0
completed: 398 skipped: 0 failures: 0 errors: 0
f1f416cffca25c4376f18b932b9bf4754d82a455
MATCHED
26
53
build project
running GRADLE
completed: 398 skipped: 0 failures: 0 errors: 0
completed: 398 skipped: 0 failures: 0 errors: 0
3ba92fb852b500752247fb606818147fb5b7784f
MATCHED
27
54
build project
running GRADLE
completed: 398 skipped: 0 failures: 0 errors: 0
completed: 398 skipped: 0 failures: 0 errors: 0
99be168ce7661699daefd83a188d0cf6f0764163
MATCHED
28
55
build project
running GRADLE
completed: 398 skipped: 0 failures: 0 errors: 0
completed: 398 skipped: 0 failures: 0 errors: 0
bc63499b7a46b6528439eea9677744379a02d494
MATCHED
29
56
build project
running GRADLE
completed: 398 skipped: 0 failures: 0 errors: 0
completed: 398 skipped: 0 failures: 0 errors: 0
f7620a33ca5786d91a7bed2aa3783128eabd138d
MATCHED
30
57
build project
running GRADLE
completed: 398 skipped: 0 failures: 0 errors: 0
completed: 398 skipped: 0 failures: 0 errors: 0
9aa485d75152a2d3ce63639e61acfb850759ff15
MATCHED
31
58
build project
running GRADLE
completed: 398 skipped: 0 failures: 0 errors: 0
completed: 398 skipped: 0 failures: 0 errors: 0
29c0ff1cf18bf00c99414ab5420cba0f45a4ed7c
MATCHED
32
59
build project
running GRADLE
completed: 398 skipped: 0 failures: 0 errors: 0
completed: 398 skipped: 0 failures: 0 errors: 0
8d461ccb327d232f74d811649d8c5069d87f67e2
MATCHED
33
60
build project
running GRADLE
completed: 398 skipped: 0 failures: 0 errors: 0
completed: 398 skipped: 0 failures: 0 errors: 0
cd2f47ade8a5d072b2ccf02a1f7a3cfbdd3cd43f
MATCHED
34
61
build project
running GRADLE
completed: 398 skipped: 0 failures: 0 errors: 0
completed: 398 skipped: 0 failures: 0 errors: 0
5508a96daf181f87e7cc475540cae7c47ddd4f0e
MATCHED
35
62
build project
running GRADLE
completed: 398 skipped: 0 failures: 0 errors: 0
completed: 398 skipped: 0 failures: 0 errors: 0
c26d1c7c6a040f471f6eaa396d90c1212143b9b2
MATCHED
36
63
build project
running GRADLE
completed: 398 skipped: 0 failures: 0 errors: 0
completed: 398 skipped: 0 failures: 0 errors: 0
63b0de56f6134f394ec7886dc089002a58dd20c0
MATCHED
37
64
build project
running GRADLE
completed: 398 skipped: 0 failures: 0 errors: 0
completed: 398 skipped: 0 failures: 0 errors: 0
75e6ae21397272b252ff7ae1647cb17c17afa4c4
MATCHED
38
65
build project
running GRADLE
completed: 398 skipped: 0 failures: 0 errors: 0
completed: 398 skipped: 0 failures: 0 errors: 0
0a84ebee9c4abacd1d8438d5756f87ef6cc57811
MATCHED
39
66
build project
running GRADLE
completed: 398 skipped: 0 failures: 0 errors: 0
completed: 398 skipped: 0 failures: 0 errors: 0
b775e4fd16432e96d67ec55b9241be5222316e81
MATCHED
40
67
build project
running GRADLE
completed: 398 skipped: 0 failures: 0 errors: 0
completed: 398 skipped: 0 failures: 0 errors: 0
29f9ad9694445e9b0abd5367cc0bf2d272766ef4
MATCHED
41
68
build project
running GRADLE
completed: 398 skipped: 0 failures: 0 errors: 0
completed: 398 skipped: 0 failures: 0 errors: 0
dd73a4a2e9a370d461bd3e11bcb2bbcdb0611e70
MATCHED
42
69
build project
running GRADLE
completed: 398 skipped: 0 failures: 0 errors: 0
completed: 398 skipped: 0 failures: 0 errors: 0
6e14231e87f5d77b0883b1ae81b85d064ab799d8
MATCHED
43
70
build project
running GRADLE
completed: 398 skipped: 0 failures: 0 errors: 0
completed: 398 skipped: 0 failures: 0 errors: 0
01d6a81665077ef9acdd8d77a1c4924309718826
MATCHED
44
71
build project
running GRADLE
completed: 398 skipped: 0 failures: 0 errors: 0
completed: 398 skipped: 0 failures: 0 errors: 0
e00fca04333a45423a68700eb3bea7223c4c2e11
MATCHED
45
72
build project
running GRADLE
completed: 398 skipped: 0 failures: 0 errors: 0
completed: 398 skipped: 0 failures: 0 errors: 0
3f97530665d9079b69c3b826e64f166ee3343cb9
MATCHED
46
73
build project
running GRADLE
completed: 398 skipped: 0 failures: 0 errors: 0
completed: 398 skipped: 0 failures: 0 errors: 0
3cb0bc7bbded30a1eac27b7f8c641205eef4686f
MATCHED
47
74
build project
running GRADLE
completed: 398 skipped: 0 failures: 0 errors: 0
completed: 398 skipped: 0 failures: 0 errors: 0
b8c3de833991127c73dc9d9b5390c44316be203e
MATCHED
48
75
build project
running GRADLE
completed: 398 skipped: 0 failures: 0 errors: 0
completed: 398 skipped: 0 failures: 0 errors: 0
70de1d3141401a47050e66c1f7efe69b88b80543
MATCHED
49
76
build project
running GRADLE
completed: 398 skipped: 0 failures: 0 errors: 0
completed: 398 skipped: 0 failures: 0 errors: 0
c8fcf5a3753b4e30e06c66a1ad8cbfd1c245f9fe
MATCHED
50
77
build project
running GRADLE
completed: 398 skipped: 0 failures: 0 errors: 0
completed: 398 skipped: 0 failures: 0 errors: 0
61a5ba3c5648f096fce15b14aab5e3fe161f5896
MATCHED
51
78
build project
running GRADLE
completed: 398 skipped: 0 failures: 0 errors: 0
completed: 398 skipped: 0 failures: 0 errors: 0
64022c8dbacf76f096c63295c6228fd967958739
MATCHED
52
79
build project
running GRADLE
completed: 398 skipped: 0 failures: 0 errors: 0
completed: 398 skipped: 0 failures: 0 errors: 0
4c242491616e7d9b5379f929615e91e580900aa0
MATCHED
53
80
build project
running GRADLE
completed: 398 skipped: 0 failures: 0 errors: 0
completed: 398 skipped: 0 failures: 0 errors: 0
fdeca13f8e1bdf2e40218aa3c724e6f0073d1846
MATCHED
54
81
build project
running GRADLE
completed: 398 skipped: 0 failures: 0 errors: 0
completed: 398 skipped: 0 failures: 0 errors: 0
34e85a8d2641e672dd62f0dd41abc65fd108b04c
MATCHED
55
82
build project
running GRADLE
completed: 398 skipped: 0 failures: 0 errors: 0
completed: 398 skipped: 0 failures: 0 errors: 0
89d083fac8c6511b384a3f9d288e2c042b46c22b
MATCHED
56
83
build project
running GRADLE
completed: 398 skipped: 0 failures: 0 errors: 0
completed: 398 skipped: 0 failures: 0 errors: 0
3d08fdbba0ffdcdcd9da539464b7ac342cd50a3a
MATCHED
57
84
build project
running GRADLE
completed: 398 skipped: 0 failures: 0 errors: 0
completed: 398 skipped: 0 failures: 0 errors: 0
7dc2cc2f99320783eb6e1da299dd494e34f5e2fe
MATCHED
58
85
build project
running GRADLE
completed: 398 skipped: 0 failures: 0 errors: 0
completed: 398 skipped: 0 failures: 0 errors: 0
4d8848ad6b3fe9aaf02bd9fa5bcd3d065052af77
MATCHED
59
86
build project
running GRADLE
completed: 398 skipped: 0 failures: 0 errors: 0
completed: 398 skipped: 0 failures: 0 errors: 0
5615b8b4a6bcb12e6896ce353a697470c3252258
MATCHED
60
87
build project
running GRADLE
completed: 398 skipped: 0 failures: 0 errors: 0
completed: 398 skipped: 0 failures: 0 errors: 0
cc3d8f064f707b1c09b778a386869164362aa8f7
MATCHED
61
88
build project
running GRADLE
completed: 398 skipped: 0 failures: 0 errors: 0
completed: 398 skipped: 0 failures: 0 errors: 0
e6aaa087727c5bc7ba64372a31ae62345304d09f
MATCHED
62
89
build project
running GRADLE
completed: 398 skipped: 0 failures: 0 errors: 0
completed: 398 skipped: 0 failures: 0 errors: 0
34e9c876e98b207197c27646812ce813a0d459c9
MATCHED
63
90
build project
running GRADLE
completed: 398 skipped: 0 failures: 0 errors: 0
completed: 398 skipped: 0 failures: 0 errors: 0
db7c95a9b552146737fbf577cfee3bce2956863f
MATCHED
64
91
build project
running GRADLE
completed: 398 skipped: 0 failures: 0 errors: 0
completed: 398 skipped: 0 failures: 0 errors: 0
6268ea8169a67bf547ac69733c3973c64bef7e0d
MATCHED
65
92
build project
running GRADLE
completed: 398 skipped: 0 failures: 0 errors: 0
completed: 398 skipped: 0 failures: 0 errors: 0
e65b831f9cf8a25e8c1090f4b24ab1f74ffa7237
MATCHED
66
93
build project
running GRADLE
completed: 398 skipped: 0 failures: 0 errors: 0
completed: 398 skipped: 0 failures: 0 errors: 0
0c08e0eaea8eeb9422095dcc28626d5455d028e4
MATCHED
67
94
build project
running GRADLE
completed: 398 skipped: 0 failures: 0 errors: 0
completed: 398 skipped: 0 failures: 0 errors: 0
725eb2e507d83551fffb96d93d06f154107c7852
MATCHED
68
95
build project
running GRADLE
completed: 398 skipped: 0 failures: 0 errors: 0
completed: 398 skipped: 0 failures: 0 errors: 0
11a4c2862d719dc548ec82bd3572d11f6ed92e84
MATCHED
69
96
build project
running GRADLE
completed: 398 skipped: 0 failures: 0 errors: 0
completed: 398 skipped: 0 failures: 0 errors: 0
c22148bfafa17df4ba8d2b20d39ad1a7a3879fe6
MATCHED
70
97
build project
running GRADLE
completed: 398 skipped: 0 failures: 0 errors: 0
completed: 398 skipped: 0 failures: 0 errors: 0
325531aa483cf76344cd1c1d662ad620016ca4c2
MATCHED
71
98
build project
running GRADLE
completed: 398 skipped: 0 failures: 0 errors: 0
completed: 398 skipped: 0 failures: 0 errors: 0
dbac470a54f432c4a4cae3524ec28de17a83627b
MATCHED
72
99
build project
running GRADLE
completed: 398 skipped: 0 failures: 0 errors: 0
completed: 398 skipped: 0 failures: 0 errors: 0
6930d454b4d9b06eec8f036abc37b543e87ac9e8
MATCHED
73
100
build project
running GRADLE
completed: 398 skipped: 0 failures: 0 errors: 0
completed: 398 skipped: 0 failures: 0 errors: 0
d5cf167b060e86e8fa43a41643ad7c45025f0af1
MATCHED
74
101
build project
running GRADLE
completed: 398 skipped: 0 failures: 0 errors: 0
completed: 398 skipped: 0 failures: 0 errors: 0
836ece14d7c38021217353ea17cd2762824a7be5
MATCHED
75
102
build project
running GRADLE
completed: 398 skipped: 0 failures: 0 errors: 0
completed: 398 skipped: 0 failures: 0 errors: 0
5a6cd7eced8dd965d3924f5fd3be8a3a89c2e725
MATCHED
76
103
build project
running GRADLE
completed: 398 skipped: 0 failures: 0 errors: 0
completed: 398 skipped: 0 failures: 0 errors: 0
880ca7073cf4ae1e1e5bbf0b572836f3e72db8e9
MATCHED
77
104
build project
running GRADLE
completed: 398 skipped: 0 failures: 0 errors: 0
completed: 398 skipped: 0 failures: 0 errors: 0
fbcc793e0298439e087620228f4578c410c2c7f1
MATCHED
78
105
build project
running GRADLE
completed: 398 skipped: 0 failures: 0 errors: 0
completed: 398 skipped: 0 failures: 0 errors: 0
4e1bf0b844ae7f38bd82d97a47b510900aaf5ae5
MATCHED
79
106
build project
running GRADLE
completed: 398 skipped: 0 failures: 0 errors: 0
completed: 398 skipped: 0 failures: 0 errors: 0
6c1ba5177fdaf8cf499d332cd0136276474facac
MATCHED
80
107
build project
running GRADLE
completed: 398 skipped: 0 failures: 0 errors: 0
completed: 398 skipped: 0 failures: 0 errors: 0
b6a7ccefd1062e11ed9fdfeed03fbf22b5c8271f
MATCHED
81
108
build project
running GRADLE
completed: 398 skipped: 0 failures: 0 errors: 0
completed: 398 skipped: 0 failures: 0 errors: 0
62bb1c3fbae470b991d621eedede339e80548232
MATCHED
82
109
build project
running GRADLE
completed: 398 skipped: 0 failures: 0 errors: 0
completed: 398 skipped: 0 failures: 0 errors: 0
1c2f39df7383311ff270b697c0f2b0f2546f3f41
MATCHED
83
110
build project
running GRADLE
completed: 398 skipped: 0 failures: 0 errors: 0
completed: 398 skipped: 0 failures: 0 errors: 0
1bc83054056fb2174bbd09ebea420874099beb90
MATCHED
84
111
build project
running GRADLE
completed: 398 skipped: 0 failures: 0 errors: 0
completed: 398 skipped: 0 failures: 0 errors: 0
1babad800b2fe3bb8e2c20a3ad0a1e4d34187cf7
MATCHED
85
112
build project
running GRADLE
completed: 398 skipped: 0 failures: 0 errors: 0
completed: 398 skipped: 0 failures: 0 errors: 0
7ca2b1729febdfac83e1970b12ab3d98a635bf5b
MATCHED
86
113
build project
running GRADLE
completed: 398 skipped: 0 failures: 0 errors: 0
completed: 398 skipped: 0 failures: 0 errors: 0
139de50c6a83ce0fac1bed94604ab25ce6ee2d43
MATCHED
87
114
build project
running GRADLE
completed: 398 skipped: 0 failures: 0 errors: 0
completed: 398 skipped: 0 failures: 0 errors: 0
b96575e7a287455c2ed4eab2f4e1f9140bc77140
MATCHED
88
115
build project
running GRADLE
completed: 398 skipped: 0 failures: 0 errors: 0
completed: 398 skipped: 0 failures: 0 errors: 0
a46ff9011cac47d1f765ad0beef0067a64674356
MATCHED
89
116
build project
running GRADLE
completed: 398 skipped: 0 failures: 0 errors: 0
completed: 398 skipped: 0 failures: 0 errors: 0
6f7adec059654cc618c0af56d296acde6cac15f7
MATCHED
90
117
build project
running GRADLE
completed: 398 skipped: 0 failures: 0 errors: 0
completed: 398 skipped: 0 failures: 0 errors: 0
2d2232294f0fa3344913cdc27ca28a4a389c4e32
MATCHED
91
118
build project
running GRADLE
completed: 398 skipped: 0 failures: 0 errors: 0
completed: 398 skipped: 0 failures: 0 errors: 0
6aa6391b09f2747498bf7bcd30ba17d30a4da2b2
MATCHED
92
119
build project
running GRADLE
completed: 398 skipped: 0 failures: 0 errors: 0
completed: 398 skipped: 0 failures: 0 errors: 0
8d2aec0e1ee9f1b51e3043ad17c8dceec4c20023
MATCHED
93
120
build project
running GRADLE
completed: 398 skipped: 0 failures: 0 errors: 0
completed: 398 skipped: 0 failures: 0 errors: 0
ef29c3eaf11bee2010e626ab082291989dbfa37f
MATCHED
94
121
build project
running GRADLE
completed: 398 skipped: 0 failures: 0 errors: 0
completed: 398 skipped: 0 failures: 0 errors: 0
7d81e48b524b33abb3e548c35efbca1064603dbd
MATCHED
95
122
build project
running GRADLE
completed: 398 skipped: 0 failures: 0 errors: 0
completed: 398 skipped: 0 failures: 0 errors: 0
2f8554c7f423231b7a5f49f8eedd024c81880512
MATCHED
96
123
build project
running GRADLE
completed: 398 skipped: 0 failures: 0 errors: 0
completed: 398 skipped: 0 failures: 0 errors: 0
3d35f04dd44f132ba6648c1fb9dfce7b69ff37bb
MATCHED
97
124
build project
running GRADLE
completed: 398 skipped: 0 failures: 0 errors: 0
completed: 398 skipped: 0 failures: 0 errors: 0
6c90bd499c055987ad9405a6e78a183f73dbea08
MATCHED
98
125
build project
running GRADLE
completed: 398 skipped: 0 failures: 0 errors: 0
completed: 398 skipped: 0 failures: 0 errors: 0
309a00818ed9f65c2436104bc567baface737a37
MATCHED
99
126
build project
running GRADLE
completed: 398 skipped: 0 failures: 0 errors: 0
completed: 398 skipped: 0 failures: 0 errors: 0
7edfdce89fb23188c06ec525585d4cf65efca075
MATCHED
100
127
build project
running GRADLE
completed: 398 skipped: 0 failures: 0 errors: 0
completed: 398 skipped: 0 failures: 0 errors: 0
7f32132c035a2cd1f016fc35355702eb57439cd7
MATCHED
101
128
build project
running GRADLE
completed: 398 skipped: 0 failures: 0 errors: 0
completed: 398 skipped: 0 failures: 0 errors: 0
b6e4847fcb206c9989d40f36321f6c1cc3b5220c
MATCHED
102
129
build project
running GRADLE
completed: 398 skipped: 0 failures: 0 errors: 0
completed: 398 skipped: 0 failures: 0 errors: 0
240e79c9d4d61af781ee83ee8c7387a64f2d03f9
MATCHED
103
130
build project
running GRADLE
completed: 398 skipped: 0 failures: 0 errors: 0
completed: 398 skipped: 0 failures: 0 errors: 0
f5cb99281cbc74e5100b633dc3ed6c0d6499925c
MATCHED
104
131
build project
running GRADLE
completed: 398 skipped: 0 failures: 0 errors: 0
completed: 398 skipped: 0 failures: 0 errors: 0
04992dc11370b8c8497f3e0c01f573a3ea8928ed
MATCHED
105
132
build project
running GRADLE
completed: 398 skipped: 0 failures: 0 errors: 0
completed: 398 skipped: 0 failures: 0 errors: 0
9d23dfb74ce18f58a3c0b4e15b0d4cc30c78eb54
MATCHED
106
133
build project
running GRADLE
completed: 398 skipped: 0 failures: 0 errors: 0
completed: 398 skipped: 0 failures: 0 errors: 0
d383de2ea6643d0ff2cb66a34d6625bb400f0c81
MATCHED
107
134
build project
running GRADLE
completed: 398 skipped: 0 failures: 0 errors: 0
completed: 398 skipped: 0 failures: 0 errors: 0
decf8f4f9c2c9e399a696ada4235e1d67155e5f2
MATCHED
108
135
build project
running GRADLE
completed: 398 skipped: 0 failures: 0 errors: 0
completed: 398 skipped: 0 failures: 0 errors: 0
e0e3d256bede32afcae580630d9361d881840721
MATCHED
109
136
build project
running GRADLE
completed: 398 skipped: 0 failures: 0 errors: 0
completed: 398 skipped: 0 failures: 0 errors: 0
0ceab18ce4b79f1c5ff8d3901229f7085d736eeb
MATCHED
110
137
build project
running GRADLE
completed: 398 skipped: 0 failures: 0 errors: 0
completed: 398 skipped: 0 failures: 0 errors: 0
e7303cc95768ad1bf458815bf449bc4385dfc539
MATCHED
111
138
build project
running GRADLE
completed: 398 skipped: 0 failures: 0 errors: 0
completed: 398 skipped: 0 failures: 0 errors: 0
57acd39f70f99db557b49bd9db835320614c8ff7
MATCHED
112
139
build project
running GRADLE
completed: 398 skipped: 0 failures: 0 errors: 0
completed: 398 skipped: 0 failures: 0 errors: 0
eaed9471707111418c4e363ba1b3751813ab6a71
MATCHED
113
140
build project
running GRADLE
completed: 398 skipped: 0 failures: 0 errors: 0
completed: 398 skipped: 0 failures: 0 errors: 0
f7ce14f90dbcd9db85a1c8b762ff981d9e4725c2
MATCHED
114
141
build project
running GRADLE
completed: 398 skipped: 0 failures: 0 errors: 0
completed: 398 skipped: 0 failures: 0 errors: 0
5dcc0f847d780b879acafb20de5ccce4a78873c8
MATCHED
115
142
build project
running GRADLE
completed: 398 skipped: 0 failures: 0 errors: 0
completed: 398 skipped: 0 failures: 0 errors: 0
0d8e66ba33d22be68c4cba04a25e26d7cf3b6c07
MATCHED
116
143
build project
running GRADLE
completed: 398 skipped: 0 failures: 0 errors: 0
completed: 398 skipped: 0 failures: 0 errors: 0
2bc1a9de8630e50a22498e89b32183c09bda93b4
MATCHED
117
144
build project
running GRADLE
completed: 398 skipped: 0 failures: 0 errors: 0
completed: 398 skipped: 0 failures: 0 errors: 0
629ac992c1441769557b011d6016a4f1bc17e367
MATCHED
118
145
build project
running GRADLE
completed: 398 skipped: 0 failures: 0 errors: 0
completed: 398 skipped: 0 failures: 0 errors: 0
309b511285f5d20c756291a9c36d37e886d16fa6
MATCHED
119
146
build project
running GRADLE
completed: 398 skipped: 0 failures: 0 errors: 0
completed: 398 skipped: 0 failures: 0 errors: 0
c29e43638959e433b4efd47931df2d90edb51ed8
MATCHED
120
147
build project
running GRADLE
completed: 398 skipped: 0 failures: 0 errors: 0
completed: 398 skipped: 0 failures: 0 errors: 0
9458fff764e07459d818a9d91962f0bb94e09e81
MATCHED
121
148
build project
running GRADLE
completed: 398 skipped: 0 failures: 0 errors: 0
completed: 398 skipped: 0 failures: 0 errors: 0
70f5ee24c4278978298e206e69e71ad4888cf900
MATCHED
122
149
build project
running GRADLE
completed: 398 skipped: 0 failures: 0 errors: 0
completed: 398 skipped: 0 failures: 0 errors: 0
73a3dc9d4a5cbd5f6c45bd521c970eff5add4c90
MATCHED
123
150
build project
running GRADLE
completed: 398 skipped: 0 failures: 0 errors: 0
completed: 398 skipped: 0 failures: 0 errors: 0
0e3821495c783de1d0064bc4766de07907fd711c
MATCHED
124
151
build project
running GRADLE
completed: 398 skipped: 0 failures: 0 errors: 0
completed: 398 skipped: 0 failures: 0 errors: 0
eb07dc2177dcf65f3851c96aa45ab3eeed471dca
MATCHED
125
152
build project
running GRADLE
completed: 398 skipped: 0 failures: 0 errors: 0
completed: 398 skipped: 0 failures: 0 errors: 0
b8ac46fbefee16073ee20d478b198ad68bd0231a
MATCHED
126
153
build project
running GRADLE
completed: 398 skipped: 0 failures: 0 errors: 0
completed: 398 skipped: 0 failures: 0 errors: 0
4b0cd4b67dfc8552c6ff277f0fa1c5da9c70bf20
MATCHED
127
154
build project
running GRADLE
completed: 398 skipped: 0 failures: 0 errors: 0
completed: 0 skipped: 0 failures: 0 errors: 0
155
build project
running GRADLE
completed: 0 skipped: 0 failures: 0 errors: 0
completed: 0 skipped: 0 failures: 0 errors: 0
156
build project
running GRADLE
completed: 0 skipped: 0 failures: 0 errors: 0
completed: 0 skipped: 0 failures: 0 errors: 0
157
build project
running GRADLE
completed: 0 skipped: 0 failures: 0 errors: 0
completed: 0 skipped: 0 failures: 0 errors: 0
158
build project
running GRADLE
completed: 0 skipped: 0 failures: 0 errors: 0
completed: 710 skipped: 14 failures: 0 errors: 0
159
build project
running GRADLE
completed: 710 skipped: 14 failures: 0 errors: 0
completed: 710 skipped: 14 failures: 0 errors: 0
c2daf0fa23340bca480f674365e755b8872159c0
MATCHED
133
160
build project
running GRADLE
completed: 710 skipped: 14 failures: 0 errors: 0
completed: 710 skipped: 14 failures: 0 errors: 0
50c951d9a58f6408d0b4c4f3ec31cee28f7dba49
MATCHED
134
161
build project
running GRADLE
completed: 710 skipped: 14 failures: 0 errors: 0
completed: 710 skipped: 14 failures: 0 errors: 0
d3619cca77c5f1386460a5dc90f5f1accb709201
MATCHED
135
162
build project
running GRADLE
completed: 710 skipped: 14 failures: 0 errors: 0
completed: 710 skipped: 14 failures: 0 errors: 0
c431a1dcc0f8b0c5e88e464c53a40bea6c76d78a
MATCHED
136
163
build project
running GRADLE
completed: 710 skipped: 14 failures: 0 errors: 0
completed: 710 skipped: 14 failures: 0 errors: 0
4611d3e63b62b79306a951a91b14c2e0589ba990
MATCHED
137
164
build project
running GRADLE
completed: 710 skipped: 14 failures: 0 errors: 0
completed: 710 skipped: 14 failures: 0 errors: 0
fbe60e66bb7392d9e9ed5f1b08131404d8a7102c
MATCHED
138
165
build project
running GRADLE
completed: 710 skipped: 14 failures: 0 errors: 0
completed: 710 skipped: 14 failures: 0 errors: 0
71fe328d4a5e48cf9b6f36de12454ee837b961fb
MATCHED
139
166
build project
running GRADLE
completed: 710 skipped: 14 failures: 0 errors: 0
completed: 710 skipped: 14 failures: 0 errors: 0
d47396ab60142e63eedb034d17fd32b26cdb360d
MATCHED
140
167
build project
running GRADLE
completed: 710 skipped: 14 failures: 0 errors: 0
completed: 710 skipped: 14 failures: 0 errors: 0
0853a2bb44e40a88b9acecc0499005499690dc62
MATCHED
141
168
build project
running GRADLE
completed: 710 skipped: 14 failures: 0 errors: 0
completed: 710 skipped: 14 failures: 0 errors: 0
e9d86b7a149cf5cf32b3fa60120dbcfa05eae958
MATCHED
142
169
build project
running GRADLE
completed: 710 skipped: 14 failures: 0 errors: 0
completed: 710 skipped: 14 failures: 0 errors: 0
b08ef79c440f9a40c443fe5fac446277e61e77c4
MATCHED
143
170
build project
running GRADLE
completed: 710 skipped: 14 failures: 0 errors: 0
completed: 710 skipped: 14 failures: 1 errors: 0
171
build project
running GRADLE
completed: 710 skipped: 14 failures: 1 errors: 0
completed: 710 skipped: 14 failures: 0 errors: 0
172
build project
running GRADLE
completed: 710 skipped: 14 failures: 0 errors: 0
completed: 710 skipped: 14 failures: 0 errors: 0
c0c65f6c65eb84c807d3bc54e6e54f68c173be77
MATCHED
146
173
build project
running GRADLE
completed: 710 skipped: 14 failures: 0 errors: 0
completed: 710 skipped: 14 failures: 0 errors: 0
1de79a618e6acdea54baa721baa7389ab85b054c
MATCHED
147
174
build project
running GRADLE
completed: 710 skipped: 14 failures: 0 errors: 0
completed: 710 skipped: 14 failures: 0 errors: 0
e151b8e08f9d56f39d4fbd4e152b6c9cbe16fd16
MATCHED
148
175
build project
running GRADLE
completed: 710 skipped: 14 failures: 0 errors: 0
completed: 710 skipped: 14 failures: 0 errors: 0
60fab0936bffe8c1be4bd61b6d6bc9a6d171d740
MATCHED
149
176
build project
running GRADLE
completed: 710 skipped: 14 failures: 0 errors: 0
completed: 710 skipped: 14 failures: 0 errors: 0
72bf1efec8a71973bfb8b5d7cacf2e9b540d3f31
MATCHED
150
177
build project
running GRADLE
completed: 710 skipped: 14 failures: 0 errors: 0
completed: 710 skipped: 14 failures: 0 errors: 0
22923e91610b6682d4984c3a447d35d25dec59c8
MATCHED
151
178
build project
running GRADLE
completed: 710 skipped: 14 failures: 0 errors: 0
completed: 710 skipped: 14 failures: 0 errors: 0
058e48acd8bbfd7474a81e1d93d478aea2ba3bbc
MATCHED
152
179
build project
running GRADLE
completed: 710 skipped: 14 failures: 0 errors: 0
completed: 710 skipped: 14 failures: 0 errors: 0
c32765209e701e5d5dea5883b6756dcfaa4d4c0b
MATCHED
153
180
build project
running GRADLE
completed: 710 skipped: 14 failures: 0 errors: 0
completed: 710 skipped: 14 failures: 0 errors: 0
bb978a22a8be8029a301c7e6053b5aaf57e2cf0e
MATCHED
154
181
build project
running GRADLE
completed: 710 skipped: 14 failures: 0 errors: 0
completed: 710 skipped: 14 failures: 1 errors: 0
182
build project
running GRADLE
completed: 710 skipped: 14 failures: 1 errors: 0
completed: 710 skipped: 14 failures: 0 errors: 0
183
build project
running GRADLE
completed: 710 skipped: 14 failures: 0 errors: 0
completed: 710 skipped: 14 failures: 0 errors: 0
2c09b994d327065f89fe92ce43e8994013518798
MATCHED
157
184
build project
running GRADLE
completed: 710 skipped: 14 failures: 0 errors: 0
completed: 710 skipped: 14 failures: 0 errors: 0
ba8e627f328e9b84943dffe5e4e3896a1cae6fec
MATCHED
158
185
build project
running GRADLE
completed: 710 skipped: 14 failures: 0 errors: 0
completed: 710 skipped: 14 failures: 0 errors: 0
2359fb005cf8349adb086ede27bfcae176e0492a
MATCHED
159
186
build project
running GRADLE
completed: 710 skipped: 14 failures: 0 errors: 0
completed: 710 skipped: 14 failures: 0 errors: 0
f2b191514754133fb9bcc4981769b1a99116de1d
MATCHED
160
187
build project
running GRADLE
completed: 710 skipped: 14 failures: 0 errors: 0
completed: 710 skipped: 14 failures: 0 errors: 0
74d7a035281372a93a305f398de977cb638f82bc
MATCHED
161
188
build project
running GRADLE
completed: 710 skipped: 14 failures: 0 errors: 0
completed: 710 skipped: 14 failures: 0 errors: 0
7d793ba35f99c3a3f91dbddd9bbea44bf87a459b
MATCHED
162
189
build project
running GRADLE
completed: 710 skipped: 14 failures: 0 errors: 0
completed: 710 skipped: 14 failures: 0 errors: 0
17295416e8a6cdd6973efe9dc7f614e1479ed456
MATCHED
163
190
build project
running GRADLE
completed: 710 skipped: 14 failures: 0 errors: 0
completed: 710 skipped: 14 failures: 0 errors: 0
393d720d75e1b05893806a24ad5242fd5c0e0fd8
MATCHED
164
191
build project
running GRADLE
completed: 710 skipped: 14 failures: 0 errors: 0
completed: 710 skipped: 14 failures: 0 errors: 0
a40a38c15cb325da0dcc4ddd90b7c53f02b00b30
MATCHED
165
192
build project
running GRADLE
completed: 710 skipped: 14 failures: 0 errors: 0
completed: 710 skipped: 14 failures: 0 errors: 0
5b9305ae75d718bbf1e2de017710e62f248f3e78
MATCHED
166
193
build project
running GRADLE
completed: 710 skipped: 14 failures: 0 errors: 0
completed: 710 skipped: 14 failures: 0 errors: 0
438f109e1b8f4fa364aa8855c9bb752f70dc3755
MATCHED
167
194
build project
running GRADLE
completed: 710 skipped: 14 failures: 0 errors: 0
completed: 710 skipped: 14 failures: 0 errors: 0
acb3525af839ada7a2c048b02dbb247fdbcac884
MATCHED
168
195
build project
running GRADLE
completed: 710 skipped: 14 failures: 0 errors: 0
completed: 710 skipped: 14 failures: 0 errors: 0
e7e7f7e5ef83b83397ac79aa4cf824f817a4a64e
MATCHED
169
196
build project
running GRADLE
completed: 710 skipped: 14 failures: 0 errors: 0
completed: 710 skipped: 14 failures: 0 errors: 0
37bb6bcd818d17b0942777be749123adfd1bb847
MATCHED
170
197
build project
running GRADLE
completed: 710 skipped: 14 failures: 0 errors: 0
completed: 710 skipped: 14 failures: 0 errors: 0
3e97be9ad483061dd2346a39ecddd6db45302a4e
MATCHED
171
198
build project
running GRADLE
completed: 710 skipped: 14 failures: 0 errors: 0
completed: 710 skipped: 14 failures: 1 errors: 0
199
build project
running GRADLE
completed: 710 skipped: 14 failures: 1 errors: 0
completed: 710 skipped: 14 failures: 0 errors: 0
200
build project
running GRADLE
completed: 710 skipped: 14 failures: 0 errors: 0
completed: 710 skipped: 14 failures: 0 errors: 0
3ac1a258ac02ae9ac583118d236da8092e015e8a
MATCHED
174
201
build project
running GRADLE
completed: 710 skipped: 14 failures: 0 errors: 0
completed: 710 skipped: 14 failures: 0 errors: 0
874e4bfe13896a661a236abcdfda648fb8c9d2f5
MATCHED
175
202
build project
running GRADLE
completed: 710 skipped: 14 failures: 0 errors: 0
completed: 710 skipped: 14 failures: 0 errors: 0
0ad0271a9113c98f45aa53dcf15641ac19c2c7f1
MATCHED
176
203
build project
running GRADLE
completed: 710 skipped: 14 failures: 0 errors: 0
completed: 710 skipped: 14 failures: 0 errors: 0
c379bad521132a1d263f264e1f08505d09efa65b
MATCHED
177
204
build project
running GRADLE
completed: 710 skipped: 14 failures: 0 errors: 0
completed: 710 skipped: 14 failures: 0 errors: 0
c8d9ceca2e4f4137646180863b798ca5b42f788d
MATCHED
178
205
build project
running GRADLE
completed: 710 skipped: 14 failures: 0 errors: 0
completed: 710 skipped: 14 failures: 0 errors: 0
0cf7eb5a6ad26d9120fd8b9a5e78c90606f688fc
MATCHED
179
206
build project
running GRADLE
completed: 710 skipped: 14 failures: 0 errors: 0
completed: 710 skipped: 14 failures: 0 errors: 0
be30ea982a628a10eb86ed74bde299eee372ee1f
MATCHED
180
207
build project
running GRADLE
completed: 710 skipped: 14 failures: 0 errors: 0
completed: 710 skipped: 14 failures: 0 errors: 0
a91e1d5b6b73389fdb13f7b6938f79479e1e96b8
MATCHED
181
208
build project
running GRADLE
completed: 710 skipped: 14 failures: 0 errors: 0
completed: 710 skipped: 14 failures: 0 errors: 0
6a4e54ece598ff804d45f6c9e8d1a3c08651289d
MATCHED
182
209
build project
running GRADLE
completed: 710 skipped: 14 failures: 0 errors: 0
completed: 710 skipped: 14 failures: 0 errors: 0
5009d59292218de2cfff5e301fff1954ee83b702
MATCHED
183
210
build project
running GRADLE
completed: 710 skipped: 14 failures: 0 errors: 0
completed: 710 skipped: 14 failures: 0 errors: 0
2925961d861b7b1417564e67b3c4dcdb14303ca6
MATCHED
184
211
build project
running GRADLE
completed: 710 skipped: 14 failures: 0 errors: 0
completed: 710 skipped: 14 failures: 0 errors: 0
a71f19c7836480388589b4dd0ccc2f202900b5e8
MATCHED
185
212
build project
running GRADLE
completed: 710 skipped: 14 failures: 0 errors: 0
completed: 710 skipped: 14 failures: 0 errors: 0
b2049dcc2f2b5d8541e03682e3919d1b4c18eda8
MATCHED
186
213
build project
running GRADLE
completed: 710 skipped: 14 failures: 0 errors: 0
completed: 710 skipped: 14 failures: 0 errors: 0
56d3a96ee35bd6c7ca99b9b0b4b426236d1eb838
MATCHED
187
214
build project
running GRADLE
completed: 710 skipped: 14 failures: 0 errors: 0
completed: 710 skipped: 14 failures: 0 errors: 0
3efa83e3727932dcd46531961734338e4287508c
MATCHED
188
215
build project
running GRADLE
completed: 710 skipped: 14 failures: 0 errors: 0
completed: 710 skipped: 14 failures: 0 errors: 0
a5d50e686adb5a83e502f1fb6a0833db7a8025ad
MATCHED
189
216
build project
running GRADLE
completed: 710 skipped: 14 failures: 0 errors: 0
completed: 640 skipped: 14 failures: 0 errors: 0
217
build project
running GRADLE
completed: 640 skipped: 14 failures: 0 errors: 0
completed: 640 skipped: 14 failures: 0 errors: 0
d15b85964a5094c8bffb876cb98fec95130989e3
MATCHED
191
218
build project
running GRADLE
completed: 640 skipped: 14 failures: 0 errors: 0
completed: 640 skipped: 14 failures: 0 errors: 0
2e5a2981dc095e57db87b4488684cce7da8e3e77
MATCHED
192
219
build project
running GRADLE
completed: 640 skipped: 14 failures: 0 errors: 0
completed: 640 skipped: 14 failures: 0 errors: 0
cf051120ebb5bb55405b589b2982b21acf700c93
MATCHED
193
220
build project
running GRADLE
completed: 640 skipped: 14 failures: 0 errors: 0
completed: 640 skipped: 14 failures: 1 errors: 0
221
build project
running GRADLE
completed: 640 skipped: 14 failures: 1 errors: 0
completed: 640 skipped: 14 failures: 0 errors: 0
222
build project
running GRADLE
completed: 640 skipped: 14 failures: 0 errors: 0
completed: 640 skipped: 14 failures: 0 errors: 0
e8d5fbb3cf416eaf4c556849b4f4e03c219f4479
MATCHED
196
223
build project
running GRADLE
completed: 640 skipped: 14 failures: 0 errors: 0
completed: 640 skipped: 14 failures: 0 errors: 0
aaa7196fb2444e0e770ee18f04e192ddede60d65
MATCHED
197
224
build project
running GRADLE
completed: 640 skipped: 14 failures: 0 errors: 0
completed: 640 skipped: 14 failures: 0 errors: 0
770d28be61198a05397856bae33056d266b751f8
MATCHED
198
225
build project
running GRADLE
completed: 640 skipped: 14 failures: 0 errors: 0
completed: 640 skipped: 14 failures: 0 errors: 0
9ddeda787a4cdfd4dc455870a3545e905d34fd44
MATCHED
199
226
build project
running GRADLE
completed: 640 skipped: 14 failures: 0 errors: 0
completed: 640 skipped: 14 failures: 0 errors: 0
c6099ae33b969889a8439a37dd7dc6b2ad6ebb55
MATCHED
200
227
build project
running GRADLE
completed: 640 skipped: 14 failures: 0 errors: 0
completed: 640 skipped: 14 failures: 0 errors: 0
9c6996163bc046d88e1a4da88860d39011ed9c35
MATCHED
201
228
build project
running GRADLE
completed: 640 skipped: 14 failures: 0 errors: 0
completed: 640 skipped: 14 failures: 0 errors: 0
a0c9a46539144c1fb1b7f957c5d978b5b49ab396
MATCHED
202
229
build project
running GRADLE
completed: 640 skipped: 14 failures: 0 errors: 0
completed: 640 skipped: 14 failures: 0 errors: 0
c7498744fe19a8bb5050022d51bdae9d0e71abd2
MATCHED
203
230
build project
running GRADLE
completed: 640 skipped: 14 failures: 0 errors: 0
completed: 640 skipped: 14 failures: 0 errors: 0
273f16821e1a0159b9a31fbdda2ff5a07c4155b1
MATCHED
204
231
build project
running GRADLE
completed: 640 skipped: 14 failures: 0 errors: 0
completed: 640 skipped: 14 failures: 0 errors: 0
026910660150edae233f287306e9174d682bd564
MATCHED
205
232
build project
running GRADLE
completed: 640 skipped: 14 failures: 0 errors: 0
completed: 640 skipped: 14 failures: 0 errors: 0
b2fb7ba7604aa56d75c89ffd7e08c4361fe52569
MATCHED
206
233
build project
running GRADLE
completed: 640 skipped: 14 failures: 0 errors: 0
completed: 640 skipped: 14 failures: 0 errors: 0
29d9c18a9cf67cf29cde3bf04585c706103a072a
MATCHED
207
234
build project
running GRADLE
completed: 640 skipped: 14 failures: 0 errors: 0
completed: 640 skipped: 14 failures: 0 errors: 0
5eeaa3aa8276aefa7726dae7a831661367c35ab2
MATCHED
208
235
build project
running GRADLE
completed: 640 skipped: 14 failures: 0 errors: 0
completed: 640 skipped: 14 failures: 0 errors: 0
20415d07da48627d3fc1862d2bea523a0159fe98
MATCHED
209
236
build project
running GRADLE
completed: 640 skipped: 14 failures: 0 errors: 0
completed: 640 skipped: 14 failures: 0 errors: 0
76e70fbe10935d63a19dff8e3d635b05578a4130
MATCHED
210
237
build project
running GRADLE
completed: 640 skipped: 14 failures: 0 errors: 0
completed: 640 skipped: 14 failures: 0 errors: 0
bbc795aa96852cd61ea88fd38b8ee3328eb3803e
MATCHED
211
238
build project
running GRADLE
completed: 640 skipped: 14 failures: 0 errors: 0
completed: 640 skipped: 14 failures: 0 errors: 0
c74abcdfa85e5c2d071bc1aa0392d63856fc369b
MATCHED
212
239
build project
running GRADLE
completed: 640 skipped: 14 failures: 0 errors: 0
completed: 640 skipped: 14 failures: 0 errors: 0
0de3d2c23ea39876016af7711bbe31515582f4a8
MATCHED
213
240
build project
running GRADLE
completed: 640 skipped: 14 failures: 0 errors: 0
completed: 640 skipped: 14 failures: 0 errors: 0
a9a2d71f2d9f28c63a2d5147e04db79b9bdd980f
MATCHED
214
241
build project
running GRADLE
completed: 640 skipped: 14 failures: 0 errors: 0
completed: 640 skipped: 14 failures: 0 errors: 0
f43d5990600c9ac6c3a18e14e4d3c260cf78b462
MATCHED
215
242
build project
running GRADLE
completed: 640 skipped: 14 failures: 0 errors: 0
completed: 640 skipped: 14 failures: 0 errors: 0
a7710058064aa665eec19e218a83e1371a84f3c0
MATCHED
216
243
build project
running GRADLE
completed: 640 skipped: 14 failures: 0 errors: 0
completed: 640 skipped: 14 failures: 1 errors: 0
244
build project
running GRADLE
completed: 640 skipped: 14 failures: 1 errors: 0
completed: 640 skipped: 14 failures: 0 errors: 0
245
build project
running GRADLE
completed: 640 skipped: 14 failures: 0 errors: 0
completed: 640 skipped: 14 failures: 0 errors: 0
a1ced144448baaee7171d2397c6916e76feebc34
MATCHED
219
246
build project
running GRADLE
completed: 640 skipped: 14 failures: 0 errors: 0
completed: 640 skipped: 14 failures: 0 errors: 0
22a74867bb24db26fec2fb04a7b381811565b242
MATCHED
220
247
build project
running GRADLE
completed: 640 skipped: 14 failures: 0 errors: 0
completed: 640 skipped: 14 failures: 0 errors: 0
dad91e6517d150833eac000ea6713345ff49c5b3
MATCHED
221
248
build project
running GRADLE
completed: 640 skipped: 14 failures: 0 errors: 0
completed: 640 skipped: 14 failures: 0 errors: 0
0a4bcbb5160bd455364658e2958fb210be7f5518
MATCHED
222
249
build project
running GRADLE
completed: 640 skipped: 14 failures: 0 errors: 0
completed: 640 skipped: 14 failures: 0 errors: 0
8596f54d0f34a836e77e76148aa2a8335f94aa13
MATCHED
223
250
build project
running GRADLE
completed: 640 skipped: 14 failures: 0 errors: 0
completed: 640 skipped: 14 failures: 0 errors: 0
2547c42748528c626ec1bf478241313a95dca990
MATCHED
224
251
build project
running GRADLE
completed: 640 skipped: 14 failures: 0 errors: 0
completed: 640 skipped: 14 failures: 0 errors: 0
87914c403d11112665655370d01d72c597769d7a
MATCHED
225
252
build project
running GRADLE
completed: 640 skipped: 14 failures: 0 errors: 0
completed: 640 skipped: 14 failures: 0 errors: 0
4a9961559c8240cbb88eeecf2303f956d0185120
MATCHED
226
253
build project
running GRADLE
completed: 640 skipped: 14 failures: 0 errors: 0
completed: 640 skipped: 14 failures: 0 errors: 0
f2bf2a2d95b78282bf54e60152cd3b0fdface3ed
MATCHED
227
254
build project
running GRADLE
completed: 640 skipped: 14 failures: 0 errors: 0
completed: 640 skipped: 14 failures: 0 errors: 0
924445e78aa5777c10da92b1e729c56bf085ffc0
MATCHED
228
255
build project
running GRADLE
completed: 640 skipped: 14 failures: 0 errors: 0
completed: 640 skipped: 14 failures: 1 errors: 0
256
build project
running GRADLE
completed: 640 skipped: 14 failures: 1 errors: 0
completed: 640 skipped: 14 failures: 0 errors: 0
257
build project
running GRADLE
completed: 640 skipped: 14 failures: 0 errors: 0
completed: 640 skipped: 14 failures: 0 errors: 0
ea041d465e02fde3e0191683a8353ecb351bd7a2
MATCHED
231
258
build project
running GRADLE
completed: 640 skipped: 14 failures: 0 errors: 0
completed: 640 skipped: 14 failures: 0 errors: 0
f3bd19cd58468c864efcb02e45dac0f148279637
MATCHED
232
259
build project
running GRADLE
completed: 640 skipped: 14 failures: 0 errors: 0
completed: 640 skipped: 14 failures: 0 errors: 0
cf346e44cfb422251875dac1ac94e1a159cb1f7b
MATCHED
233
260
build project
running GRADLE
completed: 640 skipped: 14 failures: 0 errors: 0
completed: 640 skipped: 14 failures: 0 errors: 0
f75bb4223d417ea4f1326dc7932e163e944a4279
MATCHED
234
261
build project
running GRADLE
completed: 640 skipped: 14 failures: 0 errors: 0
completed: 640 skipped: 14 failures: 0 errors: 0
9159554e1e6d41c4e7922596131fbe59659e5d38
MATCHED
235
262
build project
running GRADLE
completed: 640 skipped: 14 failures: 0 errors: 0
completed: 640 skipped: 14 failures: 0 errors: 0
6468413d6631a569948d52dad31594109ddb979a
MATCHED
236
263
build project
running GRADLE
completed: 640 skipped: 14 failures: 0 errors: 0
completed: 640 skipped: 14 failures: 0 errors: 0
bd503114a41cb013927f2addd859e9cf61cc149a
MATCHED
237
264
build project
running GRADLE
completed: 640 skipped: 14 failures: 0 errors: 0
completed: 640 skipped: 14 failures: 0 errors: 0
01592c8a1c33cd379cc27fe0868dc41b832fd3a6
MATCHED
238
265
build project
running GRADLE
completed: 640 skipped: 14 failures: 0 errors: 0
completed: 640 skipped: 14 failures: 0 errors: 0
23a0d0f66f75a21aa76817c1c2170fe25ce8bed9
MATCHED
239
266
build project
running GRADLE
completed: 640 skipped: 14 failures: 0 errors: 0
completed: 640 skipped: 14 failures: 0 errors: 0
2a56c803c5d2a3295b31ae43b92c5d00d03aea5a
MATCHED
240
267
build project
running GRADLE
completed: 640 skipped: 14 failures: 0 errors: 0
completed: 640 skipped: 14 failures: 0 errors: 0
700a203798d12480d56f9f02421ded77af54c68d
MATCHED
241
268
build project
running GRADLE
completed: 640 skipped: 14 failures: 0 errors: 0
completed: 640 skipped: 14 failures: 0 errors: 0
3fe34ee81397e02f4b0e656f9656133d89afdcb1
MATCHED
242
269
build project
running GRADLE
completed: 640 skipped: 14 failures: 0 errors: 0
completed: 640 skipped: 14 failures: 0 errors: 0
099134849d1a6f602f30f2e83fcfcbe95f721769
MATCHED
243
270
build project
running GRADLE
completed: 640 skipped: 14 failures: 0 errors: 0
completed: 640 skipped: 14 failures: 0 errors: 0
95e34ea68a81d3c3e175a3dc20ce154b1ca472d7
MATCHED
244
271
build project
running GRADLE
completed: 640 skipped: 14 failures: 0 errors: 0
completed: 312 skipped: 14 failures: 0 errors: 0
272
build project
running GRADLE
completed: 312 skipped: 14 failures: 0 errors: 0
completed: 312 skipped: 14 failures: 0 errors: 0
bb117422a715aebe41c47ee8e0c5da75789a75ec
MATCHED
246
273
build project
running GRADLE
completed: 312 skipped: 14 failures: 0 errors: 0
completed: 312 skipped: 14 failures: 0 errors: 0
8ebe035172c3c28f91db7ed40f13e652295f156b
MATCHED
247
274
build project
running GRADLE
completed: 312 skipped: 14 failures: 0 errors: 0
completed: 312 skipped: 14 failures: 0 errors: 0
537b74173f4a36dfc52e5989d77de27cfba9ab3b
MATCHED
248
275
build project
running GRADLE
completed: 312 skipped: 14 failures: 0 errors: 0
completed: 312 skipped: 14 failures: 0 errors: 0
d343639eb83f28a2c9da872cad2b7eaa93256830
MATCHED
249
276
build project
running GRADLE
completed: 312 skipped: 14 failures: 0 errors: 0
completed: 312 skipped: 14 failures: 0 errors: 0
cdff7cf90734955662209fada12c691b68252a63
MATCHED
250
277
build project
running GRADLE
completed: 312 skipped: 14 failures: 0 errors: 0
completed: 312 skipped: 14 failures: 0 errors: 0
e4c304a20efa42cae13f2c30a2767575f8c72451
MATCHED
251
278
build project
running GRADLE
completed: 312 skipped: 14 failures: 0 errors: 0
completed: 312 skipped: 14 failures: 0 errors: 0
5b8764b489ea3430a7a712c8902acfe87bd1394d
MATCHED
252
279
build project
running GRADLE
completed: 312 skipped: 14 failures: 0 errors: 0
completed: 312 skipped: 14 failures: 0 errors: 0
251a8a18e57066342db7fdbaacdf26332f54830d
MATCHED
253
280
build project
running GRADLE
completed: 312 skipped: 14 failures: 0 errors: 0
completed: 312 skipped: 14 failures: 0 errors: 0
e5b01385f8bdf6bfb01bf8fdd21e7ca513e3b92c
MATCHED
254
281
build project
running GRADLE
completed: 312 skipped: 14 failures: 0 errors: 0
completed: 312 skipped: 14 failures: 0 errors: 0
1fd49036f14625d5cedb563bc184e7efa002051a
MATCHED
255
282
build project
running GRADLE
completed: 312 skipped: 14 failures: 0 errors: 0
completed: 312 skipped: 14 failures: 0 errors: 0
82ff9abd2f7646118a30662f60536fb116a373de
MATCHED
256
283
build project
running GRADLE
completed: 312 skipped: 14 failures: 0 errors: 0
completed: 312 skipped: 14 failures: 0 errors: 0
a7656794c159a72d22a6cf77b09cf7160b485b7c
MATCHED
257
284
build project
running GRADLE
completed: 312 skipped: 14 failures: 0 errors: 0
completed: 312 skipped: 14 failures: 0 errors: 0
95ce063e5c6250e830e2878d17fe0dc6345e1ced
MATCHED
258
285
build project
running GRADLE
completed: 312 skipped: 14 failures: 0 errors: 0
completed: 312 skipped: 14 failures: 0 errors: 0
ea71a570ba0a7234be2f2a3137f0ac222e94bb87
MATCHED
259
286
build project
running GRADLE
completed: 312 skipped: 14 failures: 0 errors: 0
completed: 312 skipped: 14 failures: 0 errors: 0
08f2fb2fb1f86939d2204e4a5cbf3bb9c47bbcca
MATCHED
260
287
build project
running GRADLE
completed: 312 skipped: 14 failures: 0 errors: 0
completed: 312 skipped: 14 failures: 0 errors: 0
c111220c4cc8b20222b48e9d32387745c8ad0710
MATCHED
261
288
build project
running GRADLE
completed: 312 skipped: 14 failures: 0 errors: 0
completed: 312 skipped: 14 failures: 0 errors: 0
091e8b7c4cd11a6cc5b535dd84d8e21a1e243ac0
MATCHED
262
289
build project
running GRADLE
completed: 312 skipped: 14 failures: 0 errors: 0
completed: 312 skipped: 14 failures: 0 errors: 0
b22f93a03ec277be69cac1a43db330a31a124988
MATCHED
263
290
build project
running GRADLE
completed: 312 skipped: 14 failures: 0 errors: 0
completed: 312 skipped: 14 failures: 0 errors: 0
e1b3b217c808952936694f366e9d2f210b30e8a2
MATCHED
264
291
build project
running GRADLE
completed: 312 skipped: 14 failures: 0 errors: 0
completed: 312 skipped: 14 failures: 0 errors: 0
3a921422bc7a8a432157fd0e0b17d1ec0761a105
MATCHED
265
292
build project
running GRADLE
completed: 312 skipped: 14 failures: 0 errors: 0
completed: 312 skipped: 14 failures: 0 errors: 0
658c4fc2d4896f9310d5b1565fd4ca10827ef6cf
MATCHED
266
293
build project
running GRADLE
completed: 312 skipped: 14 failures: 0 errors: 0
completed: 312 skipped: 14 failures: 0 errors: 0
b89f6db07bf227cead730962388aa89c04895a9b
MATCHED
267
294
build project
running GRADLE
completed: 312 skipped: 14 failures: 0 errors: 0
completed: 312 skipped: 14 failures: 0 errors: 0
5e061e6de71acae2e17b52187fd9a57b55676f78
MATCHED
268
295
build project
running GRADLE
completed: 312 skipped: 14 failures: 0 errors: 0
completed: 312 skipped: 14 failures: 0 errors: 0
a83b6d1f71b59a1aa232bdbe2000bbc0fbdad849
MATCHED
269
296
build project
running GRADLE
completed: 312 skipped: 14 failures: 0 errors: 0
completed: 312 skipped: 14 failures: 0 errors: 0
64c07f55f0c2da244867ddc2487f5becd341e5ae
MATCHED
270
297
build project
running GRADLE
completed: 312 skipped: 14 failures: 0 errors: 0
completed: 312 skipped: 14 failures: 0 errors: 0
6f325147f2a66a9df034970dfb930fdf6e63a3f1
MATCHED
271
298
build project
running GRADLE
completed: 312 skipped: 14 failures: 0 errors: 0
completed: 312 skipped: 14 failures: 0 errors: 0
805e951b30b414a1af471c8d8cc800c1f67dd6ab
MATCHED
272
299
build project
running GRADLE
completed: 312 skipped: 14 failures: 0 errors: 0
completed: 312 skipped: 14 failures: 0 errors: 0
28f18b0084d03a0b9dffe05845eec9d320fbe40f
MATCHED
273
300
build project
running GRADLE
completed: 312 skipped: 14 failures: 0 errors: 0
completed: 312 skipped: 14 failures: 0 errors: 0
bde88e983463068bb258ea5570db81c9a09fc510
MATCHED
274
301
build project
running GRADLE
completed: 312 skipped: 14 failures: 0 errors: 0
completed: 312 skipped: 14 failures: 0 errors: 0
036605d9c3dcd21a8efbfa9e5b5d4f72db36b512
MATCHED
275
302
build project
running GRADLE
completed: 312 skipped: 14 failures: 0 errors: 0
completed: 312 skipped: 14 failures: 0 errors: 0
e442337f1059b88a76c3bf05e5b58cd51f69d2cc
MATCHED
276
303
build project
running GRADLE
completed: 312 skipped: 14 failures: 0 errors: 0
completed: 312 skipped: 14 failures: 0 errors: 0
e7f24bbfea64258e6a7a8557c38d16aa66eccb94
MATCHED
277
304
build project
running GRADLE
completed: 312 skipped: 14 failures: 0 errors: 0
completed: 312 skipped: 14 failures: 0 errors: 0
353618883be907809c4e8c1926dd8c0fee0f0f7b
MATCHED
278
305
build project
running GRADLE
completed: 312 skipped: 14 failures: 0 errors: 0
completed: 312 skipped: 14 failures: 0 errors: 0
8960ac53abf9560fa05ec34aecdcfb29d5cf91c2
MATCHED
279
306
build project
running GRADLE
completed: 312 skipped: 14 failures: 0 errors: 0
completed: 312 skipped: 14 failures: 0 errors: 0
8235a17a02864bb32aed31cb110d9998f95dba3e
MATCHED
280
307
build project
running GRADLE
completed: 312 skipped: 14 failures: 0 errors: 0
completed: 312 skipped: 14 failures: 0 errors: 0
6dbe559874802b426c2d867c76de279ffbc5a172
MATCHED
281
308
build project
running GRADLE
completed: 312 skipped: 14 failures: 0 errors: 0
completed: 312 skipped: 14 failures: 0 errors: 0
0144467a6e5c25a27092b413648c72bb71286fcd
MATCHED
282
309
build project
running GRADLE
completed: 312 skipped: 14 failures: 0 errors: 0
completed: 312 skipped: 14 failures: 0 errors: 0
2904d3cf0e2d9775e9ed57f1f050a4244794d5e9
MATCHED
283
310
build project
running GRADLE
completed: 312 skipped: 14 failures: 0 errors: 0
completed: 312 skipped: 14 failures: 0 errors: 0
5d55a56a64a558585b6acf1c5a3e99c94e398156
MATCHED
284
311
build project
running GRADLE
completed: 312 skipped: 14 failures: 0 errors: 0
completed: 312 skipped: 14 failures: 0 errors: 0
4790a876671c69d24f6ec3cbd0d267b8d189b941
MATCHED
285
312
build project
running GRADLE
completed: 312 skipped: 14 failures: 0 errors: 0
completed: 312 skipped: 14 failures: 0 errors: 0
995b0c378d0e45909d236afc878e0139058eec1a
MATCHED
286
313
build project
running GRADLE
completed: 312 skipped: 14 failures: 0 errors: 0
completed: 312 skipped: 14 failures: 0 errors: 0
a3ce6dfaa304888d9b8906997c4399b5e4d1f7a7
MATCHED
287
314
build project
running GRADLE
completed: 312 skipped: 14 failures: 0 errors: 0
completed: 312 skipped: 14 failures: 0 errors: 0
b2c49921f038a909e8d80b023183e6127d45ec59
MATCHED
288
315
build project
running GRADLE
completed: 312 skipped: 14 failures: 0 errors: 0
completed: 312 skipped: 14 failures: 0 errors: 0
1caf1338512c01041823bddc5ca65ad2e3bca68f
MATCHED
289
316
build project
running GRADLE
completed: 312 skipped: 14 failures: 0 errors: 0
completed: 312 skipped: 14 failures: 0 errors: 0
40d78d73badaf338dbcdf598516d7f87fc83c8fd
MATCHED
290
317
build project
running GRADLE
completed: 312 skipped: 14 failures: 0 errors: 0
completed: 312 skipped: 14 failures: 0 errors: 0
14a285756d855a0881c0f530b4a803ffa57d86ff
MATCHED
291
318
build project
running GRADLE
completed: 312 skipped: 14 failures: 0 errors: 0
completed: 312 skipped: 14 failures: 0 errors: 0
e9e6013f3d627c805f5a0edcbadd76545b59f521
MATCHED
292
319
build project
running GRADLE
completed: 312 skipped: 14 failures: 0 errors: 0
completed: 312 skipped: 14 failures: 0 errors: 0
588eb847e30180e2e59abae61f20a146d083610f
MATCHED
293
320
build project
running GRADLE
completed: 312 skipped: 14 failures: 0 errors: 0
completed: 312 skipped: 14 failures: 0 errors: 0
7e1882485ce5fe22cae1a7aed111eb937ca1c365
MATCHED
294
321
build project
running GRADLE
completed: 312 skipped: 14 failures: 0 errors: 0
completed: 312 skipped: 14 failures: 0 errors: 0
7c2b4d84dbdfbe2fae0c2e84d6ef484cf0ba3703
MATCHED
295
322
build project
running GRADLE
completed: 312 skipped: 14 failures: 0 errors: 0
completed: 312 skipped: 14 failures: 0 errors: 0
0eecaa6329b9e8dafcdea5728d397e89cde2212b
MATCHED
296
323
build project
running GRADLE
completed: 312 skipped: 14 failures: 0 errors: 0
completed: 312 skipped: 14 failures: 0 errors: 0
8490e6b5479138af20efb6eea4f728c3e10bfe30
MATCHED
297
324
build project
running GRADLE
completed: 312 skipped: 14 failures: 0 errors: 0
completed: 312 skipped: 14 failures: 0 errors: 0
939d8998f70f7a8314ea2e18b671b8b3bd866fd3
MATCHED
298
325
build project
running GRADLE
completed: 312 skipped: 14 failures: 0 errors: 0
completed: 312 skipped: 14 failures: 0 errors: 0
2cf6127e3c73a673863e368d19bd7622e2210dd8
MATCHED
299
326
build project
running GRADLE
completed: 312 skipped: 14 failures: 0 errors: 0
completed: 312 skipped: 14 failures: 0 errors: 0
8dba0884f9d0d7247e887e2f569f65db05a48ecb
MATCHED
300
327
build project
running GRADLE
completed: 312 skipped: 14 failures: 0 errors: 0
completed: 312 skipped: 14 failures: 0 errors: 0
aa5c6cd3c19e84269a9eb2374fc648478c3a7e1b
MATCHED
301
328
build project
running GRADLE
completed: 312 skipped: 14 failures: 0 errors: 0
completed: 312 skipped: 14 failures: 0 errors: 0
fd9e4b55ffdfdfd64c6c2fd53104f6137caf841d
MATCHED
302
329
build project
running GRADLE
completed: 312 skipped: 14 failures: 0 errors: 0
completed: 312 skipped: 14 failures: 0 errors: 0
cb1848d63fb34f5d6b66757afcbf9bde6c43ca6a
MATCHED
303
330
build project
running GRADLE
completed: 312 skipped: 14 failures: 0 errors: 0
completed: 312 skipped: 14 failures: 0 errors: 0
dbb251cfbe846c4c9a3b14322b74e6543cc901ee
MATCHED
304
331
build project
running GRADLE
completed: 312 skipped: 14 failures: 0 errors: 0
completed: 312 skipped: 14 failures: 0 errors: 0
f2df2c27c45cd486234c8ca30df54a064b38c835
MATCHED
305
332
build project
running GRADLE
completed: 312 skipped: 14 failures: 0 errors: 0
completed: 312 skipped: 14 failures: 0 errors: 0
748e8bcde8c5394ded9963cc3cbee32dc20f1a4c
MATCHED
306
333
build project
running GRADLE
completed: 312 skipped: 14 failures: 0 errors: 0
completed: 312 skipped: 14 failures: 0 errors: 0
a594875831c933393768675db5e8fcda6332bc02
MATCHED
307
334
build project
running GRADLE
completed: 312 skipped: 14 failures: 0 errors: 0
completed: 312 skipped: 14 failures: 0 errors: 0
0dba76a7fbd7dd383ccdf7339dd0f84662e0d881
MATCHED
308
335
build project
running GRADLE
completed: 312 skipped: 14 failures: 0 errors: 0
completed: 312 skipped: 14 failures: 0 errors: 0
003fda944b644fac0efcd638ada949b39d0f4999
MATCHED
309
336
build project
running GRADLE
completed: 312 skipped: 14 failures: 0 errors: 0
completed: 312 skipped: 14 failures: 0 errors: 0
78a1765e5d8cba614360c8710b04d16007de7358
MATCHED
310
337
build project
running GRADLE
completed: 312 skipped: 14 failures: 0 errors: 0
completed: 312 skipped: 14 failures: 0 errors: 0
5f5c076fe26b17a849498c27c7541550c3ef3984
MATCHED
311
338
build project
running GRADLE
completed: 312 skipped: 14 failures: 0 errors: 0
completed: 312 skipped: 14 failures: 0 errors: 0
825f812f83150776df1629ca38eed0070d4d264b
MATCHED
312
339
build project
running GRADLE
completed: 312 skipped: 14 failures: 0 errors: 0
completed: 312 skipped: 14 failures: 0 errors: 0
7a23fcbcfd80e352a3f4d38d479c922695c0b028
MATCHED
313
340
build project
running GRADLE
completed: 312 skipped: 14 failures: 0 errors: 0
completed: 312 skipped: 14 failures: 0 errors: 0
57d1dc5d9b28423ada6b58e03c0a90845068d66c
MATCHED
314
341
build project
running GRADLE
completed: 312 skipped: 14 failures: 0 errors: 0
completed: 312 skipped: 14 failures: 0 errors: 0
d959df45eaed5e8631b1accc9fb0c0054ef4dc20
MATCHED
315
342
build project
running GRADLE
completed: 312 skipped: 14 failures: 0 errors: 0
completed: 312 skipped: 14 failures: 0 errors: 0
cbb7107ce589ca5146f480d79579165f47abdc78
MATCHED
316
343
build project
running GRADLE
completed: 312 skipped: 14 failures: 0 errors: 0
completed: 312 skipped: 14 failures: 0 errors: 0
deba7d1c3c218377a5b67e58f269914d8f8a88be
MATCHED
317
344
build project
running GRADLE
completed: 312 skipped: 14 failures: 0 errors: 0
completed: 312 skipped: 14 failures: 0 errors: 0
4632c88446f399c42ae9927f18093dd820708df4
MATCHED
318
345
build project
running GRADLE
completed: 312 skipped: 14 failures: 0 errors: 0
completed: 312 skipped: 14 failures: 0 errors: 0
9cbc30f506aaf178cbf363020c2c445579931a10
MATCHED
319
346
build project
running GRADLE
completed: 312 skipped: 14 failures: 0 errors: 0
completed: 312 skipped: 14 failures: 0 errors: 0
cc5536ec6b9cb5af9eef658463a74c6dfb234033
MATCHED
320
347
build project
running GRADLE
completed: 312 skipped: 14 failures: 0 errors: 0
completed: 312 skipped: 14 failures: 0 errors: 0
b9c140e7e8508405a6689795862b5629f2cdee4e
MATCHED
321
348
build project
running GRADLE
completed: 312 skipped: 14 failures: 0 errors: 0
completed: 312 skipped: 14 failures: 0 errors: 0
b9a8252d5122c3cd14e367f2af935bdf08149842
MATCHED
322
349
build project
running GRADLE
completed: 312 skipped: 14 failures: 0 errors: 0
completed: 312 skipped: 14 failures: 0 errors: 0
077d323d52b9ddcf6a800007af836e0acb2fa9f7
MATCHED
323
350
build project
running GRADLE
completed: 312 skipped: 14 failures: 0 errors: 0
completed: 312 skipped: 14 failures: 0 errors: 0
1ff8331994335f4a2f721322f4e170311ca4b1c6
MATCHED
324
351
build project
running GRADLE
completed: 312 skipped: 14 failures: 0 errors: 0
completed: 312 skipped: 14 failures: 0 errors: 0
b5974c5535cbd80498310b381464b8291884b856
MATCHED
325
352
build project
running GRADLE
completed: 312 skipped: 14 failures: 0 errors: 0
completed: 312 skipped: 14 failures: 0 errors: 0
a0aed774b289b4e343c024557fc38376718cf7e7
MATCHED
326
353
build project
running GRADLE
completed: 312 skipped: 14 failures: 0 errors: 0
completed: 312 skipped: 14 failures: 0 errors: 0
d5bb0d9aad282886dc3c4ed2283f6436b90ffce0
MATCHED
327
354
build project
running GRADLE
completed: 312 skipped: 14 failures: 0 errors: 0
completed: 312 skipped: 14 failures: 0 errors: 0
d0a9ac7ce6302de82a6ca611d4c95033669e7655
MATCHED
328
355
build project
running GRADLE
completed: 312 skipped: 14 failures: 0 errors: 0
completed: 312 skipped: 14 failures: 0 errors: 0
efd62111454d7f75fed5512bd9ac0215590cebe8
MATCHED
329
356
build project
running GRADLE
completed: 312 skipped: 14 failures: 0 errors: 0
completed: 312 skipped: 14 failures: 0 errors: 0
1710601e02c01425268f07ba3bf76c0348b17801
MATCHED
330
357
build project
running GRADLE
completed: 312 skipped: 14 failures: 0 errors: 0
completed: 312 skipped: 14 failures: 0 errors: 0
4907a4d270d63de9e3f6bac6ec8ada612cee171a
MATCHED
331
358
build project
running GRADLE
completed: 312 skipped: 14 failures: 0 errors: 0
completed: 312 skipped: 14 failures: 0 errors: 0
f0b51848cca2e5c72aeb76c40814f2e738991444
MATCHED
332
359
build project
running GRADLE
completed: 312 skipped: 14 failures: 0 errors: 0
completed: 312 skipped: 14 failures: 0 errors: 0
22f82d65e717b9d58ac630097737c52237219183
MATCHED
333
360
build project
running GRADLE
completed: 312 skipped: 14 failures: 0 errors: 0
completed: 312 skipped: 14 failures: 0 errors: 0
7c2517edee7d4080fab0daf54fd4ac4eca6a8497
MATCHED
334
361
build project
running GRADLE
completed: 312 skipped: 14 failures: 0 errors: 0
completed: 312 skipped: 14 failures: 0 errors: 0
8b1b9d778be62e28e2557051f2fd6ab303cd584c
MATCHED
335
362
build project
running GRADLE
completed: 312 skipped: 14 failures: 0 errors: 0
completed: 312 skipped: 14 failures: 0 errors: 0
5fd433f34cbeeecc3e1337b5839ec5919424a5c4
MATCHED
336
363
build project
running GRADLE
completed: 312 skipped: 14 failures: 0 errors: 0
completed: 312 skipped: 14 failures: 0 errors: 0
325e4f4f84a6c612d1b6b163d0680aa8ac67e25d
MATCHED
337
364
build project
running GRADLE
completed: 312 skipped: 14 failures: 0 errors: 0
completed: 312 skipped: 14 failures: 0 errors: 0
49b45c4621cff30af5c4e865f37967ecb6836e87
MATCHED
338
365
build project
running GRADLE
completed: 312 skipped: 14 failures: 0 errors: 0
completed: 312 skipped: 14 failures: 0 errors: 0
fcbc970d2ab5a53af85c32746940dce9739d92f5
MATCHED
339
366
build project
running GRADLE
completed: 312 skipped: 14 failures: 0 errors: 0
completed: 312 skipped: 14 failures: 0 errors: 0
176ea1f6dd2161700e6111c8274d1c265bc9cd24
MATCHED
340
367
build project
running GRADLE
completed: 312 skipped: 14 failures: 0 errors: 0
completed: 634 skipped: 14 failures: 0 errors: 0
368
build project
running GRADLE
completed: 634 skipped: 14 failures: 0 errors: 0
completed: 634 skipped: 14 failures: 0 errors: 0
237c7ae78dd2f97d6ea30da9cabb0dcb0f2e5626
MATCHED
342
369
build project
running GRADLE
completed: 634 skipped: 14 failures: 0 errors: 0
completed: 634 skipped: 14 failures: 0 errors: 0
ec6cb24c968f217563d8593d1449648f56085cb4
MATCHED
343
370
Number of file in interval 3: 42
build project
running GRADLE
build project
running GRADLE
completed: 312 skipped: 14 failures: 0 errors: 0
completed: 312 skipped: 14 failures: 0 errors: 0
371
build project
running GRADLE
completed: 312 skipped: 14 failures: 0 errors: 0
completed: 312 skipped: 14 failures: 0 errors: 0
372
build project
running GRADLE
completed: 312 skipped: 14 failures: 0 errors: 0
completed: 312 skipped: 14 failures: 0 errors: 0
373
build project
running GRADLE
completed: 312 skipped: 14 failures: 0 errors: 0
completed: 312 skipped: 14 failures: 0 errors: 0
374
build project
running GRADLE
completed: 312 skipped: 14 failures: 0 errors: 0
completed: 312 skipped: 14 failures: 0 errors: 0
375
build project
running GRADLE
completed: 312 skipped: 14 failures: 0 errors: 0
completed: 312 skipped: 14 failures: 0 errors: 0
376
build project
running GRADLE
completed: 312 skipped: 14 failures: 0 errors: 0
completed: 634 skipped: 14 failures: 0 errors: 0
377
build project
running GRADLE
completed: 634 skipped: 14 failures: 0 errors: 0
completed: 634 skipped: 14 failures: 0 errors: 0
378
build project
running GRADLE
completed: 634 skipped: 14 failures: 0 errors: 0
completed: 634 skipped: 14 failures: 0 errors: 0
379
build project
running GRADLE
completed: 634 skipped: 14 failures: 0 errors: 0
completed: 634 skipped: 14 failures: 0 errors: 0
669a5aab8ab04952df409745c865c41a11fe3df5
MATCHED
9
380
build project
running GRADLE
completed: 634 skipped: 14 failures: 0 errors: 0
completed: 634 skipped: 14 failures: 0 errors: 0
fe2f366b84fc249429004dc3adebd420324d86f3
MATCHED
10
381
build project
running GRADLE
completed: 634 skipped: 14 failures: 0 errors: 0
completed: 634 skipped: 14 failures: 0 errors: 0
bd225d9614072b798f4a299935d2521104956b19
MATCHED
11
382
build project
running GRADLE
completed: 634 skipped: 14 failures: 0 errors: 0
completed: 634 skipped: 14 failures: 0 errors: 0
31a36d7291388e5e2b1cc6d7091368d839a30430
MATCHED
12
383
build project
running GRADLE
completed: 634 skipped: 14 failures: 0 errors: 0
completed: 634 skipped: 14 failures: 0 errors: 0
3dd201c02bd88b607618fca42fc05a4b274da0ea
MATCHED
13
384
build project
running GRADLE
completed: 634 skipped: 14 failures: 0 errors: 0
completed: 634 skipped: 14 failures: 0 errors: 0
519b6b76f198d0a06ea97cef840f58016ced1d6c
MATCHED
14
385
build project
running GRADLE
completed: 634 skipped: 14 failures: 0 errors: 0
completed: 634 skipped: 14 failures: 0 errors: 0
cd8c4f850927726b0445f05fe3c18d54796c70a7
MATCHED
15
386
build project
running GRADLE
completed: 634 skipped: 14 failures: 0 errors: 0
completed: 634 skipped: 14 failures: 0 errors: 0
5da55719bcd49ccc3e51c2e9ca560f12e19682f3
MATCHED
16
387
build project
running GRADLE
completed: 634 skipped: 14 failures: 0 errors: 0
completed: 634 skipped: 14 failures: 0 errors: 0
3a9b5234e47b43e2f30614b8332025b0440770c8
MATCHED
17
388
build project
running GRADLE
completed: 634 skipped: 14 failures: 0 errors: 0
completed: 634 skipped: 14 failures: 1 errors: 0
389
build project
running GRADLE
completed: 634 skipped: 14 failures: 1 errors: 0
completed: 634 skipped: 14 failures: 1 errors: 0
390
build project
running GRADLE
completed: 634 skipped: 14 failures: 1 errors: 0
completed: 634 skipped: 14 failures: 0 errors: 0
391
build project
running GRADLE
completed: 634 skipped: 14 failures: 0 errors: 0
completed: 634 skipped: 14 failures: 0 errors: 0
10502b8e5455e73d51871bf076ae2ff44f7c2462
MATCHED
21
392
build project
running GRADLE
completed: 634 skipped: 14 failures: 0 errors: 0
completed: 634 skipped: 14 failures: 0 errors: 0
9686f3c5a704cf2d16e731e9d37c02bbea8eb749
MATCHED
22
393
build project
running GRADLE
completed: 634 skipped: 14 failures: 0 errors: 0
completed: 634 skipped: 14 failures: 0 errors: 0
5ba0c1c08d887d6c0924cbb0ea630aa88d782443
MATCHED
23
394
build project
running GRADLE
completed: 634 skipped: 14 failures: 0 errors: 0
completed: 634 skipped: 14 failures: 1 errors: 0
395
build project
running GRADLE
completed: 634 skipped: 14 failures: 1 errors: 0
completed: 634 skipped: 14 failures: 0 errors: 0
396
build project
running GRADLE
completed: 634 skipped: 14 failures: 0 errors: 0
completed: 634 skipped: 14 failures: 0 errors: 0
1c86a81a617a0f3ff13e4fd5e7dc2605ce8ed8b1
MATCHED
26
397
build project
running GRADLE
completed: 634 skipped: 14 failures: 0 errors: 0
completed: 634 skipped: 14 failures: 0 errors: 0
3c39beb47cb514d047eaaf9251badcf6f6db45ea
MATCHED
27
398
build project
running GRADLE
completed: 634 skipped: 14 failures: 0 errors: 0
completed: 634 skipped: 14 failures: 0 errors: 0
0f6f0cb9954a49e936dc62923e68d82f97086f56
MATCHED
28
399
build project
running GRADLE
completed: 634 skipped: 14 failures: 0 errors: 0
completed: 634 skipped: 14 failures: 1 errors: 0
400
build project
running GRADLE
completed: 634 skipped: 14 failures: 1 errors: 0
completed: 634 skipped: 14 failures: 0 errors: 0
401
build project
running GRADLE
completed: 634 skipped: 14 failures: 0 errors: 0
completed: 634 skipped: 14 failures: 0 errors: 0
1f24d41b1ba691109952c6450127f17ef7705def
MATCHED
31
402
build project
running GRADLE
completed: 634 skipped: 14 failures: 0 errors: 0
completed: 634 skipped: 14 failures: 0 errors: 0
19fc10c1298a4de19cd003b9cf4e7ba501101747
MATCHED
32
403
build project
running GRADLE
completed: 634 skipped: 14 failures: 0 errors: 0
completed: 634 skipped: 14 failures: 0 errors: 0
012c0ebd330360e2c47996fbcb12d9b9e36a6c7e
MATCHED
33
404
build project
running GRADLE
completed: 634 skipped: 14 failures: 0 errors: 0
completed: 634 skipped: 14 failures: 0 errors: 0
22468d5b520df9b51572a6388a34e7f6bd5a22c1
MATCHED
34
405
build project
running GRADLE
completed: 634 skipped: 14 failures: 0 errors: 0
completed: 634 skipped: 14 failures: 0 errors: 0
928230b639894ad2e3fcc30f1f0056df6cf9c37a
MATCHED
35
406
build project
running GRADLE
completed: 634 skipped: 14 failures: 0 errors: 0
completed: 634 skipped: 14 failures: 0 errors: 0
2558cec2be69837a8bd513f910bf3cf4ba0a457d
MATCHED
36
407
build project
running GRADLE
completed: 634 skipped: 14 failures: 0 errors: 0
completed: 634 skipped: 14 failures: 0 errors: 0
4d59ffe552a38f13e30c58502dcac0b1680cb9a3
MATCHED
37
408
build project
running GRADLE
completed: 634 skipped: 14 failures: 0 errors: 0
completed: 634 skipped: 14 failures: 0 errors: 0
a468f94ca296614437f1f98a99de448e126cc02c
MATCHED
38
409
build project
running GRADLE
completed: 634 skipped: 14 failures: 0 errors: 0
completed: 634 skipped: 14 failures: 1 errors: 0
410
build project
running GRADLE
completed: 634 skipped: 14 failures: 1 errors: 0
completed: 634 skipped: 14 failures: 0 errors: 0
411
Number of file in interval 4: 72
build project
running GRADLE
build project
running GRADLE
completed: 634 skipped: 14 failures: 0 errors: 0
completed: 634 skipped: 14 failures: 0 errors: 0
11af3d1258d73ee462ef8ba064ac64fff29dad7b
MATCHED
0
412
build project
running GRADLE
completed: 634 skipped: 14 failures: 0 errors: 0
completed: 634 skipped: 14 failures: 0 errors: 0
7a6cb1a936088ae69ab6952676cafe7f39a54fe4
MATCHED
1
413
build project
running GRADLE
completed: 634 skipped: 14 failures: 0 errors: 0
completed: 634 skipped: 14 failures: 0 errors: 0
167778080e636a17a5f62078c8311e01ca711a7c
MATCHED
2
414
build project
running GRADLE
completed: 634 skipped: 14 failures: 0 errors: 0
completed: 634 skipped: 14 failures: 0 errors: 0
b3da6d8600e809ba8764df9e3cdfa5c4dde6b3bd
MATCHED
3
415
build project
running GRADLE
completed: 634 skipped: 14 failures: 0 errors: 0
completed: 634 skipped: 14 failures: 0 errors: 0
5cb2553bddb4f0be6c60d0624de397ca21c424f3
MATCHED
4
416
build project
running GRADLE
completed: 634 skipped: 14 failures: 0 errors: 0
completed: 634 skipped: 14 failures: 0 errors: 0
811872b80e3f7b7d0f493aaff7a58266ce3d39c3
MATCHED
5
417
build project
running GRADLE
completed: 634 skipped: 14 failures: 0 errors: 0
completed: 634 skipped: 14 failures: 1 errors: 0
418
build project
running GRADLE
completed: 634 skipped: 14 failures: 1 errors: 0
completed: 634 skipped: 14 failures: 0 errors: 0
419
build project
running GRADLE
completed: 634 skipped: 14 failures: 0 errors: 0
completed: 634 skipped: 14 failures: 0 errors: 0
f8725746a332463f74e70f4f3ea5cdc0d34e58b6
MATCHED
8
420
build project
running GRADLE
completed: 634 skipped: 14 failures: 0 errors: 0
completed: 634 skipped: 14 failures: 0 errors: 0
216f89d164db623f961b8d8f6a5bb36888286379
MATCHED
9
421
build project
running GRADLE
completed: 634 skipped: 14 failures: 0 errors: 0
completed: 634 skipped: 14 failures: 0 errors: 0
a556cc68fdca7566d5ae28bb44d25befe1942add
MATCHED
10
422
build project
running GRADLE
completed: 634 skipped: 14 failures: 0 errors: 0
completed: 634 skipped: 14 failures: 0 errors: 0
b8eae37fb1b1c8478662237ea3d383212b5f632b
MATCHED
11
423
build project
running GRADLE
completed: 634 skipped: 14 failures: 0 errors: 0
completed: 634 skipped: 14 failures: 0 errors: 0
d464aa16d515c134f53c01c986d8fa09a87ec627
MATCHED
12
424
build project
running GRADLE
completed: 634 skipped: 14 failures: 0 errors: 0
completed: 634 skipped: 14 failures: 0 errors: 0
f5634c44a9ab00f5906deb96cb533759c4d3f2fe
MATCHED
13
425
build project
running GRADLE
completed: 634 skipped: 14 failures: 0 errors: 0
completed: 634 skipped: 14 failures: 0 errors: 0
41c88af56e546e0751ddfdd92aa7c4b00432628e
MATCHED
14
426
build project
running GRADLE
completed: 634 skipped: 14 failures: 0 errors: 0
completed: 634 skipped: 14 failures: 1 errors: 0
427
build project
running GRADLE
completed: 634 skipped: 14 failures: 1 errors: 0
completed: 634 skipped: 14 failures: 0 errors: 0
428
build project
running GRADLE
completed: 634 skipped: 14 failures: 0 errors: 0
completed: 634 skipped: 14 failures: 0 errors: 0
11681ca374d271aecae8e7e14900013bf5616355
MATCHED
17
429
build project
running GRADLE
completed: 634 skipped: 14 failures: 0 errors: 0
completed: 634 skipped: 14 failures: 0 errors: 0
cf2be41e2967e94e1a9758837491a1d1caaa4196
MATCHED
18
430
build project
running GRADLE
completed: 634 skipped: 14 failures: 0 errors: 0
completed: 634 skipped: 14 failures: 1 errors: 0
431
build project
running GRADLE
completed: 634 skipped: 14 failures: 1 errors: 0
completed: 634 skipped: 14 failures: 1 errors: 0
71a192bc9444aa09243f56c0cf85847fb4992663
MATCHED
20
432
build project
running GRADLE
completed: 634 skipped: 14 failures: 1 errors: 0
completed: 634 skipped: 14 failures: 0 errors: 0
433
build project
running GRADLE
completed: 634 skipped: 14 failures: 0 errors: 0
completed: 634 skipped: 14 failures: 0 errors: 0
160c4f92080e0823ad174fc1e0e9f2e9074548a3
MATCHED
22
434
build project
running GRADLE
completed: 634 skipped: 14 failures: 0 errors: 0
completed: 634 skipped: 14 failures: 0 errors: 0
9d2ae418f0d5c73f68465bb15b5bfb1bf3526476
MATCHED
23
435
build project
running GRADLE
completed: 634 skipped: 14 failures: 0 errors: 0
completed: 634 skipped: 14 failures: 0 errors: 0
7caff98d74974fb933221f6e8f3b2d2ff9196af9
MATCHED
24
436
build project
running GRADLE
completed: 634 skipped: 14 failures: 0 errors: 0
completed: 634 skipped: 14 failures: 0 errors: 0
158b5f5a8a744a648bea70c2ecd71732062c738c
MATCHED
25
437
build project
running GRADLE
completed: 634 skipped: 14 failures: 0 errors: 0
completed: 634 skipped: 14 failures: 0 errors: 0
56ef62cab978a09d5c51f34a60f9fe3e3256ca40
MATCHED
26
438
build project
running GRADLE
completed: 634 skipped: 14 failures: 0 errors: 0
completed: 634 skipped: 14 failures: 0 errors: 0
ed72f7f70d2122913ffa28f92a37d370a37685bc
MATCHED
27
439
build project
running GRADLE
completed: 634 skipped: 14 failures: 0 errors: 0
completed: 634 skipped: 14 failures: 1 errors: 0
440
build project
running GRADLE
completed: 634 skipped: 14 failures: 1 errors: 0
completed: 634 skipped: 14 failures: 0 errors: 0
441
build project
running GRADLE
completed: 634 skipped: 14 failures: 0 errors: 0
completed: 634 skipped: 14 failures: 0 errors: 0
b2d3c016526dfffd3dc188ff1497f10f608ffe87
MATCHED
30
442
build project
running GRADLE
completed: 634 skipped: 14 failures: 0 errors: 0
completed: 634 skipped: 14 failures: 1 errors: 0
443
build project
running GRADLE
completed: 634 skipped: 14 failures: 1 errors: 0
completed: 634 skipped: 14 failures: 0 errors: 0
444
build project
running GRADLE
completed: 634 skipped: 14 failures: 0 errors: 0
completed: 634 skipped: 14 failures: 1 errors: 0
445
build project
running GRADLE
completed: 634 skipped: 14 failures: 1 errors: 0
completed: 634 skipped: 14 failures: 1 errors: 0
7bf757712063c59040a6d62fd9726fb73f8f9323
MATCHED
34
446
build project
running GRADLE
completed: 634 skipped: 14 failures: 1 errors: 0
completed: 634 skipped: 14 failures: 0 errors: 0
447
build project
running GRADLE
completed: 634 skipped: 14 failures: 0 errors: 0
completed: 634 skipped: 14 failures: 0 errors: 0
7a74871f63bffb679a5cb65f833d16f61732f05d
MATCHED
36
448
build project
running GRADLE
completed: 634 skipped: 14 failures: 0 errors: 0
completed: 634 skipped: 14 failures: 0 errors: 0
eb9501920561a3043cadec67986e6b1860021cc5
MATCHED
37
449
build project
running GRADLE
completed: 634 skipped: 14 failures: 0 errors: 0
completed: 634 skipped: 14 failures: 0 errors: 0
9b0e91e8dae7cb35386167561f8a4eb8d7fc56a1
MATCHED
38
450
build project
running GRADLE
completed: 634 skipped: 14 failures: 0 errors: 0
completed: 634 skipped: 14 failures: 0 errors: 0
82d9efb6c906cf0784b9c6458e6da1bf4f0585e4
MATCHED
39
451
build project
running GRADLE
completed: 634 skipped: 14 failures: 0 errors: 0
completed: 634 skipped: 14 failures: 0 errors: 0
f5bee27f118d8f8f569c8e00f133828335d8c588
MATCHED
40
452
build project
running GRADLE
completed: 634 skipped: 14 failures: 0 errors: 0
completed: 634 skipped: 14 failures: 1 errors: 0
453
build project
running GRADLE
completed: 634 skipped: 14 failures: 1 errors: 0
completed: 634 skipped: 14 failures: 0 errors: 0
454
build project
running GRADLE
completed: 634 skipped: 14 failures: 0 errors: 0
completed: 634 skipped: 14 failures: 0 errors: 0
025ac6c2ad0e886709014fa2b6bbf1d6b714f85b
MATCHED
43
455
build project
running GRADLE
completed: 634 skipped: 14 failures: 0 errors: 0
completed: 634 skipped: 14 failures: 0 errors: 0
3af528e92436596dede66e91997b564afdbcfda4
MATCHED
44
456
build project
running GRADLE
completed: 634 skipped: 14 failures: 0 errors: 0
completed: 634 skipped: 14 failures: 0 errors: 0
7531286447e081289c65e244879b7004d2cb1209
MATCHED
45
457
build project
running GRADLE
completed: 634 skipped: 14 failures: 0 errors: 0
completed: 634 skipped: 14 failures: 0 errors: 0
3808d2770f079cf821caac9e34aa423372700d08
MATCHED
46
458
build project
running GRADLE
completed: 634 skipped: 14 failures: 0 errors: 0
completed: 634 skipped: 14 failures: 0 errors: 0
e49f70c2daa5cc39304ed9767d807d2fcd7d1c94
MATCHED
47
459
build project
running GRADLE
completed: 634 skipped: 14 failures: 0 errors: 0
completed: 634 skipped: 14 failures: 0 errors: 0
2f4b5abda2e8f54b14b4f017484ec7c6ccbe668a
MATCHED
48
460
build project
running GRADLE
completed: 634 skipped: 14 failures: 0 errors: 0
completed: 634 skipped: 14 failures: 0 errors: 0
a3e7bdb6b12cfb65d61e8a39f61ccd16ec5ba7ec
MATCHED
49
461
build project
running GRADLE
completed: 634 skipped: 14 failures: 0 errors: 0
completed: 634 skipped: 14 failures: 0 errors: 0
aedae280e22abed56da5c56bb9763fbe668a4115
MATCHED
50
462
build project
running GRADLE
completed: 634 skipped: 14 failures: 0 errors: 0
completed: 634 skipped: 14 failures: 1 errors: 0
463
build project
running GRADLE
completed: 634 skipped: 14 failures: 1 errors: 0
completed: 634 skipped: 14 failures: 0 errors: 0
464
build project
running GRADLE
completed: 634 skipped: 14 failures: 0 errors: 0
completed: 634 skipped: 14 failures: 0 errors: 0
d87dc98a4751947b082eb66a0a018743ed2129e4
MATCHED
53
465
build project
running GRADLE
completed: 634 skipped: 14 failures: 0 errors: 0
completed: 634 skipped: 14 failures: 0 errors: 0
d2a2aa5fa3b0264f325cb02880f35855780793f2
MATCHED
54
466
build project
running GRADLE
completed: 634 skipped: 14 failures: 0 errors: 0
completed: 634 skipped: 14 failures: 0 errors: 0
1da5cda5d753d15eb730d83e609d5868e4c1fec6
MATCHED
55
467
build project
running GRADLE
completed: 634 skipped: 14 failures: 0 errors: 0
completed: 634 skipped: 14 failures: 0 errors: 0
e1c1c2f689120e8e22a81361b38bf9d5029ef6c0
MATCHED
56
468
build project
running GRADLE
completed: 634 skipped: 14 failures: 0 errors: 0
completed: 634 skipped: 14 failures: 0 errors: 0
f599ab4755f75b3307f487ee0cdeddb54cf30a4a
MATCHED
57
469
build project
running GRADLE
completed: 634 skipped: 14 failures: 0 errors: 0
completed: 634 skipped: 14 failures: 0 errors: 0
17c6d275952fd35732692ef0d49f09a0f8678000
MATCHED
58
470
build project
running GRADLE
completed: 634 skipped: 14 failures: 0 errors: 0
completed: 634 skipped: 14 failures: 0 errors: 0
fab9b455dbacc396cb46dc17a9dd557c4e6eca26
MATCHED
59
471
build project
running GRADLE
completed: 634 skipped: 14 failures: 0 errors: 0
completed: 634 skipped: 14 failures: 0 errors: 0
68d77c4fee747b4a44b3f81080eb3cd68cb1ab6c
MATCHED
60
472
build project
running GRADLE
completed: 634 skipped: 14 failures: 0 errors: 0
completed: 634 skipped: 14 failures: 0 errors: 0
8541d6eff294075dccb556a32c2fe80be9dc669c
MATCHED
61
473
build project
running GRADLE
completed: 634 skipped: 14 failures: 0 errors: 0
completed: 634 skipped: 14 failures: 0 errors: 0
195aa8c4d0fa8d91fbdec261d7e46200f14888e3
MATCHED
62
474
build project
running GRADLE
completed: 634 skipped: 14 failures: 0 errors: 0
completed: 634 skipped: 14 failures: 0 errors: 0
fa430b0ff84f81eae0fe4a2684dbf84b8d93fc69
MATCHED
63
475
build project
running GRADLE
completed: 634 skipped: 14 failures: 0 errors: 0
completed: 634 skipped: 14 failures: 0 errors: 0
8442af1d8cccb9930ba3a95fa29c4ce6ddf5794b
MATCHED
64
476
build project
running GRADLE
completed: 634 skipped: 14 failures: 0 errors: 0
completed: 634 skipped: 14 failures: 0 errors: 0
753ac7347699ce1f1bcd42225783834eae07c8de
MATCHED
65
477
build project
running GRADLE
completed: 634 skipped: 14 failures: 0 errors: 0
completed: 634 skipped: 14 failures: 0 errors: 0
4a415fb05ca6f9bef43eb6631a87b66009dbac76
MATCHED
66
478
build project
running GRADLE
completed: 634 skipped: 14 failures: 0 errors: 0
completed: 634 skipped: 14 failures: 1 errors: 0
479
build project
running GRADLE
completed: 634 skipped: 14 failures: 1 errors: 0
completed: 634 skipped: 14 failures: 0 errors: 0
480
build project
running GRADLE
completed: 634 skipped: 14 failures: 0 errors: 0
completed: 634 skipped: 14 failures: 0 errors: 0
33e2c698561e4f5931428e63eee10628fed8caa9
MATCHED
69
481
build project
running GRADLE
completed: 634 skipped: 14 failures: 0 errors: 0
completed: 634 skipped: 14 failures: 1 errors: 0
482
Number of file in interval 5: 194
build project
running GRADLE
build project
running GRADLE
completed: 634 skipped: 14 failures: 0 errors: 0
completed: 634 skipped: 14 failures: 0 errors: 0
483
build project
running GRADLE
completed: 634 skipped: 14 failures: 0 errors: 0
completed: 634 skipped: 14 failures: 0 errors: 0
484
build project
running GRADLE
completed: 634 skipped: 14 failures: 0 errors: 0
completed: 634 skipped: 14 failures: 0 errors: 0
077029de817087e2bf4de9585c2d0780606758a9
MATCHED
2
485
build project
running GRADLE
completed: 634 skipped: 14 failures: 0 errors: 0
completed: 634 skipped: 14 failures: 0 errors: 0
3ca2aa415ced2064bb31c5f23fb4f23c584f4eba
MATCHED
3
486
build project
running GRADLE
completed: 634 skipped: 14 failures: 0 errors: 0
completed: 634 skipped: 14 failures: 0 errors: 0
487
build project
running GRADLE
completed: 634 skipped: 14 failures: 0 errors: 0
completed: 634 skipped: 14 failures: 0 errors: 0
0fae6d737f4d4b232af6c9192fb2b5b2185b35b1
MATCHED
5
488
build project
running GRADLE
completed: 634 skipped: 14 failures: 0 errors: 0
completed: 634 skipped: 14 failures: 0 errors: 0
cf9e0fd92df012c5fba56815ab7759fec5e6c251
MATCHED
6
489
build project
running GRADLE
completed: 634 skipped: 14 failures: 0 errors: 0
completed: 634 skipped: 14 failures: 0 errors: 0
487c414023e2a42431f3d7a3b5a0010fcc29ca66
MATCHED
7
490
build project
running GRADLE
completed: 634 skipped: 14 failures: 0 errors: 0
completed: 634 skipped: 14 failures: 0 errors: 0
6b891d9b8a906289b44e1c01c8b4b3d357ee5117
MATCHED
8
491
build project
running GRADLE
completed: 634 skipped: 14 failures: 0 errors: 0
completed: 634 skipped: 14 failures: 1 errors: 0
492
build project
running GRADLE
completed: 634 skipped: 14 failures: 1 errors: 0
completed: 634 skipped: 14 failures: 0 errors: 0
493
build project
running GRADLE
completed: 634 skipped: 14 failures: 0 errors: 0
completed: 634 skipped: 14 failures: 0 errors: 0
1908f4a72ca5de0bf0d0d4fabbf026d37d66f7cd
MATCHED
11
494
build project
running GRADLE
completed: 634 skipped: 14 failures: 0 errors: 0
completed: 634 skipped: 14 failures: 1 errors: 0
495
build project
running GRADLE
completed: 634 skipped: 14 failures: 1 errors: 0
completed: 634 skipped: 14 failures: 0 errors: 0
496
build project
running GRADLE
completed: 634 skipped: 14 failures: 0 errors: 0
completed: 634 skipped: 14 failures: 0 errors: 0
0eaab8c3ef834d72aed26a3027da4c3dbdce664d
MATCHED
14
497
build project
running GRADLE
completed: 634 skipped: 14 failures: 0 errors: 0
completed: 0 skipped: 0 failures: 0 errors: 0
498
build project
running GRADLE
completed: 0 skipped: 0 failures: 0 errors: 0
completed: 634 skipped: 14 failures: 0 errors: 0
499
build project
running GRADLE
completed: 634 skipped: 14 failures: 0 errors: 0
completed: 634 skipped: 14 failures: 0 errors: 0
ba41e465ba3e9b4e495b758d205b9b9b8fae9f2d
MATCHED
17
500
build project
running GRADLE
completed: 634 skipped: 14 failures: 0 errors: 0
completed: 634 skipped: 14 failures: 1 errors: 0
501
build project
running GRADLE
completed: 634 skipped: 14 failures: 1 errors: 0
completed: 634 skipped: 14 failures: 0 errors: 0
502
build project
running GRADLE
completed: 634 skipped: 14 failures: 0 errors: 0
completed: 634 skipped: 14 failures: 0 errors: 0
be7b02555ab4ec8c725b9fb0b23a1d16223012fa
MATCHED
20
503
build project
running GRADLE
completed: 634 skipped: 14 failures: 0 errors: 0
completed: 634 skipped: 14 failures: 0 errors: 0
c00077a4311fa220548a7ec66038c146f04d3ceb
MATCHED
21
504
build project
running GRADLE
completed: 634 skipped: 14 failures: 0 errors: 0
completed: 634 skipped: 14 failures: 0 errors: 0
8db3211ce660ecc48b1dfaf09ef055583bf84568
MATCHED
22
505
build project
running GRADLE
completed: 634 skipped: 14 failures: 0 errors: 0
completed: 634 skipped: 14 failures: 0 errors: 0
9fd4f049403ddc8dbbafcd71720e65ccf04f2231
MATCHED
23
506
build project
running GRADLE
completed: 634 skipped: 14 failures: 0 errors: 0
completed: 634 skipped: 14 failures: 0 errors: 0
d1d5bdaf8c37058bf965920d7caa461a8402ef98
MATCHED
24
507
build project
running GRADLE
completed: 634 skipped: 14 failures: 0 errors: 0
completed: 634 skipped: 14 failures: 1 errors: 0
508
build project
running GRADLE
completed: 634 skipped: 14 failures: 1 errors: 0
completed: 634 skipped: 14 failures: 1 errors: 0
151a046a49edfc07892d1ee33be4631a388a2465
MATCHED
26
509
build project
running GRADLE
completed: 634 skipped: 14 failures: 1 errors: 0
completed: 634 skipped: 14 failures: 0 errors: 0
510
build project
running GRADLE
completed: 634 skipped: 14 failures: 0 errors: 0
completed: 634 skipped: 14 failures: 0 errors: 0
89db5db59d222e728f494304dba21b20671f3908
MATCHED
28
511
build project
running GRADLE
completed: 634 skipped: 14 failures: 0 errors: 0
completed: 634 skipped: 14 failures: 0 errors: 0
11d816d886beffee026dd1429763196f830785b4
MATCHED
29
512
build project
running GRADLE
completed: 634 skipped: 14 failures: 0 errors: 0
completed: 634 skipped: 14 failures: 0 errors: 0
5404571af26dbff14a43caeb100e52443f540391
MATCHED
30
513
build project
running GRADLE
completed: 634 skipped: 14 failures: 0 errors: 0
completed: 634 skipped: 14 failures: 0 errors: 0
ddf30ac4c0d2be6ed6490a2c32a4744fe427313e
MATCHED
31
514
build project
running GRADLE
completed: 634 skipped: 14 failures: 0 errors: 0
completed: 634 skipped: 14 failures: 0 errors: 0
2dba9861432d5520ab8ae7bd30ebde78c9ff796f
MATCHED
32
515
build project
running GRADLE
completed: 634 skipped: 14 failures: 0 errors: 0
completed: 634 skipped: 14 failures: 0 errors: 0
bf155de6ee14857780bb26f69f806b8802548828
MATCHED
33
516
build project
running GRADLE
completed: 634 skipped: 14 failures: 0 errors: 0
completed: 634 skipped: 14 failures: 0 errors: 0
4c8e66d0b8bddda8b54f9f66ac0ca73d24efdfe5
MATCHED
34
517
build project
running GRADLE
completed: 634 skipped: 14 failures: 0 errors: 0
completed: 634 skipped: 14 failures: 0 errors: 0
d0cbbe7a8e2b1bfb12bc6f79abcf40f26cb606da
MATCHED
35
518
build project
running GRADLE
completed: 634 skipped: 14 failures: 0 errors: 0
completed: 634 skipped: 14 failures: 0 errors: 0
11a4eaed7ffbc69c7f56e5167bf7ac3687864ced
MATCHED
36
519
build project
running GRADLE
completed: 634 skipped: 14 failures: 0 errors: 0
completed: 634 skipped: 14 failures: 0 errors: 0
2a5119a8bc658b681c965bd618146aedac98e577
MATCHED
37
520
build project
running GRADLE
completed: 634 skipped: 14 failures: 0 errors: 0
completed: 634 skipped: 14 failures: 0 errors: 0
daf6aa8a226b92c95e8083698a606b0f53a96518
MATCHED
38
521
build project
running GRADLE
completed: 634 skipped: 14 failures: 0 errors: 0
completed: 634 skipped: 14 failures: 2 errors: 0
522
build project
running GRADLE
completed: 634 skipped: 14 failures: 2 errors: 0
completed: 634 skipped: 14 failures: 0 errors: 0
523
build project
running GRADLE
completed: 634 skipped: 14 failures: 0 errors: 0
completed: 634 skipped: 14 failures: 0 errors: 0
16a8cc92ecd6198cff60ad13fbf6ca45e3545ee5
MATCHED
41
524
build project
running GRADLE
completed: 634 skipped: 14 failures: 0 errors: 0
completed: 634 skipped: 14 failures: 0 errors: 0
22f6426cf975a7f43ce9911895dede11e3eb0143
MATCHED
42
525
build project
running GRADLE
completed: 634 skipped: 14 failures: 0 errors: 0
completed: 634 skipped: 14 failures: 0 errors: 0
cb8e111984ac5a660cd4ad599cea618a3306a935
MATCHED
43
526
build project
running GRADLE
completed: 634 skipped: 14 failures: 0 errors: 0
completed: 634 skipped: 14 failures: 1 errors: 0
527
build project
running GRADLE
completed: 634 skipped: 14 failures: 1 errors: 0
completed: 634 skipped: 14 failures: 0 errors: 0
528
build project
running GRADLE
completed: 634 skipped: 14 failures: 0 errors: 0
completed: 634 skipped: 14 failures: 1 errors: 0
529
build project
running GRADLE
completed: 634 skipped: 14 failures: 1 errors: 0
completed: 634 skipped: 14 failures: 0 errors: 0
530
build project
running GRADLE
completed: 634 skipped: 14 failures: 0 errors: 0
completed: 634 skipped: 14 failures: 0 errors: 0
a620502dfd146194f0220be8a38258321040aca6
MATCHED
48
531
build project
running GRADLE
completed: 634 skipped: 14 failures: 0 errors: 0
completed: 634 skipped: 14 failures: 0 errors: 0
b16fb6f55c589d8cbf67b360a88ec312321bca1e
MATCHED
49
532
build project
running GRADLE
completed: 634 skipped: 14 failures: 0 errors: 0
completed: 634 skipped: 14 failures: 0 errors: 0
913da0a418f0c4964c2d799174f12d1e4e4f8ae0
MATCHED
50
533
build project
running GRADLE
completed: 634 skipped: 14 failures: 0 errors: 0
completed: 634 skipped: 14 failures: 0 errors: 0
38ffaf659726c0ad770abcc888ed0e92b617e20e
MATCHED
51
534
build project
running GRADLE
completed: 634 skipped: 14 failures: 0 errors: 0
completed: 634 skipped: 14 failures: 2 errors: 0
535
build project
running GRADLE
completed: 634 skipped: 14 failures: 2 errors: 0
completed: 634 skipped: 14 failures: 0 errors: 0
536
build project
running GRADLE
completed: 634 skipped: 14 failures: 0 errors: 0
completed: 634 skipped: 14 failures: 0 errors: 0
db376f72afc03102befca2b2d08ae2ef0c7a84e5
MATCHED
54
537
build project
running GRADLE
completed: 634 skipped: 14 failures: 0 errors: 0
completed: 634 skipped: 14 failures: 0 errors: 0
05229bc6ec8c80b3085d84f6202a58975aa49f06
MATCHED
55
538
build project
running GRADLE
completed: 634 skipped: 14 failures: 0 errors: 0
completed: 634 skipped: 14 failures: 1 errors: 0
539
build project
running GRADLE
completed: 634 skipped: 14 failures: 1 errors: 0
completed: 634 skipped: 14 failures: 0 errors: 0
540
build project
running GRADLE
completed: 634 skipped: 14 failures: 0 errors: 0
completed: 634 skipped: 14 failures: 1 errors: 0
541
build project
running GRADLE
completed: 634 skipped: 14 failures: 1 errors: 0
completed: 634 skipped: 14 failures: 0 errors: 0
542
build project
running GRADLE
completed: 634 skipped: 14 failures: 0 errors: 0
completed: 634 skipped: 14 failures: 0 errors: 0
67af289c2d7d120dd19e2ba5bed09cd3ffb24d86
MATCHED
60
543
build project
running GRADLE
completed: 634 skipped: 14 failures: 0 errors: 0
completed: 634 skipped: 14 failures: 0 errors: 0
7d4cca68df770cced221fd8940c4bc459610e1fb
MATCHED
61
544
build project
running GRADLE
completed: 634 skipped: 14 failures: 0 errors: 0
completed: 634 skipped: 14 failures: 0 errors: 0
590c8be1aa48771a58bf5ba6acbf5fbc62ee3932
MATCHED
62
545
build project
running GRADLE
completed: 634 skipped: 14 failures: 0 errors: 0
completed: 634 skipped: 14 failures: 0 errors: 0
d3bd2e6047010ba3978c53303a339ad28a2f58bb
MATCHED
63
546
build project
running GRADLE
completed: 634 skipped: 14 failures: 0 errors: 0
completed: 634 skipped: 14 failures: 0 errors: 0
449bdc7ac85aced84b420b208e6702f78cb541f0
MATCHED
64
547
build project
running GRADLE
completed: 634 skipped: 14 failures: 0 errors: 0
completed: 634 skipped: 14 failures: 0 errors: 0
415fc7ef965db1f83ec5a1dad4883a0973e2fa49
MATCHED
65
548
build project
running GRADLE
completed: 634 skipped: 14 failures: 0 errors: 0
completed: 634 skipped: 14 failures: 0 errors: 0
938588a3b13f671ebbb47450cb9c7a608aa4400d
MATCHED
66
549
build project
running GRADLE
completed: 634 skipped: 14 failures: 0 errors: 0
completed: 634 skipped: 14 failures: 0 errors: 0
57d72f5dd3e4035080ce816e8f2846c33ef01570
MATCHED
67
550
build project
running GRADLE
completed: 634 skipped: 14 failures: 0 errors: 0
completed: 634 skipped: 14 failures: 0 errors: 0
b313db751288afcc70a6337b511ba01d9ecf2a50
MATCHED
68
551
build project
running GRADLE
completed: 634 skipped: 14 failures: 0 errors: 0
completed: 634 skipped: 14 failures: 1 errors: 0
552
build project
running GRADLE
completed: 634 skipped: 14 failures: 1 errors: 0
completed: 634 skipped: 14 failures: 0 errors: 0
553
build project
running GRADLE
completed: 634 skipped: 14 failures: 0 errors: 0
completed: 634 skipped: 14 failures: 0 errors: 0
acc96cd48e0cfa106d700328a1aa44bf76bd76fc
MATCHED
71
554
build project
running GRADLE
completed: 634 skipped: 14 failures: 0 errors: 0
completed: 634 skipped: 14 failures: 0 errors: 0
09716139275a453874d7a13b0c1c5a456e1d9d10
MATCHED
72
555
build project
running GRADLE
completed: 634 skipped: 14 failures: 0 errors: 0
completed: 634 skipped: 14 failures: 0 errors: 0
50de949a40213c5adacde27b73b8abf167299b77
MATCHED
73
556
build project
running GRADLE
completed: 634 skipped: 14 failures: 0 errors: 0
completed: 634 skipped: 14 failures: 1 errors: 0
557
build project
running GRADLE
completed: 634 skipped: 14 failures: 1 errors: 0
completed: 634 skipped: 14 failures: 1 errors: 0
9e0a297ea70d3ec0d87baa3786207a1e81cdae3d
MATCHED
75
558
build project
running GRADLE
completed: 634 skipped: 14 failures: 1 errors: 0
completed: 634 skipped: 14 failures: 0 errors: 0
559
build project
running GRADLE
completed: 634 skipped: 14 failures: 0 errors: 0
completed: 634 skipped: 14 failures: 0 errors: 0
efa6eae91200fe07723d40d456bb505c529e4994
MATCHED
77
560
build project
running GRADLE
completed: 634 skipped: 14 failures: 0 errors: 0
completed: 634 skipped: 14 failures: 0 errors: 0
64737bbe4cba8f05a8dae3d9a8f83b107275313b
MATCHED
78
561
build project
running GRADLE
completed: 634 skipped: 14 failures: 0 errors: 0
completed: 634 skipped: 14 failures: 0 errors: 0
4607e79cdcbe607d04d530ef9794e3a1be85d394
MATCHED
79
562
build project
running GRADLE
completed: 634 skipped: 14 failures: 0 errors: 0
completed: 634 skipped: 14 failures: 1 errors: 0
563
build project
running GRADLE
completed: 634 skipped: 14 failures: 1 errors: 0
completed: 634 skipped: 14 failures: 0 errors: 0
564
build project
running GRADLE
completed: 634 skipped: 14 failures: 0 errors: 0
completed: 634 skipped: 14 failures: 0 errors: 0
8b3716cf288c0f33e8bf496f1f5b04ea0c22e8d8
MATCHED
82
565
build project
running GRADLE
completed: 634 skipped: 14 failures: 0 errors: 0
completed: 634 skipped: 14 failures: 0 errors: 0
1e75f4b140e6d92328870c0e2277391c8ad11801
MATCHED
83
566
build project
running GRADLE
completed: 634 skipped: 14 failures: 0 errors: 0
completed: 634 skipped: 14 failures: 0 errors: 0
46f7987eacac607e3bf5153b2504b10dc830b82a
MATCHED
84
567
build project
running GRADLE
completed: 634 skipped: 14 failures: 0 errors: 0
completed: 634 skipped: 14 failures: 1 errors: 0
568
build project
running GRADLE
completed: 634 skipped: 14 failures: 1 errors: 0
completed: 634 skipped: 14 failures: 0 errors: 0
569
build project
running GRADLE
completed: 634 skipped: 14 failures: 0 errors: 0
completed: 634 skipped: 14 failures: 0 errors: 0
66df6730e2061ecb3548e04176ca11b210be2b63
MATCHED
87
570
build project
running GRADLE
completed: 634 skipped: 14 failures: 0 errors: 0
completed: 634 skipped: 14 failures: 0 errors: 0
b37d7c4c36afaac9154c6be293a74da423c1524e
MATCHED
88
571
build project
running GRADLE
completed: 634 skipped: 14 failures: 0 errors: 0
completed: 634 skipped: 14 failures: 0 errors: 0
7a4f630c47edf18fbee763e78e2655dd05e8b940
MATCHED
89
572
build project
running GRADLE
completed: 634 skipped: 14 failures: 0 errors: 0
completed: 634 skipped: 14 failures: 0 errors: 0
2ad226607441c0215d980fc33ae40d6f75f41f3e
MATCHED
90
573
build project
running GRADLE
completed: 634 skipped: 14 failures: 0 errors: 0
completed: 634 skipped: 14 failures: 0 errors: 0
48a41046a75d9c8f273f94d10dd366a9652781e8
MATCHED
91
574
build project
running GRADLE
completed: 634 skipped: 14 failures: 0 errors: 0
completed: 634 skipped: 14 failures: 0 errors: 0
ea869af4bf6dc39fca44652381178b83bf5bdab1
MATCHED
92
575
build project
running GRADLE
completed: 634 skipped: 14 failures: 0 errors: 0
completed: 634 skipped: 14 failures: 0 errors: 0
f7d77dc04bbbd2241da798c8d03a7578dd8ff6dc
MATCHED
93
576
build project
running GRADLE
completed: 634 skipped: 14 failures: 0 errors: 0
completed: 634 skipped: 14 failures: 0 errors: 0
41686bf3095f36fde8eb64205d57428b4a77e914
MATCHED
94
577
build project
running GRADLE
completed: 634 skipped: 14 failures: 0 errors: 0
completed: 634 skipped: 14 failures: 0 errors: 0
caaae640cb8848257bcdb5cf163a6e0e6efc949f
MATCHED
95
578
build project
running GRADLE
completed: 634 skipped: 14 failures: 0 errors: 0
completed: 634 skipped: 14 failures: 0 errors: 0
48b94b7f770c2473c4d5fc533e7ddb6a99b7d07f
MATCHED
96
579
build project
running GRADLE
completed: 634 skipped: 14 failures: 0 errors: 0
completed: 634 skipped: 14 failures: 0 errors: 0
a81bad0c6333dd041a761784affab512b91e1afd
MATCHED
97
580
build project
running GRADLE
completed: 634 skipped: 14 failures: 0 errors: 0
completed: 634 skipped: 14 failures: 0 errors: 0
b7d6ff20a10fe6659b0a64b0ad45139273b5bb39
MATCHED
98
581
build project
running GRADLE
completed: 634 skipped: 14 failures: 0 errors: 0
completed: 634 skipped: 14 failures: 0 errors: 0
ca86c7e4a2e33a008d6c70e6d1e47c499f3cb981
MATCHED
99
582
build project
running GRADLE
completed: 634 skipped: 14 failures: 0 errors: 0
completed: 634 skipped: 14 failures: 1 errors: 0
583
build project
running GRADLE
completed: 634 skipped: 14 failures: 1 errors: 0
completed: 634 skipped: 14 failures: 0 errors: 0
584
build project
running GRADLE
completed: 634 skipped: 14 failures: 0 errors: 0
completed: 634 skipped: 14 failures: 0 errors: 0
ed661c6f85104eaff5aaa55a46227e8b8e5abb0d
MATCHED
102
585
build project
running GRADLE
completed: 634 skipped: 14 failures: 0 errors: 0
completed: 634 skipped: 14 failures: 0 errors: 0
562cb2900af8e3f0e1444b636868094cf8c2b17e
MATCHED
103
586
build project
running GRADLE
completed: 634 skipped: 14 failures: 0 errors: 0
completed: 634 skipped: 14 failures: 0 errors: 0
a2d4586648ad0abaafa81ff9ff0f95f4b93c003f
MATCHED
104
587
build project
running GRADLE
completed: 634 skipped: 14 failures: 0 errors: 0
completed: 634 skipped: 14 failures: 0 errors: 0
843f4cc5ce656930c10f7a81ce0829651d06dfa7
MATCHED
105
588
build project
running GRADLE
completed: 634 skipped: 14 failures: 0 errors: 0
completed: 634 skipped: 14 failures: 0 errors: 0
fa8613d5e2ebca14058233d9dad7c1a5437a6384
MATCHED
106
589
build project
running GRADLE
completed: 634 skipped: 14 failures: 0 errors: 0
completed: 634 skipped: 14 failures: 1 errors: 0
590
build project
running GRADLE
completed: 634 skipped: 14 failures: 1 errors: 0
completed: 634 skipped: 14 failures: 1 errors: 0
591
build project
running GRADLE
completed: 634 skipped: 14 failures: 1 errors: 0
completed: 634 skipped: 14 failures: 0 errors: 0
592
build project
running GRADLE
completed: 634 skipped: 14 failures: 0 errors: 0
completed: 634 skipped: 14 failures: 0 errors: 0
fccba0f846bdf27610f6e749f008514ca7a5b13c
MATCHED
110
593
build project
running GRADLE
completed: 634 skipped: 14 failures: 0 errors: 0
completed: 634 skipped: 14 failures: 0 errors: 0
c2bae3db8454cd1ffd854df4463800dae52aa7ca
MATCHED
111
594
build project
running GRADLE
completed: 634 skipped: 14 failures: 0 errors: 0
completed: 634 skipped: 14 failures: 0 errors: 0
57bdb79a5263f5249c9f5a41019c063204fbc9e7
MATCHED
112
595
build project
running GRADLE
completed: 634 skipped: 14 failures: 0 errors: 0
completed: 634 skipped: 14 failures: 0 errors: 0
f1235ba71ea2e1dfef2ad7c54fc301ec7520ec3f
MATCHED
113
596
build project
running GRADLE
completed: 634 skipped: 14 failures: 0 errors: 0
completed: 634 skipped: 14 failures: 1 errors: 0
597
build project
running GRADLE
completed: 634 skipped: 14 failures: 1 errors: 0
completed: 634 skipped: 14 failures: 0 errors: 0
598
build project
running GRADLE
completed: 634 skipped: 14 failures: 0 errors: 0
completed: 634 skipped: 14 failures: 0 errors: 0
e0f8a7337a555d1ffa851fd585ca46d8e6f99342
MATCHED
116
599
build project
running GRADLE
completed: 634 skipped: 14 failures: 0 errors: 0
completed: 634 skipped: 14 failures: 0 errors: 0
94df9e28605702446148ab113c6b9df59e52870f
MATCHED
117
600
build project
running GRADLE
completed: 634 skipped: 14 failures: 0 errors: 0
completed: 634 skipped: 14 failures: 1 errors: 0
601
build project
running GRADLE
completed: 634 skipped: 14 failures: 1 errors: 0
completed: 634 skipped: 14 failures: 1 errors: 0
602
build project
running GRADLE
completed: 634 skipped: 14 failures: 1 errors: 0
completed: 634 skipped: 14 failures: 0 errors: 0
603
build project
running GRADLE
completed: 634 skipped: 14 failures: 0 errors: 0
completed: 634 skipped: 14 failures: 0 errors: 0
c445a0270b991e54e5afdff3b09931363e2988bc
MATCHED
121
604
build project
running GRADLE
completed: 634 skipped: 14 failures: 0 errors: 0
completed: 634 skipped: 14 failures: 0 errors: 0
f85db657adca5b5741109e9c7f0591776e443166
MATCHED
122
605
build project
running GRADLE
completed: 634 skipped: 14 failures: 0 errors: 0
completed: 312 skipped: 14 failures: 0 errors: 0
606
build project
running GRADLE
completed: 312 skipped: 14 failures: 0 errors: 0
completed: 312 skipped: 14 failures: 0 errors: 0
1ce6ddd676a30c79c88fed2c47e272b15c4d8f21
MATCHED
124
607
build project
running GRADLE
completed: 312 skipped: 14 failures: 0 errors: 0
completed: 312 skipped: 14 failures: 0 errors: 0
64c005b7447143f10c97ef07685e712dc6e59b70
MATCHED
125
608
build project
running GRADLE
completed: 312 skipped: 14 failures: 0 errors: 0
completed: 312 skipped: 14 failures: 0 errors: 0
c4a3151fd37cb74f517691019df583d70fce6fc1
MATCHED
126
609
build project
running GRADLE
completed: 312 skipped: 14 failures: 0 errors: 0
completed: 312 skipped: 14 failures: 0 errors: 0
8cf8c68b0fb57c2f95ce815c70bd065e3db86e3a
MATCHED
127
610
build project
running GRADLE
completed: 312 skipped: 14 failures: 0 errors: 0
completed: 312 skipped: 14 failures: 0 errors: 0
bb76bfab0690e7cbe2013c1a915d010fff28a44f
MATCHED
128
611
build project
running GRADLE
completed: 312 skipped: 14 failures: 0 errors: 0
completed: 312 skipped: 14 failures: 0 errors: 0
c4689d6015cd64bced7fbee712f439c2df04e1e4
MATCHED
129
612
build project
running GRADLE
completed: 312 skipped: 14 failures: 0 errors: 0
completed: 312 skipped: 14 failures: 0 errors: 0
452c82d8cea816c80e7926dc918bde41757d826f
MATCHED
130
613
build project
running GRADLE
completed: 312 skipped: 14 failures: 0 errors: 0
completed: 312 skipped: 14 failures: 0 errors: 0
3b1e377f36ce1262cc508b22526e9997cb8dcb62
MATCHED
131
614
build project
running GRADLE
completed: 312 skipped: 14 failures: 0 errors: 0
completed: 312 skipped: 14 failures: 0 errors: 0
13e4ea16407573925cdb7694d0a9b956b0254b88
MATCHED
132
615
build project
running GRADLE
completed: 312 skipped: 14 failures: 0 errors: 0
completed: 312 skipped: 14 failures: 0 errors: 0
2d6aaea6af3ecf999bc3b1595c4603be8f62a1d7
MATCHED
133
616
build project
running GRADLE
completed: 312 skipped: 14 failures: 0 errors: 0
completed: 312 skipped: 14 failures: 0 errors: 0
8377451212113a3b3af027caae5208e92d84a53b
MATCHED
134
617
build project
running GRADLE
completed: 312 skipped: 14 failures: 0 errors: 0
completed: 312 skipped: 14 failures: 0 errors: 0
53455d01e456b78030a74bba35571b2a8bf4e3cd
MATCHED
135
618
build project
running GRADLE
completed: 312 skipped: 14 failures: 0 errors: 0
completed: 312 skipped: 14 failures: 0 errors: 0
1dd0ccd4b63bd4acec59796e589eda010c4280cd
MATCHED
136
619
build project
running GRADLE
completed: 312 skipped: 14 failures: 0 errors: 0
completed: 312 skipped: 14 failures: 0 errors: 0
a9459406b9054ce52bb6f6b4c2e4f2867a342ca2
MATCHED
137
620
build project
running GRADLE
completed: 312 skipped: 14 failures: 0 errors: 0
completed: 312 skipped: 14 failures: 0 errors: 0
e5e7a12fbd0575f7046786e5d74064247cdf6000
MATCHED
138
621
build project
running GRADLE
completed: 312 skipped: 14 failures: 0 errors: 0
completed: 312 skipped: 14 failures: 0 errors: 0
649c212a4bb36f76d5ebf1dd61793032818a2302
MATCHED
139
622
build project
running GRADLE
completed: 312 skipped: 14 failures: 0 errors: 0
completed: 312 skipped: 14 failures: 0 errors: 0
b843f181c475f96b539f346211d3e190a617d164
MATCHED
140
623
build project
running GRADLE
completed: 312 skipped: 14 failures: 0 errors: 0
completed: 312 skipped: 14 failures: 0 errors: 0
3a34e77fad6b17cf284d3363dc31888fc1a911c4
MATCHED
141
624
build project
running GRADLE
completed: 312 skipped: 14 failures: 0 errors: 0
completed: 312 skipped: 14 failures: 0 errors: 0
2a7d152330a2f8b74d5279143a953b9df55d8c5a
MATCHED
142
625
build project
running GRADLE
completed: 312 skipped: 14 failures: 0 errors: 0
completed: 312 skipped: 14 failures: 0 errors: 0
083017015b94c35865f6f1c98a329d9177c282d6
MATCHED
143
626
build project
running GRADLE
completed: 312 skipped: 14 failures: 0 errors: 0
completed: 312 skipped: 14 failures: 0 errors: 0
252f2d933703833ede24ac2bf919c286c7019a81
MATCHED
144
627
build project
running GRADLE
completed: 312 skipped: 14 failures: 0 errors: 0
completed: 312 skipped: 14 failures: 0 errors: 0
ae9dd9f5d746a0cdf40787818bcfebe00ddafb36
MATCHED
145
628
build project
running GRADLE
completed: 312 skipped: 14 failures: 0 errors: 0
completed: 312 skipped: 14 failures: 0 errors: 0
b71b1694b783fb09f97cc6ae113a038b59a9e910
MATCHED
146
629
build project
running GRADLE
completed: 312 skipped: 14 failures: 0 errors: 0
completed: 312 skipped: 14 failures: 0 errors: 0
0ea9418b7c307e9f303aafe52c99e38d07962388
MATCHED
147
630
build project
running GRADLE
completed: 312 skipped: 14 failures: 0 errors: 0
completed: 312 skipped: 14 failures: 0 errors: 0
e791687a6617eaeb5f8e5524452541777ddc4aa4
MATCHED
148
631
build project
running GRADLE
completed: 312 skipped: 14 failures: 0 errors: 0
completed: 312 skipped: 14 failures: 0 errors: 0
503d79e9f222c9bdd632ef3d11c7cb26804fff2c
MATCHED
149
632
build project
running GRADLE
completed: 312 skipped: 14 failures: 0 errors: 0
completed: 312 skipped: 14 failures: 0 errors: 0
626942ab745448f08155f62f79f30410e107f51e
MATCHED
150
633
build project
running GRADLE
completed: 312 skipped: 14 failures: 0 errors: 0
completed: 312 skipped: 14 failures: 0 errors: 0
4e513884b1521a39237fdca209bdff20e65752d9
MATCHED
151
634
build project
running GRADLE
completed: 312 skipped: 14 failures: 0 errors: 0
completed: 312 skipped: 14 failures: 0 errors: 0
c50b769f64143ae970d165f47f7c632478139809
MATCHED
152
635
build project
running GRADLE
completed: 312 skipped: 14 failures: 0 errors: 0
completed: 312 skipped: 14 failures: 0 errors: 0
ec99c3aa7067c34340637728e1d505270c347882
MATCHED
153
636
build project
running GRADLE
completed: 312 skipped: 14 failures: 0 errors: 0
completed: 312 skipped: 14 failures: 0 errors: 0
4237845d884c30347b93d738167af34ca4c5c52c
MATCHED
154
637
build project
running GRADLE
completed: 312 skipped: 14 failures: 0 errors: 0
completed: 312 skipped: 14 failures: 0 errors: 0
55c5f164d7ef59dcec32005769ecadcd4c0e89cb
MATCHED
155
638
build project
running GRADLE
completed: 312 skipped: 14 failures: 0 errors: 0
completed: 312 skipped: 14 failures: 0 errors: 0
1de570389b866ca229539a3c811a6ae213f6dc45
MATCHED
156
639
build project
running GRADLE
completed: 312 skipped: 14 failures: 0 errors: 0
completed: 312 skipped: 14 failures: 0 errors: 0
06e53589905b0107c1e0c7f204a2ad897b9889f5
MATCHED
157
640
build project
running GRADLE
completed: 312 skipped: 14 failures: 0 errors: 0
completed: 312 skipped: 14 failures: 0 errors: 0
b62ceaf5e1e211345b33bef1fc4b113a5f2608c3
MATCHED
158
641
build project
running GRADLE
completed: 312 skipped: 14 failures: 0 errors: 0
completed: 312 skipped: 14 failures: 0 errors: 0
fa2f279d3ae3dccd602ae6e2d74871298dae7162
MATCHED
159
642
build project
running GRADLE
completed: 312 skipped: 14 failures: 0 errors: 0
completed: 312 skipped: 14 failures: 0 errors: 0
02d8f906b3b42203b11b8f634c39c3180c89b3e2
MATCHED
160
643
build project
running GRADLE
completed: 312 skipped: 14 failures: 0 errors: 0
completed: 312 skipped: 14 failures: 0 errors: 0
0a558082bbbd4d57e2d1b98792032c538f5ebe45
MATCHED
161
644
build project
running GRADLE
completed: 312 skipped: 14 failures: 0 errors: 0
completed: 312 skipped: 14 failures: 0 errors: 0
dffe69780a4f90138e0b95616379f95d67188e10
MATCHED
162
645
build project
running GRADLE
completed: 312 skipped: 14 failures: 0 errors: 0
completed: 312 skipped: 14 failures: 0 errors: 0
f6dcec03788ee221e5490ad37f5940f6b9c72a85
MATCHED
163
646
build project
running GRADLE
completed: 312 skipped: 14 failures: 0 errors: 0
completed: 312 skipped: 14 failures: 0 errors: 0
1547dd847ef0b6a7579892a346b674b409dd1366
MATCHED
164
647
build project
running GRADLE
completed: 312 skipped: 14 failures: 0 errors: 0
completed: 312 skipped: 14 failures: 0 errors: 0
5bb253afc0b5399dd0cfe4a1c6e20a9657ac034a
MATCHED
165
648
build project
running GRADLE
completed: 312 skipped: 14 failures: 0 errors: 0
completed: 312 skipped: 14 failures: 0 errors: 0
f3ccdfdb970d3793f4c78c0fa627b08a078fbbed
MATCHED
166
649
build project
running GRADLE
completed: 312 skipped: 14 failures: 0 errors: 0
completed: 312 skipped: 14 failures: 0 errors: 0
6c05bc6f3d69648a6a3129d866cbcac4b739f327
MATCHED
167
650
build project
running GRADLE
completed: 312 skipped: 14 failures: 0 errors: 0
completed: 312 skipped: 14 failures: 0 errors: 0
12935a918d45748c3e83dba3a7404bc80ed54db4
MATCHED
168
651
build project
running GRADLE
completed: 312 skipped: 14 failures: 0 errors: 0
completed: 312 skipped: 14 failures: 0 errors: 0
0f0aa3d4f9be2ca9477abcdea5a883171a583f29
MATCHED
169
652
build project
running GRADLE
completed: 312 skipped: 14 failures: 0 errors: 0
completed: 312 skipped: 14 failures: 0 errors: 0
6ec40ba095deb171c36a2a1f96113a888037e8de
MATCHED
170
653
build project
running GRADLE
completed: 312 skipped: 14 failures: 0 errors: 0
completed: 312 skipped: 14 failures: 0 errors: 0
03077e8da0ee3bf57bb9bb35442fda9688c23654
MATCHED
171
654
build project
running GRADLE
completed: 312 skipped: 14 failures: 0 errors: 0
completed: 312 skipped: 14 failures: 0 errors: 0
df0733c9f8bc8808d70f18302a9d75c150012531
MATCHED
172
655
build project
running GRADLE
completed: 312 skipped: 14 failures: 0 errors: 0
completed: 312 skipped: 14 failures: 0 errors: 0
53ba4172885b23b5e3788c82ff2f896e101671af
MATCHED
173
656
build project
running GRADLE
completed: 312 skipped: 14 failures: 0 errors: 0
completed: 312 skipped: 14 failures: 0 errors: 0
1469a5856779b3e4e3592b0d713743b4075b83f4
MATCHED
174
657
build project
running GRADLE
completed: 312 skipped: 14 failures: 0 errors: 0
completed: 312 skipped: 14 failures: 0 errors: 0
032602ecd9f20dd941a3ce7a047951762191c443
MATCHED
175
658
build project
running GRADLE
completed: 312 skipped: 14 failures: 0 errors: 0
completed: 312 skipped: 14 failures: 0 errors: 0
e793c4272b281e31ff335391b2a5939dc05cbd43
MATCHED
176
659
build project
running GRADLE
completed: 312 skipped: 14 failures: 0 errors: 0
completed: 312 skipped: 14 failures: 0 errors: 0
3c9401bd2a8fd61d68ffe28192cc79ceb3f73abe
MATCHED
177
660
build project
running GRADLE
completed: 312 skipped: 14 failures: 0 errors: 0
completed: 312 skipped: 14 failures: 0 errors: 0
4134eabcf341ed0e65983b148aca50e6b49c6177
MATCHED
178
661
build project
running GRADLE
completed: 312 skipped: 14 failures: 0 errors: 0
completed: 312 skipped: 14 failures: 0 errors: 0
8f302c6549de727a7aace1063db5b9cef2ff07d8
MATCHED
179
662
build project
running GRADLE
completed: 312 skipped: 14 failures: 0 errors: 0
completed: 312 skipped: 14 failures: 0 errors: 0
89690540b48f5ca4b000a73c1f8534774e6dea34
MATCHED
180
663
build project
running GRADLE
completed: 312 skipped: 14 failures: 0 errors: 0
completed: 312 skipped: 14 failures: 0 errors: 0
8b34fdf47e6fc8e8aea384482467ab90dde4dbf4
MATCHED
181
664
build project
running GRADLE
completed: 312 skipped: 14 failures: 0 errors: 0
completed: 312 skipped: 14 failures: 0 errors: 0
08ca5f40cc0b60b4db16d15e45552cafeae39ccb
MATCHED
182
665
build project
running GRADLE
completed: 312 skipped: 14 failures: 0 errors: 0
completed: 312 skipped: 14 failures: 0 errors: 0
7c3f0d3aa8903fd32a9cd51bac5ec71c18534f8b
MATCHED
183
666
build project
running GRADLE
completed: 312 skipped: 14 failures: 0 errors: 0
completed: 312 skipped: 14 failures: 0 errors: 0
9fde53f963d07495118c61ea2d9a3fce575afeb7
MATCHED
184
667
build project
running GRADLE
completed: 312 skipped: 14 failures: 0 errors: 0
completed: 312 skipped: 14 failures: 0 errors: 0
552c1769e18489030f1bfd94ec6dd44c554a19bd
MATCHED
185
668
build project
running GRADLE
completed: 312 skipped: 14 failures: 0 errors: 0
completed: 312 skipped: 14 failures: 0 errors: 0
39043c5afcf606eadf0d4665d35707733ec81e00
MATCHED
186
669
build project
running GRADLE
completed: 312 skipped: 14 failures: 0 errors: 0
completed: 312 skipped: 14 failures: 0 errors: 0
e82e8cd7dae40c2352d1aa61ad820ab5d7f5275b
MATCHED
187
670
build project
running GRADLE
completed: 312 skipped: 14 failures: 0 errors: 0
completed: 312 skipped: 14 failures: 0 errors: 0
ca79fc87eb34fe5d6c5e9b569e27412a4a0320dc
MATCHED
188
671
build project
running GRADLE
completed: 312 skipped: 14 failures: 0 errors: 0
completed: 312 skipped: 14 failures: 0 errors: 0
3f581099a2fc2eb1a0a0a31ebc8153bc02ab6bbf
MATCHED
189
672
build project
running GRADLE
completed: 312 skipped: 14 failures: 0 errors: 0
completed: 0 skipped: 0 failures: 0 errors: 0
673
build project
running GRADLE
completed: 0 skipped: 0 failures: 0 errors: 0
completed: 0 skipped: 0 failures: 0 errors: 0
674
build project
running GRADLE
completed: 0 skipped: 0 failures: 0 errors: 0
completed: 312 skipped: 14 failures: 0 errors: 0
675
Number of file in interval 6: 57
build project
running GRADLE
build project
running GRADLE
completed: 0 skipped: 0 failures: 0 errors: 0
completed: 312 skipped: 14 failures: 0 errors: 0
676
build project
running GRADLE
completed: 312 skipped: 14 failures: 0 errors: 0
completed: 312 skipped: 14 failures: 0 errors: 0
edc5796bd2cdc2196d78b9edf253d9e0b0701da5
MATCHED
1
677
build project
running GRADLE
completed: 312 skipped: 14 failures: 0 errors: 0
completed: 312 skipped: 14 failures: 0 errors: 0
a0d78c9cb8cbb9b17ffc053c7d7313ff96ac7e9f
MATCHED
2
678
build project
running GRADLE
completed: 312 skipped: 14 failures: 0 errors: 0
completed: 312 skipped: 14 failures: 0 errors: 0
cd33154691ca1f577bab6f39b132ce09669d1192
MATCHED
3
679
build project
running GRADLE
completed: 312 skipped: 14 failures: 0 errors: 0
completed: 312 skipped: 14 failures: 0 errors: 0
25d6dbd40f13409c54831217ce24493f0ba3bb8e
MATCHED
4
680
build project
running GRADLE
completed: 312 skipped: 14 failures: 0 errors: 0
completed: 312 skipped: 14 failures: 0 errors: 0
1884d61893582ce410584a09e012fe345771b706
MATCHED
5
681
build project
running GRADLE
completed: 312 skipped: 14 failures: 0 errors: 0
completed: 312 skipped: 14 failures: 0 errors: 0
de3970402801ef74e483b029cbbdbf4da56f42b0
MATCHED
6
682
build project
running GRADLE
completed: 312 skipped: 14 failures: 0 errors: 0
completed: 312 skipped: 14 failures: 0 errors: 0
de1406e70dfe4d2ab28a050d17f51aefa0ed9198
MATCHED
7
683
build project
running GRADLE
completed: 312 skipped: 14 failures: 0 errors: 0
completed: 312 skipped: 14 failures: 0 errors: 0
b22dbc3223545df1cda409b84fbac112483f2aed
MATCHED
8
684
build project
running GRADLE
completed: 312 skipped: 14 failures: 0 errors: 0
completed: 312 skipped: 14 failures: 0 errors: 0
c82a48dce30355018f95ee4b270ec4126483aa5a
MATCHED
9
685
build project
running GRADLE
completed: 312 skipped: 14 failures: 0 errors: 0
completed: 312 skipped: 14 failures: 0 errors: 0
1f9c799d44439f7a11753c20ffd1541f52c30991
MATCHED
10
686
build project
running GRADLE
completed: 312 skipped: 14 failures: 0 errors: 0
completed: 312 skipped: 14 failures: 0 errors: 0
729e11043043ffe3cff198b5e26b5c8c979f28b5
MATCHED
11
687
build project
running GRADLE
completed: 312 skipped: 14 failures: 0 errors: 0
completed: 312 skipped: 14 failures: 0 errors: 0
fbd055061aaa55efddf717699c03e5e9fd11bd97
MATCHED
12
688
build project
running GRADLE
completed: 312 skipped: 14 failures: 0 errors: 0
completed: 634 skipped: 14 failures: 0 errors: 0
689
build project
running GRADLE
completed: 634 skipped: 14 failures: 0 errors: 0
completed: 634 skipped: 14 failures: 0 errors: 0
81255fb23f318b4c27458974770339d8fdcd3cdc
MATCHED
14
690
build project
running GRADLE
completed: 634 skipped: 14 failures: 0 errors: 0
completed: 634 skipped: 14 failures: 0 errors: 0
27eb7f3c220d41f5928840e3ca791a9db48c037e
MATCHED
15
691
build project
running GRADLE
completed: 634 skipped: 14 failures: 0 errors: 0
completed: 634 skipped: 14 failures: 0 errors: 0
64f1fd3288b1d6a3227b80e366da7f08817962d4
MATCHED
16
692
build project
running GRADLE
completed: 634 skipped: 14 failures: 0 errors: 0
completed: 634 skipped: 14 failures: 1 errors: 0
693
build project
running GRADLE
completed: 634 skipped: 14 failures: 1 errors: 0
completed: 634 skipped: 14 failures: 0 errors: 0
694
build project
running GRADLE
completed: 634 skipped: 14 failures: 0 errors: 0
completed: 634 skipped: 14 failures: 0 errors: 0
e806717fada885946b9e49ba94451aa8d666304f
MATCHED
19
695
build project
running GRADLE
completed: 634 skipped: 14 failures: 0 errors: 0
completed: 634 skipped: 14 failures: 0 errors: 0
46975c8a694e664852db79760d88ded632f5e602
MATCHED
20
696
build project
running GRADLE
completed: 634 skipped: 14 failures: 0 errors: 0
completed: 634 skipped: 14 failures: 0 errors: 0
cbbe477e89f86820dbc8c544a8c2550c39d87e15
MATCHED
21
697
build project
running GRADLE
completed: 634 skipped: 14 failures: 0 errors: 0
completed: 634 skipped: 14 failures: 2 errors: 0
698
build project
running GRADLE
completed: 634 skipped: 14 failures: 2 errors: 0
completed: 634 skipped: 14 failures: 0 errors: 0
699
build project
running GRADLE
completed: 634 skipped: 14 failures: 0 errors: 0
completed: 634 skipped: 14 failures: 0 errors: 0
f7fb4d9e1714f9914bf37706a8a6e42dec7bf02e
MATCHED
24
700
build project
running GRADLE
completed: 634 skipped: 14 failures: 0 errors: 0
completed: 634 skipped: 14 failures: 0 errors: 0
1d382e7bc2100098932d62bb71038a3dcfa54ea1
MATCHED
25
701
build project
running GRADLE
completed: 634 skipped: 14 failures: 0 errors: 0
completed: 634 skipped: 14 failures: 0 errors: 0
26dfac78955b87c65d277da0c1d83c416c9610fa
MATCHED
26
702
build project
running GRADLE
completed: 634 skipped: 14 failures: 0 errors: 0
completed: 634 skipped: 14 failures: 1 errors: 0
703
build project
running GRADLE
completed: 634 skipped: 14 failures: 1 errors: 0
completed: 634 skipped: 14 failures: 1 errors: 0
704
build project
running GRADLE
completed: 634 skipped: 14 failures: 1 errors: 0
completed: 634 skipped: 14 failures: 0 errors: 0
705
build project
running GRADLE
completed: 634 skipped: 14 failures: 0 errors: 0
completed: 634 skipped: 14 failures: 0 errors: 0
a4c30b565f04275ffb377196f6707e43e1b40a18
MATCHED
30
706
build project
running GRADLE
completed: 634 skipped: 14 failures: 0 errors: 0
completed: 634 skipped: 14 failures: 2 errors: 0
707
build project
running GRADLE
completed: 634 skipped: 14 failures: 2 errors: 0
completed: 634 skipped: 14 failures: 0 errors: 0
708
build project
running GRADLE
completed: 634 skipped: 14 failures: 0 errors: 0
completed: 634 skipped: 14 failures: 0 errors: 0
4e0e449fa3634b42d40b97d85baeef31e39e6e1f
MATCHED
33
709
build project
running GRADLE
completed: 634 skipped: 14 failures: 0 errors: 0
completed: 634 skipped: 14 failures: 1 errors: 0
710
build project
running GRADLE
completed: 634 skipped: 14 failures: 1 errors: 0
completed: 634 skipped: 14 failures: 0 errors: 0
711
build project
running GRADLE
completed: 634 skipped: 14 failures: 0 errors: 0
completed: 634 skipped: 14 failures: 0 errors: 0
6bc7c852a7cfd6b9b945a5e37382d0491a2d8753
MATCHED
36
712
build project
running GRADLE
completed: 634 skipped: 14 failures: 0 errors: 0
completed: 634 skipped: 14 failures: 0 errors: 0
42f852dcd260c7be3f49429229c7a98ff46422de
MATCHED
37
713
build project
running GRADLE
completed: 634 skipped: 14 failures: 0 errors: 0
completed: 634 skipped: 14 failures: 0 errors: 0
92eb6cc60b692aeb88aaf02d8f2836bd02cc3cc5
MATCHED
38
714
build project
running GRADLE
completed: 634 skipped: 14 failures: 0 errors: 0
completed: 634 skipped: 14 failures: 0 errors: 0
d30c46b12cab5ddb001c0653164ba51b79c0e0e5
MATCHED
39
715
build project
running GRADLE
completed: 634 skipped: 14 failures: 0 errors: 0
completed: 634 skipped: 14 failures: 0 errors: 0
c34d2f814dacf9c24598c37e18885d5e467dd272
MATCHED
40
716
build project
running GRADLE
completed: 634 skipped: 14 failures: 0 errors: 0
completed: 634 skipped: 14 failures: 0 errors: 0
59fbd8aa310e16f8eb0171c582c2d3b89b21f4ca
MATCHED
41
717
build project
running GRADLE
completed: 634 skipped: 14 failures: 0 errors: 0
completed: 634 skipped: 14 failures: 0 errors: 0
5af6c9dccd6c783d7ac43a18ed15143071e9876c
MATCHED
42
718
build project
running GRADLE
completed: 634 skipped: 14 failures: 0 errors: 0
completed: 634 skipped: 14 failures: 0 errors: 0
68165e2ef7674b1122befb3324cc093c9070714b
MATCHED
43
719
build project
running GRADLE
completed: 634 skipped: 14 failures: 0 errors: 0
completed: 634 skipped: 14 failures: 1 errors: 0
720
build project
running GRADLE
completed: 634 skipped: 14 failures: 1 errors: 0
completed: 634 skipped: 14 failures: 0 errors: 0
721
build project
running GRADLE
completed: 634 skipped: 14 failures: 0 errors: 0
completed: 634 skipped: 14 failures: 0 errors: 0
739296449e7eb15647de74bd6b762bb6706d8f8a
MATCHED
46
722
build project
running GRADLE
completed: 634 skipped: 14 failures: 0 errors: 0
completed: 634 skipped: 14 failures: 0 errors: 0
44dd6400767fa1a7e44590203d9b4ac9cd43ddaa
MATCHED
47
723
build project
running GRADLE
completed: 634 skipped: 14 failures: 0 errors: 0
completed: 634 skipped: 14 failures: 1 errors: 0
724
build project
running GRADLE
completed: 634 skipped: 14 failures: 1 errors: 0
completed: 634 skipped: 14 failures: 1 errors: 0
725
build project
running GRADLE
completed: 634 skipped: 14 failures: 1 errors: 0
completed: 634 skipped: 14 failures: 0 errors: 0
726
build project
running GRADLE
completed: 634 skipped: 14 failures: 0 errors: 0
completed: 634 skipped: 14 failures: 0 errors: 0
ffea81e194cc17e80a708688f469c67f8dbed8cc
MATCHED
51
727
build project
running GRADLE
completed: 634 skipped: 14 failures: 0 errors: 0
completed: 634 skipped: 14 failures: 0 errors: 0
2ea8fa630c6ac87a43fd798e9de318e755104093
MATCHED
52
728
build project
running GRADLE
completed: 634 skipped: 14 failures: 0 errors: 0
completed: 634 skipped: 14 failures: 0 errors: 0
2f417c9a0dbfdd00945bcf0fe2c7c5841f0bc3d1
MATCHED
53
729
build project
running GRADLE
completed: 634 skipped: 14 failures: 0 errors: 0
completed: 634 skipped: 14 failures: 0 errors: 0
2482d789e37823cf2f116b21b54354e2e67e722f
MATCHED
54
730
build project
running GRADLE
completed: 634 skipped: 14 failures: 0 errors: 0
completed: 634 skipped: 14 failures: 0 errors: 0
0556be1da2b664398705503f3aaaa2bb3e731bbc
MATCHED
55
731
Number of file in interval 7: 152
build project
running GRADLE
build project
running GRADLE
completed: 634 skipped: 14 failures: 0 errors: 0
completed: 634 skipped: 14 failures: 0 errors: 0
cc75c37eb777b000426a2373312e3b143c8ed9f7
MATCHED
0
732
build project
running GRADLE
completed: 634 skipped: 14 failures: 0 errors: 0
completed: 634 skipped: 14 failures: 0 errors: 0
b631a27a907aa27e4435a2f289f1d2f7ea81ccc4
MATCHED
1
733
build project
running GRADLE
completed: 634 skipped: 14 failures: 0 errors: 0
completed: 634 skipped: 14 failures: 0 errors: 0
82439eaeca1df3d411854ec103b9f795b83b3c9f
MATCHED
2
734
build project
running GRADLE
completed: 634 skipped: 14 failures: 0 errors: 0
completed: 634 skipped: 14 failures: 0 errors: 0
dc32d2b28f0bafff4a603011a42e45f6470e2f94
MATCHED
3
735
build project
running GRADLE
completed: 634 skipped: 14 failures: 0 errors: 0
completed: 634 skipped: 14 failures: 0 errors: 0
678ec492b612468da4c74fef9f930e557c4c84c7
MATCHED
4
736
build project
running GRADLE
completed: 634 skipped: 14 failures: 0 errors: 0
completed: 634 skipped: 14 failures: 1 errors: 0
737
build project
running GRADLE
completed: 634 skipped: 14 failures: 1 errors: 0
completed: 634 skipped: 14 failures: 1 errors: 0
017c007b48ed4eabb4c7e63be02bfc22e0a149ee
MATCHED
6
738
build project
running GRADLE
completed: 634 skipped: 14 failures: 1 errors: 0
completed: 634 skipped: 14 failures: 0 errors: 0
739
build project
running GRADLE
completed: 634 skipped: 14 failures: 0 errors: 0
completed: 634 skipped: 14 failures: 0 errors: 0
d13926cd3e0f2477e5306f7888f329cbdcb61371
MATCHED
8
740
build project
running GRADLE
completed: 634 skipped: 14 failures: 0 errors: 0
completed: 634 skipped: 14 failures: 0 errors: 0
4f11c2ba7425d0c3531f16424b49645c01dc958b
MATCHED
9
741
build project
running GRADLE
completed: 634 skipped: 14 failures: 0 errors: 0
completed: 634 skipped: 14 failures: 0 errors: 0
071535eaa347547db857a22981ff0fa980fdaf0c
MATCHED
10
742
build project
running GRADLE
completed: 634 skipped: 14 failures: 0 errors: 0
completed: 634 skipped: 14 failures: 0 errors: 0
eab75456a5b05e4b99c7f2c42695dec671926d65
MATCHED
11
743
build project
running GRADLE
completed: 634 skipped: 14 failures: 0 errors: 0
completed: 634 skipped: 14 failures: 1 errors: 0
744
build project
running GRADLE
completed: 634 skipped: 14 failures: 1 errors: 0
completed: 634 skipped: 14 failures: 0 errors: 0
745
build project
running GRADLE
completed: 634 skipped: 14 failures: 0 errors: 0
completed: 634 skipped: 14 failures: 0 errors: 0
9a09224d8ee75bd1a834d01913bd3d29b7469ed8
MATCHED
14
746
build project
running GRADLE
completed: 634 skipped: 14 failures: 0 errors: 0
completed: 634 skipped: 14 failures: 0 errors: 0
f459b2b504005bf257623d56b5981bde07730a14
MATCHED
15
747
build project
running GRADLE
completed: 634 skipped: 14 failures: 0 errors: 0
completed: 634 skipped: 14 failures: 1 errors: 0
748
build project
running GRADLE
completed: 634 skipped: 14 failures: 1 errors: 0
completed: 634 skipped: 14 failures: 0 errors: 0
749
build project
running GRADLE
completed: 634 skipped: 14 failures: 0 errors: 0
completed: 634 skipped: 14 failures: 0 errors: 0
b908cb94a8acd1de99629bb31e75e1bb44df209e
MATCHED
18
750
build project
running GRADLE
completed: 634 skipped: 14 failures: 0 errors: 0
completed: 634 skipped: 14 failures: 0 errors: 0
7a0fdef83709bc47573f02d665febfc353807901
MATCHED
19
751
build project
running GRADLE
completed: 634 skipped: 14 failures: 0 errors: 0
completed: 634 skipped: 14 failures: 0 errors: 0
de504968c92aaab4d3a5eaf36aad3bd3905624a7
MATCHED
20
752
build project
running GRADLE
completed: 634 skipped: 14 failures: 0 errors: 0
completed: 634 skipped: 14 failures: 2 errors: 0
753
build project
running GRADLE
completed: 634 skipped: 14 failures: 2 errors: 0
completed: 634 skipped: 14 failures: 0 errors: 0
754
build project
running GRADLE
completed: 634 skipped: 14 failures: 0 errors: 0
completed: 634 skipped: 14 failures: 0 errors: 0
37adcbb49553778ee2d6e582097014e8f6b2446e
MATCHED
23
755
build project
running GRADLE
completed: 634 skipped: 14 failures: 0 errors: 0
completed: 634 skipped: 14 failures: 0 errors: 0
4acf1aad448955765b90994534ad66e0a0731930
MATCHED
24
756
build project
running GRADLE
completed: 634 skipped: 14 failures: 0 errors: 0
completed: 634 skipped: 14 failures: 0 errors: 0
04e9009a3ef69391b4829f5be3cd387dd6f340f6
MATCHED
25
757
build project
running GRADLE
completed: 634 skipped: 14 failures: 0 errors: 0
completed: 634 skipped: 14 failures: 0 errors: 0
955750b852ec6253d409cf52761de8a532e086cf
MATCHED
26
758
build project
running GRADLE
completed: 634 skipped: 14 failures: 0 errors: 0
completed: 634 skipped: 14 failures: 0 errors: 0
2a6a301ef0f1cf3f34a0266b19b3babbfb3397e0
MATCHED
27
759
build project
running GRADLE
completed: 634 skipped: 14 failures: 0 errors: 0
completed: 634 skipped: 14 failures: 0 errors: 0
67c6dd2ae04d9019d4444de1d659136eadf5a7e3
MATCHED
28
760
build project
running GRADLE
completed: 634 skipped: 14 failures: 0 errors: 0
completed: 634 skipped: 14 failures: 0 errors: 0
62ef3554db211ef2f7f3355914bfd40d15c0fc64
MATCHED
29
761
build project
running GRADLE
completed: 634 skipped: 14 failures: 0 errors: 0
completed: 634 skipped: 14 failures: 0 errors: 0
0ce993fde002e1acdd87b8d1faf71e127a26d79c
MATCHED
30
762
build project
running GRADLE
completed: 634 skipped: 14 failures: 0 errors: 0
completed: 634 skipped: 14 failures: 0 errors: 0
374fc36c96eed7bd4b9e7c79f3cb88679cada61e
MATCHED
31
763
build project
running GRADLE
completed: 634 skipped: 14 failures: 0 errors: 0
completed: 634 skipped: 14 failures: 1 errors: 0
764
build project
running GRADLE
completed: 634 skipped: 14 failures: 1 errors: 0
completed: 634 skipped: 14 failures: 1 errors: 0
765
build project
running GRADLE
completed: 634 skipped: 14 failures: 1 errors: 0
completed: 634 skipped: 14 failures: 0 errors: 0
766
build project
running GRADLE
completed: 634 skipped: 14 failures: 0 errors: 0
completed: 634 skipped: 14 failures: 0 errors: 0
f8abc9bacabd5b6d57a5ecc7f4a7a504bd2e3b65
MATCHED
35
767
build project
running GRADLE
completed: 634 skipped: 14 failures: 0 errors: 0
completed: 634 skipped: 14 failures: 0 errors: 0
5bcda53748900f2aee59272d797c18dab1829584
MATCHED
36
768
build project
running GRADLE
completed: 634 skipped: 14 failures: 0 errors: 0
completed: 634 skipped: 14 failures: 0 errors: 0
5acedf24a08c86fe02f36558358fcdb815baac7e
MATCHED
37
769
build project
running GRADLE
completed: 634 skipped: 14 failures: 0 errors: 0
completed: 634 skipped: 14 failures: 0 errors: 0
46c940dd292b99d31cbf8ab5e98a78a8d29e619e
MATCHED
38
770
build project
running GRADLE
completed: 634 skipped: 14 failures: 0 errors: 0
completed: 634 skipped: 14 failures: 0 errors: 0
8d2dee4d6093719bebabe81aaed65a95a6d789fd
MATCHED
39
771
build project
running GRADLE
completed: 634 skipped: 14 failures: 0 errors: 0
completed: 634 skipped: 14 failures: 0 errors: 0
c5863631a58efe79f7161629d051f5724329e4fa
MATCHED
40
772
build project
running GRADLE
completed: 634 skipped: 14 failures: 0 errors: 0
completed: 634 skipped: 14 failures: 0 errors: 0
e521032c2abf510611f2edfa11972d77862f6234
MATCHED
41
773
build project
running GRADLE
completed: 634 skipped: 14 failures: 0 errors: 0
completed: 634 skipped: 14 failures: 0 errors: 0
8d4c9f93b695e3938ac3a2bbaefeaeadae9109dd
MATCHED
42
774
build project
running GRADLE
completed: 634 skipped: 14 failures: 0 errors: 0
completed: 634 skipped: 14 failures: 0 errors: 0
96f24a16f988da4fd5d42d0e14b2b8f1d9361ea6
MATCHED
43
775
build project
running GRADLE
completed: 634 skipped: 14 failures: 0 errors: 0
completed: 634 skipped: 14 failures: 0 errors: 0
8e10b37f3672d0a32f560499c15e913fe25723eb
MATCHED
44
776
build project
running GRADLE
completed: 634 skipped: 14 failures: 0 errors: 0
completed: 634 skipped: 14 failures: 0 errors: 0
04486ac6d6d94ea0d71d3f9263417751e74147e5
MATCHED
45
777
build project
running GRADLE
completed: 634 skipped: 14 failures: 0 errors: 0
completed: 634 skipped: 14 failures: 0 errors: 0
f400bd44a7dd3ab03cc9406cc81ea3feee4ca184
MATCHED
46
778
build project
running GRADLE
completed: 634 skipped: 14 failures: 0 errors: 0
completed: 634 skipped: 14 failures: 0 errors: 0
73e4e383d51b74401bfd65ba96a420413def8486
MATCHED
47
779
build project
running GRADLE
completed: 634 skipped: 14 failures: 0 errors: 0
completed: 634 skipped: 14 failures: 0 errors: 0
4a1c771d2d986e55d7997b01f8d6233785a8ad39
MATCHED
48
780
build project
running GRADLE
completed: 634 skipped: 14 failures: 0 errors: 0
completed: 634 skipped: 14 failures: 0 errors: 0
10a0a3d1e38d234373aacb0c0d48e3832dbd9b91
MATCHED
49
781
build project
running GRADLE
completed: 634 skipped: 14 failures: 0 errors: 0
completed: 634 skipped: 14 failures: 0 errors: 0
26beb6c8eb600d843f650143b59c647c04c5b637
MATCHED
50
782
build project
running GRADLE
completed: 634 skipped: 14 failures: 0 errors: 0
completed: 634 skipped: 14 failures: 0 errors: 0
1b626da6325552efd15a3c431440456e6908d52b
MATCHED
51
783
build project
running GRADLE
completed: 634 skipped: 14 failures: 0 errors: 0
completed: 634 skipped: 14 failures: 0 errors: 0
fef3d426a65cb8c1f54d9b6d2ee77bf66c8d1baf
MATCHED
52
784
build project
running GRADLE
completed: 634 skipped: 14 failures: 0 errors: 0
completed: 634 skipped: 14 failures: 0 errors: 0
60e7baa5e809e25451ec265a761708675d26ecc1
MATCHED
53
785
build project
running GRADLE
completed: 634 skipped: 14 failures: 0 errors: 0
completed: 634 skipped: 14 failures: 0 errors: 0
03266c35d58173259b2d49575d366b7a1d0e721f
MATCHED
54
786
build project
running GRADLE
completed: 634 skipped: 14 failures: 0 errors: 0
completed: 634 skipped: 14 failures: 0 errors: 0
0d37cbc332c279af99006d542982276238bce534
MATCHED
55
787
build project
running GRADLE
completed: 634 skipped: 14 failures: 0 errors: 0
completed: 634 skipped: 14 failures: 1 errors: 0
788
build project
running GRADLE
completed: 634 skipped: 14 failures: 1 errors: 0
completed: 634 skipped: 14 failures: 0 errors: 0
789
build project
running GRADLE
completed: 634 skipped: 14 failures: 0 errors: 0
completed: 634 skipped: 14 failures: 0 errors: 0
49f9a756549ec0077bb28fdcf30f30106fdf8c73
MATCHED
58
790
build project
running GRADLE
completed: 634 skipped: 14 failures: 0 errors: 0
completed: 634 skipped: 14 failures: 0 errors: 0
866bdf38423497e84b7b58c20fd255f077929f04
MATCHED
59
791
build project
running GRADLE
completed: 634 skipped: 14 failures: 0 errors: 0
completed: 634 skipped: 14 failures: 0 errors: 0
eb741e4904382202804ff972d9bda146a0e8b20d
MATCHED
60
792
build project
running GRADLE
completed: 634 skipped: 14 failures: 0 errors: 0
completed: 634 skipped: 14 failures: 0 errors: 0
9977d44eb8c25c6af62b3ed30c13c9d64568a81b
MATCHED
61
793
build project
running GRADLE
completed: 634 skipped: 14 failures: 0 errors: 0
completed: 634 skipped: 14 failures: 0 errors: 0
b2e0ddb98edf7e17b9a7c9d9cd23f733a7a9b7a8
MATCHED
62
794
build project
running GRADLE
completed: 634 skipped: 14 failures: 0 errors: 0
completed: 634 skipped: 14 failures: 0 errors: 0
a89810897f16afa3252480f75e4076f685a2185b
MATCHED
63
795
build project
running GRADLE
completed: 634 skipped: 14 failures: 0 errors: 0
completed: 634 skipped: 14 failures: 0 errors: 0
deae4d34bcdbe392c77fb8e4529fcc0d3f51d699
MATCHED
64
796
build project
running GRADLE
completed: 634 skipped: 14 failures: 0 errors: 0
completed: 634 skipped: 14 failures: 0 errors: 0
5ceeb49e1e0f18c977082a8f95d4b6a3c06fcc52
MATCHED
65
797
build project
running GRADLE
completed: 634 skipped: 14 failures: 0 errors: 0
completed: 634 skipped: 14 failures: 0 errors: 0
c050946e35ff534d3e51eba980235028daec0fca
MATCHED
66
798
build project
running GRADLE
completed: 634 skipped: 14 failures: 0 errors: 0
completed: 634 skipped: 14 failures: 1 errors: 0
799
build project
running GRADLE
completed: 634 skipped: 14 failures: 1 errors: 0
completed: 634 skipped: 14 failures: 0 errors: 0
800
build project
running GRADLE
completed: 634 skipped: 14 failures: 0 errors: 0
completed: 634 skipped: 14 failures: 1 errors: 0
801
build project
running GRADLE
completed: 634 skipped: 14 failures: 1 errors: 0
completed: 634 skipped: 14 failures: 0 errors: 0
802
build project
running GRADLE
completed: 634 skipped: 14 failures: 0 errors: 0
completed: 634 skipped: 14 failures: 0 errors: 0
4a7d9ecd40dc1f0de90137750eeaa5e578f7458c
MATCHED
71
803
build project
running GRADLE
completed: 634 skipped: 14 failures: 0 errors: 0
completed: 634 skipped: 14 failures: 0 errors: 0
716bc13d7f3d9bf2225cc922e8f6713b61f9c06b
MATCHED
72
804
build project
running GRADLE
completed: 634 skipped: 14 failures: 0 errors: 0
completed: 634 skipped: 14 failures: 0 errors: 0
6ec89dd31f8b89ebcfb93312a92f3561b4c5f1a9
MATCHED
73
805
build project
running GRADLE
completed: 634 skipped: 14 failures: 0 errors: 0
completed: 634 skipped: 14 failures: 0 errors: 0
d08d1bf597bf91d646c2ebce788b5018f955b6ee
MATCHED
74
806
build project
running GRADLE
completed: 634 skipped: 14 failures: 0 errors: 0
completed: 634 skipped: 14 failures: 0 errors: 0
a799526bd4e9e879d77e7642246806c70d32b464
MATCHED
75
807
build project
running GRADLE
completed: 634 skipped: 14 failures: 0 errors: 0
completed: 634 skipped: 14 failures: 0 errors: 0
f082380786596257644948662549d08906e035ab
MATCHED
76
808
build project
running GRADLE
completed: 634 skipped: 14 failures: 0 errors: 0
completed: 634 skipped: 14 failures: 0 errors: 0
7a327abdd1551bb13c6e31b2dd1deb6898db6a87
MATCHED
77
809
build project
running GRADLE
completed: 634 skipped: 14 failures: 0 errors: 0
completed: 634 skipped: 14 failures: 1 errors: 0
810
build project
running GRADLE
completed: 634 skipped: 14 failures: 1 errors: 0
completed: 634 skipped: 14 failures: 0 errors: 0
811
build project
running GRADLE
completed: 634 skipped: 14 failures: 0 errors: 0
completed: 634 skipped: 14 failures: 0 errors: 0
6964bec24590016d85ee69c70413a3c76ef3efa8
MATCHED
80
812
build project
running GRADLE
completed: 634 skipped: 14 failures: 0 errors: 0
completed: 634 skipped: 14 failures: 1 errors: 0
813
build project
running GRADLE
completed: 634 skipped: 14 failures: 1 errors: 0
completed: 634 skipped: 14 failures: 0 errors: 0
814
build project
running GRADLE
completed: 634 skipped: 14 failures: 0 errors: 0
completed: 634 skipped: 14 failures: 1 errors: 0
815
build project
running GRADLE
completed: 634 skipped: 14 failures: 1 errors: 0
completed: 634 skipped: 14 failures: 1 errors: 0
816
build project
running GRADLE
completed: 634 skipped: 14 failures: 1 errors: 0
completed: 634 skipped: 14 failures: 0 errors: 0
817
build project
running GRADLE
completed: 634 skipped: 14 failures: 0 errors: 0
completed: 634 skipped: 14 failures: 1 errors: 0
818
build project
running GRADLE
completed: 634 skipped: 14 failures: 1 errors: 0
completed: 634 skipped: 14 failures: 0 errors: 0
819
build project
running GRADLE
completed: 634 skipped: 14 failures: 0 errors: 0
completed: 634 skipped: 14 failures: 0 errors: 0
b577dbf8454ed46e8b23a476a9355a34618a8e25
MATCHED
88
820
build project
running GRADLE
completed: 634 skipped: 14 failures: 0 errors: 0
completed: 634 skipped: 14 failures: 0 errors: 0
bba0879084925baed3974fbbcf31cb9adc58058a
MATCHED
89
821
build project
running GRADLE
completed: 634 skipped: 14 failures: 0 errors: 0
completed: 634 skipped: 14 failures: 0 errors: 0
20eec39bd86c47276ab322edb81c083d14c67858
MATCHED
90
822
build project
running GRADLE
completed: 634 skipped: 14 failures: 0 errors: 0
completed: 634 skipped: 14 failures: 1 errors: 0
823
build project
running GRADLE
completed: 634 skipped: 14 failures: 1 errors: 0
completed: 634 skipped: 14 failures: 0 errors: 0
824
build project
running GRADLE
completed: 634 skipped: 14 failures: 0 errors: 0
completed: 634 skipped: 14 failures: 0 errors: 0
57e949fcef68a69b4a7c6bd3b1e187fef9a2285e
MATCHED
93
825
build project
running GRADLE
completed: 634 skipped: 14 failures: 0 errors: 0
completed: 634 skipped: 14 failures: 0 errors: 0
a0e648ae0fe71f47cde15f243d285c40b81c088e
MATCHED
94
826
build project
running GRADLE
completed: 634 skipped: 14 failures: 0 errors: 0
completed: 634 skipped: 14 failures: 0 errors: 0
9c828981cf19cea7e82b4a542d4c2d39ac754d13
MATCHED
95
827
build project
running GRADLE
completed: 634 skipped: 14 failures: 0 errors: 0
completed: 634 skipped: 14 failures: 0 errors: 0
d71e7a1fb156e8326cb4e38e4cabe26308fc5695
MATCHED
96
828
build project
running GRADLE
completed: 634 skipped: 14 failures: 0 errors: 0
completed: 634 skipped: 14 failures: 0 errors: 0
06af5f5cecfd55b544ff9c8f82686fb5b0622afc
MATCHED
97
829
build project
running GRADLE
completed: 634 skipped: 14 failures: 0 errors: 0
completed: 634 skipped: 14 failures: 0 errors: 0
0b85879d51c5036d5e46e627a6651afefc0b971a
MATCHED
98
830
build project
running GRADLE
completed: 634 skipped: 14 failures: 0 errors: 0
completed: 634 skipped: 14 failures: 0 errors: 0
fc46bc7d4a020a05d028124377e10bc27d661ba3
MATCHED
99
831
build project
running GRADLE
completed: 634 skipped: 14 failures: 0 errors: 0
completed: 634 skipped: 14 failures: 1 errors: 0
832
build project
running GRADLE
completed: 634 skipped: 14 failures: 1 errors: 0
completed: 634 skipped: 14 failures: 1 errors: 0
833
build project
running GRADLE
completed: 634 skipped: 14 failures: 1 errors: 0
completed: 634 skipped: 14 failures: 1 errors: 0
834
build project
running GRADLE
completed: 634 skipped: 14 failures: 1 errors: 0
completed: 634 skipped: 14 failures: 0 errors: 0
835
build project
running GRADLE
completed: 634 skipped: 14 failures: 0 errors: 0
completed: 634 skipped: 14 failures: 0 errors: 0
e233f96009baa05c473d5ea4753695b6a9a63d5f
MATCHED
104
836
build project
running GRADLE
completed: 634 skipped: 14 failures: 0 errors: 0
completed: 634 skipped: 14 failures: 0 errors: 0
e591689413fb0e2758900e40c632335c44edc0b9
MATCHED
105
837
build project
running GRADLE
completed: 634 skipped: 14 failures: 0 errors: 0
completed: 634 skipped: 14 failures: 0 errors: 0
7edb367370e0a75c8606b3290c4e09b9ea4bb879
MATCHED
106
838
build project
running GRADLE
completed: 634 skipped: 14 failures: 0 errors: 0
completed: 634 skipped: 14 failures: 1 errors: 0
839
build project
running GRADLE
completed: 634 skipped: 14 failures: 1 errors: 0
completed: 634 skipped: 14 failures: 1 errors: 0
28de385fea88def78bfab4b59d5d7bf10b9ec83e
MATCHED
108
840
build project
running GRADLE
completed: 634 skipped: 14 failures: 1 errors: 0
completed: 634 skipped: 14 failures: 0 errors: 0
841
build project
running GRADLE
completed: 634 skipped: 14 failures: 0 errors: 0
completed: 634 skipped: 14 failures: 0 errors: 0
7321b1726f1e547948bd9c3288da0435117994fc
MATCHED
110
842
build project
running GRADLE
completed: 634 skipped: 14 failures: 0 errors: 0
completed: 634 skipped: 14 failures: 0 errors: 0
539ae066eb23437b1fa5cc5a0556a6cc55caaf1a
MATCHED
111
843
build project
running GRADLE
completed: 634 skipped: 14 failures: 0 errors: 0
completed: 634 skipped: 14 failures: 0 errors: 0
d620551dc061484aee11b1340e1a7f50751f16fb
MATCHED
112
844
build project
running GRADLE
completed: 634 skipped: 14 failures: 0 errors: 0
completed: 634 skipped: 14 failures: 0 errors: 0
8aed9edc9fd12c744c2ab3083c84dc1d591a9e6b
MATCHED
113
845
build project
running GRADLE
completed: 634 skipped: 14 failures: 0 errors: 0
completed: 634 skipped: 14 failures: 0 errors: 0
d36d4d5dba88955f888285c17801f398fb03fbcd
MATCHED
114
846
build project
running GRADLE
completed: 634 skipped: 14 failures: 0 errors: 0
completed: 634 skipped: 14 failures: 0 errors: 0
d47e28b6060104cf253917f78066abea4d3de166
MATCHED
115
847
build project
running GRADLE
completed: 634 skipped: 14 failures: 0 errors: 0
completed: 634 skipped: 14 failures: 0 errors: 0
3294598198e2ddf67bbc2b61148349a675bcd756
MATCHED
116
848
build project
running GRADLE
completed: 634 skipped: 14 failures: 0 errors: 0
completed: 634 skipped: 14 failures: 1 errors: 0
849
build project
running GRADLE
completed: 634 skipped: 14 failures: 1 errors: 0
completed: 634 skipped: 14 failures: 0 errors: 0
850
build project
running GRADLE
completed: 634 skipped: 14 failures: 0 errors: 0
completed: 634 skipped: 14 failures: 0 errors: 0
109519223f84974b6358d4030ddd26ac5c779c6f
MATCHED
119
851
build project
running GRADLE
completed: 634 skipped: 14 failures: 0 errors: 0
completed: 634 skipped: 14 failures: 1 errors: 0
852
build project
running GRADLE
completed: 634 skipped: 14 failures: 1 errors: 0
completed: 634 skipped: 14 failures: 0 errors: 0
853
build project
running GRADLE
completed: 634 skipped: 14 failures: 0 errors: 0
completed: 634 skipped: 14 failures: 0 errors: 0
470c0c0b9be90b009f7a5ec3f8c7086246c395db
MATCHED
122
854
build project
running GRADLE
completed: 634 skipped: 14 failures: 0 errors: 0
completed: 634 skipped: 14 failures: 1 errors: 0
855
build project
running GRADLE
completed: 634 skipped: 14 failures: 1 errors: 0
completed: 634 skipped: 14 failures: 0 errors: 0
856
build project
running GRADLE
completed: 634 skipped: 14 failures: 0 errors: 0
completed: 634 skipped: 14 failures: 0 errors: 0
737795f7a7806c9f8e67f45f262e6f1f3b71de27
MATCHED
125
857
build project
running GRADLE
completed: 634 skipped: 14 failures: 0 errors: 0
completed: 634 skipped: 14 failures: 0 errors: 0
6598a958b4fadb524f418fe772f6152a4b947f3c
MATCHED
126
858
build project
running GRADLE
completed: 634 skipped: 14 failures: 0 errors: 0
completed: 634 skipped: 14 failures: 0 errors: 0
f8bface310188475bb757d226df508212b3dd115
MATCHED
127
859
build project
running GRADLE
completed: 634 skipped: 14 failures: 0 errors: 0
completed: 634 skipped: 14 failures: 0 errors: 0
a2a060ada45653100bfad3412c3815434b076706
MATCHED
128
860
build project
running GRADLE
completed: 634 skipped: 14 failures: 0 errors: 0
completed: 634 skipped: 14 failures: 0 errors: 0
8a8a9851f84f956286493c4f510c04115c3da2c3
MATCHED
129
861
build project
running GRADLE
completed: 634 skipped: 14 failures: 0 errors: 0
completed: 634 skipped: 14 failures: 0 errors: 0
4e2d6b2535cac44b9525aff074e33782ff881827
MATCHED
130
862
build project
running GRADLE
completed: 634 skipped: 14 failures: 0 errors: 0
completed: 634 skipped: 14 failures: 0 errors: 0
1abcd9f726e1639ad20a2c65912109663389e452
MATCHED
131
863
build project
running GRADLE
completed: 634 skipped: 14 failures: 0 errors: 0
completed: 634 skipped: 14 failures: 1 errors: 0
864
build project
running GRADLE
completed: 634 skipped: 14 failures: 1 errors: 0
completed: 634 skipped: 14 failures: 0 errors: 0
865
build project
running GRADLE
completed: 634 skipped: 14 failures: 0 errors: 0
completed: 634 skipped: 14 failures: 0 errors: 0
ec0664aa49280c5aef2595b68e4d37f4b49358eb
MATCHED
134
866
build project
running GRADLE
completed: 634 skipped: 14 failures: 0 errors: 0
completed: 634 skipped: 14 failures: 0 errors: 0
4955a32f1c5d0864cfdc35f81d5be79edacc896a
MATCHED
135
867
build project
running GRADLE
completed: 634 skipped: 14 failures: 0 errors: 0
completed: 634 skipped: 14 failures: 0 errors: 0
ca15f2d7f2118a9577206c506f56523841e225d2
MATCHED
136
868
build project
running GRADLE
completed: 634 skipped: 14 failures: 0 errors: 0
completed: 634 skipped: 14 failures: 0 errors: 0
f44de7ae997e9ea594d245da2bd7f3316dd32de4
MATCHED
137
869
build project
running GRADLE
completed: 634 skipped: 14 failures: 0 errors: 0
completed: 634 skipped: 14 failures: 0 errors: 0
4d0e19c9c38f604bc37ffc0feeacba54854f67bd
MATCHED
138
870
build project
running GRADLE
completed: 634 skipped: 14 failures: 0 errors: 0
completed: 634 skipped: 14 failures: 0 errors: 0
68227995485a4e926dcfc2f43e90ebb0d6a68f49
MATCHED
139
871
build project
running GRADLE
completed: 634 skipped: 14 failures: 0 errors: 0
completed: 634 skipped: 14 failures: 1 errors: 0
872
build project
running GRADLE
completed: 634 skipped: 14 failures: 1 errors: 0
completed: 634 skipped: 14 failures: 1 errors: 0
873
build project
running GRADLE
completed: 634 skipped: 14 failures: 1 errors: 0
completed: 634 skipped: 14 failures: 0 errors: 0
874
build project
running GRADLE
completed: 634 skipped: 14 failures: 0 errors: 0
completed: 634 skipped: 14 failures: 0 errors: 0
18bb321faa6a12939ba6add82d6729fd6f74a561
MATCHED
143
875
build project
running GRADLE
<=========----> 75% EXECUTING [130h 56m 41s]
> :app:run

  [Restored 17 Feb 2021, 3:55:18 pm]
Last login: Wed Feb 17 15:55:16 on ttys000
Siwats-Macbook:analyser Siwat$ fg
-bash: fg: current: no such job
Siwats-Macbook:analyser Siwat$ killall -CONT bash
No matching processes belonging to you were found
Siwats-Macbook:analyser Siwat$ suspend
-bash: suspend: cannot suspend a login shell
Siwats-Macbook:analyser Siwat$ 

